2015-08-04 18:42:39,886 [qtp491273700-18] INFO  c.h.c.w.i.u.a.v.u.c.AbstractUserView - property:totalPartyAssignments
2015-08-04 18:42:39,886 [qtp491273700-18] INFO  c.h.c.w.i.u.a.v.u.c.AbstractUserView - property:totalSpeakerAssignments
2015-08-04 18:42:42,022 [qtp491273700-278] ERROR c.v.s.DefaultErrorHandler - 
java.lang.NullPointerException: null
	at org.dussan.vaadin.dcharts.base.elements.XYaxis.getValue(XYaxis.java:463) ~[dcharts-widget-1.7.0.jar:1.7.0]
	at org.dussan.vaadin.dcharts.options.Axes.getValue(Axes.java:58) ~[dcharts-widget-1.7.0.jar:1.7.0]
	at org.dussan.vaadin.dcharts.options.Options.getValue(Options.java:407) ~[dcharts-widget-1.7.0.jar:1.7.0]
	at org.dussan.vaadin.dcharts.base.BaseElement.isEmpty(BaseElement.java:84) ~[dcharts-widget-1.7.0.jar:1.7.0]
	at org.dussan.vaadin.dcharts.DCharts.setOptions(DCharts.java:591) ~[dcharts-widget-1.7.0.jar:1.7.0]
	at com.hack23.cia.web.impl.ui.application.views.common.chartfactory.ChartDataManagerImpl.createPartyWinnerChart(ChartDataManagerImpl.java:674) ~[classes/:na]
	at sun.reflect.NativeMethodAccessorImpl.invoke0(Native Method) ~[na:1.8.0_51]
	at sun.reflect.NativeMethodAccessorImpl.invoke(NativeMethodAccessorImpl.java:62) ~[na:1.8.0_51]
	at sun.reflect.DelegatingMethodAccessorImpl.invoke(DelegatingMethodAccessorImpl.java:43) ~[na:1.8.0_51]
	at java.lang.reflect.Method.invoke(Method.java:497) ~[na:1.8.0_51]
	at org.springframework.aop.support.AopUtils.invokeJoinpointUsingReflection(AopUtils.java:302) ~[spring-aop-4.2.0.RELEASE.jar:4.2.0.RELEASE]
	at org.springframework.aop.framework.ReflectiveMethodInvocation.invokeJoinpoint(ReflectiveMethodInvocation.java:190) ~[spring-aop-4.2.0.RELEASE.jar:4.2.0.RELEASE]
	at org.springframework.aop.framework.ReflectiveMethodInvocation.proceed(ReflectiveMethodInvocation.java:157) ~[spring-aop-4.2.0.RELEASE.jar:4.2.0.RELEASE]
	at org.springframework.transaction.interceptor.TransactionInterceptor$1.proceedWithInvocation(TransactionInterceptor.java:99) ~[spring-tx-4.2.0.RELEASE.jar:4.2.0.RELEASE]
	at org.springframework.transaction.interceptor.TransactionAspectSupport.invokeWithinTransaction(TransactionAspectSupport.java:281) ~[spring-tx-4.2.0.RELEASE.jar:4.2.0.RELEASE]
	at org.springframework.transaction.interceptor.TransactionInterceptor.invoke(TransactionInterceptor.java:96) ~[spring-tx-4.2.0.RELEASE.jar:4.2.0.RELEASE]
	at org.springframework.aop.framework.ReflectiveMethodInvocation.proceed(ReflectiveMethodInvocation.java:179) ~[spring-aop-4.2.0.RELEASE.jar:4.2.0.RELEASE]
	at org.springframework.aop.framework.JdkDynamicAopProxy.invoke(JdkDynamicAopProxy.java:207) ~[spring-aop-4.2.0.RELEASE.jar:4.2.0.RELEASE]
	at com.sun.proxy.$Proxy106.createPartyWinnerChart(Unknown Source) ~[na:na]
	at com.hack23.cia.web.impl.ui.application.views.user.test.TestChartView.enter(TestChartView.java:148) ~[classes/:na]
	at com.vaadin.navigator.Navigator.navigateTo(Navigator.java:578) ~[vaadin-server-7.5.2.jar:7.5.2]
	at com.vaadin.navigator.Navigator.navigateTo(Navigator.java:527) ~[vaadin-server-7.5.2.jar:7.5.2]
	at ru.xpoft.vaadin.DiscoveryNavigator.navigateTo(DiscoveryNavigator.java:198) ~[spring-vaadin-integration-3.1.jar:3.1]
	at com.vaadin.navigator.Navigator$UriFragmentManager.uriFragmentChanged(Navigator.java:141) ~[vaadin-server-7.5.2.jar:7.5.2]
	at sun.reflect.GeneratedMethodAccessor451.invoke(Unknown Source) ~[na:na]
	at sun.reflect.DelegatingMethodAccessorImpl.invoke(DelegatingMethodAccessorImpl.java:43) ~[na:1.8.0_51]
	at java.lang.reflect.Method.invoke(Method.java:497) ~[na:1.8.0_51]
	at com.vaadin.event.ListenerMethod.receiveEvent(ListenerMethod.java:508) ~[vaadin-server-7.5.2.jar:7.5.2]
	at com.vaadin.event.EventRouter.fireEvent(EventRouter.java:198) ~[vaadin-server-7.5.2.jar:7.5.2]
	at com.vaadin.event.EventRouter.fireEvent(EventRouter.java:161) ~[vaadin-server-7.5.2.jar:7.5.2]
	at com.vaadin.server.Page.fireEvent(Page.java:603) ~[vaadin-server-7.5.2.jar:7.5.2]
	at com.vaadin.server.Page.updateLocation(Page.java:985) ~[vaadin-server-7.5.2.jar:7.5.2]
	at com.vaadin.ui.UI.changeVariables(UI.java:396) ~[vaadin-server-7.5.2.jar:7.5.2]
	at com.vaadin.server.communication.ServerRpcHandler.changeVariables(ServerRpcHandler.java:508) [vaadin-server-7.5.2.jar:7.5.2]
	at com.vaadin.server.communication.ServerRpcHandler.handleInvocations(ServerRpcHandler.java:327) [vaadin-server-7.5.2.jar:7.5.2]
	at com.vaadin.server.communication.ServerRpcHandler.handleRpc(ServerRpcHandler.java:202) [vaadin-server-7.5.2.jar:7.5.2]
	at com.vaadin.server.communication.UidlRequestHandler.synchronizedHandleRequest(UidlRequestHandler.java:95) [vaadin-server-7.5.2.jar:7.5.2]
	at com.vaadin.server.SynchronizedRequestHandler.handleRequest(SynchronizedRequestHandler.java:41) [vaadin-server-7.5.2.jar:7.5.2]
	at com.vaadin.server.VaadinService.handleRequest(VaadinService.java:1408) [vaadin-server-7.5.2.jar:7.5.2]
	at com.vaadin.server.VaadinServlet.service(VaadinServlet.java:350) [vaadin-server-7.5.2.jar:7.5.2]
	at javax.servlet.http.HttpServlet.service(HttpServlet.java:790) [javax.servlet-api-3.1.0.jar:3.1.0]
	at org.eclipse.jetty.servlet.ServletHolder.handle(ServletHolder.java:816) [jetty-servlet-9.3.2.v20150730.jar:9.3.2.v20150730]
	at org.eclipse.jetty.servlet.ServletHandler$CachedChain.doFilter(ServletHandler.java:1684) [jetty-servlet-9.3.2.v20150730.jar:9.3.2.v20150730]
	at net.bull.javamelody.MonitoringFilter.doFilter(MonitoringFilter.java:198) [javamelody-core-1.56.0.jar:1.56.0]
	at net.bull.javamelody.MonitoringFilter.doFilter(MonitoringFilter.java:176) [javamelody-core-1.56.0.jar:1.56.0]
	at org.eclipse.jetty.servlet.ServletHandler$CachedChain.doFilter(ServletHandler.java:1667) [jetty-servlet-9.3.2.v20150730.jar:9.3.2.v20150730]
	at org.eclipse.jetty.servlet.ServletHandler.doHandle(ServletHandler.java:581) [jetty-servlet-9.3.2.v20150730.jar:9.3.2.v20150730]
	at org.eclipse.jetty.server.handler.ScopedHandler.handle(ScopedHandler.java:143) [jetty-server-9.3.2.v20150730.jar:9.3.2.v20150730]
	at org.eclipse.jetty.security.SecurityHandler.handle(SecurityHandler.java:548) [jetty-security-9.3.2.v20150730.jar:9.3.2.v20150730]
	at org.eclipse.jetty.server.session.SessionHandler.doHandle(SessionHandler.java:226) [jetty-server-9.3.2.v20150730.jar:9.3.2.v20150730]
	at org.eclipse.jetty.server.handler.ContextHandler.doHandle(ContextHandler.java:1114) [jetty-server-9.3.2.v20150730.jar:9.3.2.v20150730]
	at org.eclipse.jetty.servlet.ServletHandler.doScope(ServletHandler.java:511) [jetty-servlet-9.3.2.v20150730.jar:9.3.2.v20150730]
	at org.eclipse.jetty.server.session.SessionHandler.doScope(SessionHandler.java:185) [jetty-server-9.3.2.v20150730.jar:9.3.2.v20150730]
	at org.eclipse.jetty.server.handler.ContextHandler.doScope(ContextHandler.java:1048) [jetty-server-9.3.2.v20150730.jar:9.3.2.v20150730]
	at org.eclipse.jetty.server.handler.ScopedHandler.handle(ScopedHandler.java:141) [jetty-server-9.3.2.v20150730.jar:9.3.2.v20150730]
	at org.eclipse.jetty.server.handler.HandlerList.handle(HandlerList.java:52) [jetty-server-9.3.2.v20150730.jar:9.3.2.v20150730]
	at org.eclipse.jetty.server.handler.HandlerWrapper.handle(HandlerWrapper.java:119) [jetty-server-9.3.2.v20150730.jar:9.3.2.v20150730]
	at org.eclipse.jetty.server.Server.handle(Server.java:517) [jetty-server-9.3.2.v20150730.jar:9.3.2.v20150730]
	at org.eclipse.jetty.server.HttpChannel.handle(HttpChannel.java:302) [jetty-server-9.3.2.v20150730.jar:9.3.2.v20150730]
	at org.eclipse.jetty.server.HttpConnection.onFillable(HttpConnection.java:242) [jetty-server-9.3.2.v20150730.jar:9.3.2.v20150730]
	at org.eclipse.jetty.io.AbstractConnection$ReadCallback.succeeded(AbstractConnection.java:245) [jetty-io-9.3.2.v20150730.jar:9.3.2.v20150730]
	at org.eclipse.jetty.io.FillInterest.fillable(FillInterest.java:95) [jetty-io-9.3.2.v20150730.jar:9.3.2.v20150730]
	at org.eclipse.jetty.io.SelectChannelEndPoint$2.run(SelectChannelEndPoint.java:75) [jetty-io-9.3.2.v20150730.jar:9.3.2.v20150730]
	at org.eclipse.jetty.util.thread.strategy.ExecuteProduceConsume.produceAndRun(ExecuteProduceConsume.java:213) [jetty-util-9.3.2.v20150730.jar:9.3.2.v20150730]
	at org.eclipse.jetty.util.thread.strategy.ExecuteProduceConsume.run(ExecuteProduceConsume.java:147) [jetty-util-9.3.2.v20150730.jar:9.3.2.v20150730]
	at org.eclipse.jetty.util.thread.QueuedThreadPool.runJob(QueuedThreadPool.java:654) [jetty-util-9.3.2.v20150730.jar:9.3.2.v20150730]
	at org.eclipse.jetty.util.thread.QueuedThreadPool$3.run(QueuedThreadPool.java:572) [jetty-util-9.3.2.v20150730.jar:9.3.2.v20150730]
	at java.lang.Thread.run(Thread.java:745) [na:1.8.0_51]
2015-08-04 18:42:48,563 [qtp491273700-282] ERROR c.v.s.DefaultErrorHandler - 
java.lang.NullPointerException: null
	at org.dussan.vaadin.dcharts.base.elements.XYaxis.getValue(XYaxis.java:463) ~[dcharts-widget-1.7.0.jar:1.7.0]
	at org.dussan.vaadin.dcharts.options.Axes.getValue(Axes.java:58) ~[dcharts-widget-1.7.0.jar:1.7.0]
	at org.dussan.vaadin.dcharts.options.Options.getValue(Options.java:407) ~[dcharts-widget-1.7.0.jar:1.7.0]
	at org.dussan.vaadin.dcharts.base.BaseElement.isEmpty(BaseElement.java:84) ~[dcharts-widget-1.7.0.jar:1.7.0]
	at org.dussan.vaadin.dcharts.DCharts.setOptions(DCharts.java:591) ~[dcharts-widget-1.7.0.jar:1.7.0]
	at com.hack23.cia.web.impl.ui.application.views.common.chartfactory.ChartDataManagerImpl.createPartyWinnerChart(ChartDataManagerImpl.java:674) ~[classes/:na]
	at sun.reflect.NativeMethodAccessorImpl.invoke0(Native Method) ~[na:1.8.0_51]
	at sun.reflect.NativeMethodAccessorImpl.invoke(NativeMethodAccessorImpl.java:62) ~[na:1.8.0_51]
	at sun.reflect.DelegatingMethodAccessorImpl.invoke(DelegatingMethodAccessorImpl.java:43) ~[na:1.8.0_51]
	at java.lang.reflect.Method.invoke(Method.java:497) ~[na:1.8.0_51]
	at org.springframework.aop.support.AopUtils.invokeJoinpointUsingReflection(AopUtils.java:302) ~[spring-aop-4.2.0.RELEASE.jar:4.2.0.RELEASE]
	at org.springframework.aop.framework.ReflectiveMethodInvocation.invokeJoinpoint(ReflectiveMethodInvocation.java:190) ~[spring-aop-4.2.0.RELEASE.jar:4.2.0.RELEASE]
	at org.springframework.aop.framework.ReflectiveMethodInvocation.proceed(ReflectiveMethodInvocation.java:157) ~[spring-aop-4.2.0.RELEASE.jar:4.2.0.RELEASE]
	at org.springframework.transaction.interceptor.TransactionInterceptor$1.proceedWithInvocation(TransactionInterceptor.java:99) ~[spring-tx-4.2.0.RELEASE.jar:4.2.0.RELEASE]
	at org.springframework.transaction.interceptor.TransactionAspectSupport.invokeWithinTransaction(TransactionAspectSupport.java:281) ~[spring-tx-4.2.0.RELEASE.jar:4.2.0.RELEASE]
	at org.springframework.transaction.interceptor.TransactionInterceptor.invoke(TransactionInterceptor.java:96) ~[spring-tx-4.2.0.RELEASE.jar:4.2.0.RELEASE]
	at org.springframework.aop.framework.ReflectiveMethodInvocation.proceed(ReflectiveMethodInvocation.java:179) ~[spring-aop-4.2.0.RELEASE.jar:4.2.0.RELEASE]
	at org.springframework.aop.framework.JdkDynamicAopProxy.invoke(JdkDynamicAopProxy.java:207) ~[spring-aop-4.2.0.RELEASE.jar:4.2.0.RELEASE]
	at com.sun.proxy.$Proxy106.createPartyWinnerChart(Unknown Source) ~[na:na]
	at com.hack23.cia.web.impl.ui.application.views.user.test.TestChartView.enter(TestChartView.java:148) ~[classes/:na]
	at com.vaadin.navigator.Navigator.navigateTo(Navigator.java:578) ~[vaadin-server-7.5.2.jar:7.5.2]
	at com.vaadin.navigator.Navigator.navigateTo(Navigator.java:527) ~[vaadin-server-7.5.2.jar:7.5.2]
	at ru.xpoft.vaadin.DiscoveryNavigator.navigateTo(DiscoveryNavigator.java:198) ~[spring-vaadin-integration-3.1.jar:3.1]
	at com.vaadin.navigator.Navigator$UriFragmentManager.uriFragmentChanged(Navigator.java:141) ~[vaadin-server-7.5.2.jar:7.5.2]
	at sun.reflect.GeneratedMethodAccessor451.invoke(Unknown Source) ~[na:na]
	at sun.reflect.DelegatingMethodAccessorImpl.invoke(DelegatingMethodAccessorImpl.java:43) ~[na:1.8.0_51]
	at java.lang.reflect.Method.invoke(Method.java:497) ~[na:1.8.0_51]
	at com.vaadin.event.ListenerMethod.receiveEvent(ListenerMethod.java:508) ~[vaadin-server-7.5.2.jar:7.5.2]
	at com.vaadin.event.EventRouter.fireEvent(EventRouter.java:198) ~[vaadin-server-7.5.2.jar:7.5.2]
	at com.vaadin.event.EventRouter.fireEvent(EventRouter.java:161) ~[vaadin-server-7.5.2.jar:7.5.2]
	at com.vaadin.server.Page.fireEvent(Page.java:603) ~[vaadin-server-7.5.2.jar:7.5.2]
	at com.vaadin.server.Page.updateLocation(Page.java:985) ~[vaadin-server-7.5.2.jar:7.5.2]
	at com.vaadin.ui.UI.changeVariables(UI.java:396) ~[vaadin-server-7.5.2.jar:7.5.2]
	at com.vaadin.server.communication.ServerRpcHandler.changeVariables(ServerRpcHandler.java:508) [vaadin-server-7.5.2.jar:7.5.2]
	at com.vaadin.server.communication.ServerRpcHandler.handleInvocations(ServerRpcHandler.java:327) [vaadin-server-7.5.2.jar:7.5.2]
	at com.vaadin.server.communication.ServerRpcHandler.handleRpc(ServerRpcHandler.java:202) [vaadin-server-7.5.2.jar:7.5.2]
	at com.vaadin.server.communication.UidlRequestHandler.synchronizedHandleRequest(UidlRequestHandler.java:95) [vaadin-server-7.5.2.jar:7.5.2]
	at com.vaadin.server.SynchronizedRequestHandler.handleRequest(SynchronizedRequestHandler.java:41) [vaadin-server-7.5.2.jar:7.5.2]
	at com.vaadin.server.VaadinService.handleRequest(VaadinService.java:1408) [vaadin-server-7.5.2.jar:7.5.2]
	at com.vaadin.server.VaadinServlet.service(VaadinServlet.java:350) [vaadin-server-7.5.2.jar:7.5.2]
	at javax.servlet.http.HttpServlet.service(HttpServlet.java:790) [javax.servlet-api-3.1.0.jar:3.1.0]
	at org.eclipse.jetty.servlet.ServletHolder.handle(ServletHolder.java:816) [jetty-servlet-9.3.2.v20150730.jar:9.3.2.v20150730]
	at org.eclipse.jetty.servlet.ServletHandler$CachedChain.doFilter(ServletHandler.java:1684) [jetty-servlet-9.3.2.v20150730.jar:9.3.2.v20150730]
	at net.bull.javamelody.MonitoringFilter.doFilter(MonitoringFilter.java:198) [javamelody-core-1.56.0.jar:1.56.0]
	at net.bull.javamelody.MonitoringFilter.doFilter(MonitoringFilter.java:176) [javamelody-core-1.56.0.jar:1.56.0]
	at org.eclipse.jetty.servlet.ServletHandler$CachedChain.doFilter(ServletHandler.java:1667) [jetty-servlet-9.3.2.v20150730.jar:9.3.2.v20150730]
	at org.eclipse.jetty.servlet.ServletHandler.doHandle(ServletHandler.java:581) [jetty-servlet-9.3.2.v20150730.jar:9.3.2.v20150730]
	at org.eclipse.jetty.server.handler.ScopedHandler.handle(ScopedHandler.java:143) [jetty-server-9.3.2.v20150730.jar:9.3.2.v20150730]
	at org.eclipse.jetty.security.SecurityHandler.handle(SecurityHandler.java:548) [jetty-security-9.3.2.v20150730.jar:9.3.2.v20150730]
	at org.eclipse.jetty.server.session.SessionHandler.doHandle(SessionHandler.java:226) [jetty-server-9.3.2.v20150730.jar:9.3.2.v20150730]
	at org.eclipse.jetty.server.handler.ContextHandler.doHandle(ContextHandler.java:1114) [jetty-server-9.3.2.v20150730.jar:9.3.2.v20150730]
	at org.eclipse.jetty.servlet.ServletHandler.doScope(ServletHandler.java:511) [jetty-servlet-9.3.2.v20150730.jar:9.3.2.v20150730]
	at org.eclipse.jetty.server.session.SessionHandler.doScope(SessionHandler.java:185) [jetty-server-9.3.2.v20150730.jar:9.3.2.v20150730]
	at org.eclipse.jetty.server.handler.ContextHandler.doScope(ContextHandler.java:1048) [jetty-server-9.3.2.v20150730.jar:9.3.2.v20150730]
	at org.eclipse.jetty.server.handler.ScopedHandler.handle(ScopedHandler.java:141) [jetty-server-9.3.2.v20150730.jar:9.3.2.v20150730]
	at org.eclipse.jetty.server.handler.HandlerList.handle(HandlerList.java:52) [jetty-server-9.3.2.v20150730.jar:9.3.2.v20150730]
	at org.eclipse.jetty.server.handler.HandlerWrapper.handle(HandlerWrapper.java:119) [jetty-server-9.3.2.v20150730.jar:9.3.2.v20150730]
	at org.eclipse.jetty.server.Server.handle(Server.java:517) [jetty-server-9.3.2.v20150730.jar:9.3.2.v20150730]
	at org.eclipse.jetty.server.HttpChannel.handle(HttpChannel.java:302) [jetty-server-9.3.2.v20150730.jar:9.3.2.v20150730]
	at org.eclipse.jetty.server.HttpConnection.onFillable(HttpConnection.java:242) [jetty-server-9.3.2.v20150730.jar:9.3.2.v20150730]
	at org.eclipse.jetty.io.AbstractConnection$ReadCallback.succeeded(AbstractConnection.java:245) [jetty-io-9.3.2.v20150730.jar:9.3.2.v20150730]
	at org.eclipse.jetty.io.FillInterest.fillable(FillInterest.java:95) [jetty-io-9.3.2.v20150730.jar:9.3.2.v20150730]
	at org.eclipse.jetty.io.SelectChannelEndPoint$2.run(SelectChannelEndPoint.java:75) [jetty-io-9.3.2.v20150730.jar:9.3.2.v20150730]
	at org.eclipse.jetty.util.thread.strategy.ExecuteProduceConsume.produceAndRun(ExecuteProduceConsume.java:213) [jetty-util-9.3.2.v20150730.jar:9.3.2.v20150730]
	at org.eclipse.jetty.util.thread.strategy.ExecuteProduceConsume.run(ExecuteProduceConsume.java:147) [jetty-util-9.3.2.v20150730.jar:9.3.2.v20150730]
	at org.eclipse.jetty.util.thread.QueuedThreadPool.runJob(QueuedThreadPool.java:654) [jetty-util-9.3.2.v20150730.jar:9.3.2.v20150730]
	at org.eclipse.jetty.util.thread.QueuedThreadPool$3.run(QueuedThreadPool.java:572) [jetty-util-9.3.2.v20150730.jar:9.3.2.v20150730]
	at java.lang.Thread.run(Thread.java:745) [na:1.8.0_51]
2015-08-04 18:42:56,629 [qtp491273700-279] ERROR c.v.s.DefaultErrorHandler - 
java.lang.NullPointerException: null
	at org.dussan.vaadin.dcharts.base.elements.XYaxis.getValue(XYaxis.java:463) ~[dcharts-widget-1.7.0.jar:1.7.0]
	at org.dussan.vaadin.dcharts.options.Axes.getValue(Axes.java:58) ~[dcharts-widget-1.7.0.jar:1.7.0]
	at org.dussan.vaadin.dcharts.options.Options.getValue(Options.java:407) ~[dcharts-widget-1.7.0.jar:1.7.0]
	at org.dussan.vaadin.dcharts.base.BaseElement.isEmpty(BaseElement.java:84) ~[dcharts-widget-1.7.0.jar:1.7.0]
	at org.dussan.vaadin.dcharts.DCharts.setOptions(DCharts.java:591) ~[dcharts-widget-1.7.0.jar:1.7.0]
	at com.hack23.cia.web.impl.ui.application.views.common.chartfactory.ChartDataManagerImpl.createPartyLineChart(ChartDataManagerImpl.java:988) ~[classes/:na]
	at sun.reflect.NativeMethodAccessorImpl.invoke0(Native Method) ~[na:1.8.0_51]
	at sun.reflect.NativeMethodAccessorImpl.invoke(NativeMethodAccessorImpl.java:62) ~[na:1.8.0_51]
	at sun.reflect.DelegatingMethodAccessorImpl.invoke(DelegatingMethodAccessorImpl.java:43) ~[na:1.8.0_51]
	at java.lang.reflect.Method.invoke(Method.java:497) ~[na:1.8.0_51]
	at org.springframework.aop.support.AopUtils.invokeJoinpointUsingReflection(AopUtils.java:302) ~[spring-aop-4.2.0.RELEASE.jar:4.2.0.RELEASE]
	at org.springframework.aop.framework.ReflectiveMethodInvocation.invokeJoinpoint(ReflectiveMethodInvocation.java:190) ~[spring-aop-4.2.0.RELEASE.jar:4.2.0.RELEASE]
	at org.springframework.aop.framework.ReflectiveMethodInvocation.proceed(ReflectiveMethodInvocation.java:157) ~[spring-aop-4.2.0.RELEASE.jar:4.2.0.RELEASE]
	at org.springframework.transaction.interceptor.TransactionInterceptor$1.proceedWithInvocation(TransactionInterceptor.java:99) ~[spring-tx-4.2.0.RELEASE.jar:4.2.0.RELEASE]
	at org.springframework.transaction.interceptor.TransactionAspectSupport.invokeWithinTransaction(TransactionAspectSupport.java:281) ~[spring-tx-4.2.0.RELEASE.jar:4.2.0.RELEASE]
	at org.springframework.transaction.interceptor.TransactionInterceptor.invoke(TransactionInterceptor.java:96) ~[spring-tx-4.2.0.RELEASE.jar:4.2.0.RELEASE]
	at org.springframework.aop.framework.ReflectiveMethodInvocation.proceed(ReflectiveMethodInvocation.java:179) ~[spring-aop-4.2.0.RELEASE.jar:4.2.0.RELEASE]
	at org.springframework.aop.framework.JdkDynamicAopProxy.invoke(JdkDynamicAopProxy.java:207) ~[spring-aop-4.2.0.RELEASE.jar:4.2.0.RELEASE]
	at com.sun.proxy.$Proxy106.createPartyLineChart(Unknown Source) ~[na:na]
	at com.hack23.cia.web.impl.ui.application.views.user.party.PartyView.enter(PartyView.java:502) ~[classes/:na]
	at com.vaadin.navigator.Navigator.navigateTo(Navigator.java:578) ~[vaadin-server-7.5.2.jar:7.5.2]
	at com.vaadin.navigator.Navigator.navigateTo(Navigator.java:527) ~[vaadin-server-7.5.2.jar:7.5.2]
	at ru.xpoft.vaadin.DiscoveryNavigator.navigateTo(DiscoveryNavigator.java:198) ~[spring-vaadin-integration-3.1.jar:3.1]
	at com.vaadin.navigator.Navigator$UriFragmentManager.uriFragmentChanged(Navigator.java:141) ~[vaadin-server-7.5.2.jar:7.5.2]
	at sun.reflect.GeneratedMethodAccessor451.invoke(Unknown Source) ~[na:na]
	at sun.reflect.DelegatingMethodAccessorImpl.invoke(DelegatingMethodAccessorImpl.java:43) ~[na:1.8.0_51]
	at java.lang.reflect.Method.invoke(Method.java:497) ~[na:1.8.0_51]
	at com.vaadin.event.ListenerMethod.receiveEvent(ListenerMethod.java:508) ~[vaadin-server-7.5.2.jar:7.5.2]
	at com.vaadin.event.EventRouter.fireEvent(EventRouter.java:198) ~[vaadin-server-7.5.2.jar:7.5.2]
	at com.vaadin.event.EventRouter.fireEvent(EventRouter.java:161) ~[vaadin-server-7.5.2.jar:7.5.2]
	at com.vaadin.server.Page.fireEvent(Page.java:603) ~[vaadin-server-7.5.2.jar:7.5.2]
	at com.vaadin.server.Page.updateLocation(Page.java:985) ~[vaadin-server-7.5.2.jar:7.5.2]
	at com.vaadin.ui.UI.changeVariables(UI.java:396) ~[vaadin-server-7.5.2.jar:7.5.2]
	at com.vaadin.server.communication.ServerRpcHandler.changeVariables(ServerRpcHandler.java:508) [vaadin-server-7.5.2.jar:7.5.2]
	at com.vaadin.server.communication.ServerRpcHandler.handleInvocations(ServerRpcHandler.java:327) [vaadin-server-7.5.2.jar:7.5.2]
	at com.vaadin.server.communication.ServerRpcHandler.handleRpc(ServerRpcHandler.java:202) [vaadin-server-7.5.2.jar:7.5.2]
	at com.vaadin.server.communication.UidlRequestHandler.synchronizedHandleRequest(UidlRequestHandler.java:95) [vaadin-server-7.5.2.jar:7.5.2]
	at com.vaadin.server.SynchronizedRequestHandler.handleRequest(SynchronizedRequestHandler.java:41) [vaadin-server-7.5.2.jar:7.5.2]
	at com.vaadin.server.VaadinService.handleRequest(VaadinService.java:1408) [vaadin-server-7.5.2.jar:7.5.2]
	at com.vaadin.server.VaadinServlet.service(VaadinServlet.java:350) [vaadin-server-7.5.2.jar:7.5.2]
	at javax.servlet.http.HttpServlet.service(HttpServlet.java:790) [javax.servlet-api-3.1.0.jar:3.1.0]
	at org.eclipse.jetty.servlet.ServletHolder.handle(ServletHolder.java:816) [jetty-servlet-9.3.2.v20150730.jar:9.3.2.v20150730]
	at org.eclipse.jetty.servlet.ServletHandler$CachedChain.doFilter(ServletHandler.java:1684) [jetty-servlet-9.3.2.v20150730.jar:9.3.2.v20150730]
	at net.bull.javamelody.MonitoringFilter.doFilter(MonitoringFilter.java:198) [javamelody-core-1.56.0.jar:1.56.0]
	at net.bull.javamelody.MonitoringFilter.doFilter(MonitoringFilter.java:176) [javamelody-core-1.56.0.jar:1.56.0]
	at org.eclipse.jetty.servlet.ServletHandler$CachedChain.doFilter(ServletHandler.java:1667) [jetty-servlet-9.3.2.v20150730.jar:9.3.2.v20150730]
	at org.eclipse.jetty.servlet.ServletHandler.doHandle(ServletHandler.java:581) [jetty-servlet-9.3.2.v20150730.jar:9.3.2.v20150730]
	at org.eclipse.jetty.server.handler.ScopedHandler.handle(ScopedHandler.java:143) [jetty-server-9.3.2.v20150730.jar:9.3.2.v20150730]
	at org.eclipse.jetty.security.SecurityHandler.handle(SecurityHandler.java:548) [jetty-security-9.3.2.v20150730.jar:9.3.2.v20150730]
	at org.eclipse.jetty.server.session.SessionHandler.doHandle(SessionHandler.java:226) [jetty-server-9.3.2.v20150730.jar:9.3.2.v20150730]
	at org.eclipse.jetty.server.handler.ContextHandler.doHandle(ContextHandler.java:1114) [jetty-server-9.3.2.v20150730.jar:9.3.2.v20150730]
	at org.eclipse.jetty.servlet.ServletHandler.doScope(ServletHandler.java:511) [jetty-servlet-9.3.2.v20150730.jar:9.3.2.v20150730]
	at org.eclipse.jetty.server.session.SessionHandler.doScope(SessionHandler.java:185) [jetty-server-9.3.2.v20150730.jar:9.3.2.v20150730]
	at org.eclipse.jetty.server.handler.ContextHandler.doScope(ContextHandler.java:1048) [jetty-server-9.3.2.v20150730.jar:9.3.2.v20150730]
	at org.eclipse.jetty.server.handler.ScopedHandler.handle(ScopedHandler.java:141) [jetty-server-9.3.2.v20150730.jar:9.3.2.v20150730]
	at org.eclipse.jetty.server.handler.HandlerList.handle(HandlerList.java:52) [jetty-server-9.3.2.v20150730.jar:9.3.2.v20150730]
	at org.eclipse.jetty.server.handler.HandlerWrapper.handle(HandlerWrapper.java:119) [jetty-server-9.3.2.v20150730.jar:9.3.2.v20150730]
	at org.eclipse.jetty.server.Server.handle(Server.java:517) [jetty-server-9.3.2.v20150730.jar:9.3.2.v20150730]
	at org.eclipse.jetty.server.HttpChannel.handle(HttpChannel.java:302) [jetty-server-9.3.2.v20150730.jar:9.3.2.v20150730]
	at org.eclipse.jetty.server.HttpConnection.onFillable(HttpConnection.java:242) [jetty-server-9.3.2.v20150730.jar:9.3.2.v20150730]
	at org.eclipse.jetty.io.AbstractConnection$ReadCallback.succeeded(AbstractConnection.java:245) [jetty-io-9.3.2.v20150730.jar:9.3.2.v20150730]
	at org.eclipse.jetty.io.FillInterest.fillable(FillInterest.java:95) [jetty-io-9.3.2.v20150730.jar:9.3.2.v20150730]
	at org.eclipse.jetty.io.SelectChannelEndPoint$2.run(SelectChannelEndPoint.java:75) [jetty-io-9.3.2.v20150730.jar:9.3.2.v20150730]
	at org.eclipse.jetty.util.thread.strategy.ExecuteProduceConsume.produceAndRun(ExecuteProduceConsume.java:213) [jetty-util-9.3.2.v20150730.jar:9.3.2.v20150730]
	at org.eclipse.jetty.util.thread.strategy.ExecuteProduceConsume.run(ExecuteProduceConsume.java:147) [jetty-util-9.3.2.v20150730.jar:9.3.2.v20150730]
	at org.eclipse.jetty.util.thread.QueuedThreadPool.runJob(QueuedThreadPool.java:654) [jetty-util-9.3.2.v20150730.jar:9.3.2.v20150730]
	at org.eclipse.jetty.util.thread.QueuedThreadPool$3.run(QueuedThreadPool.java:572) [jetty-util-9.3.2.v20150730.jar:9.3.2.v20150730]
	at java.lang.Thread.run(Thread.java:745) [na:1.8.0_51]
Starting ChromeDriver 2.16.333243 (0bfa1d3575fc1044244f21ddb82bf870944ef961) on port 31740
Only local connections are allowed.
[0.567][SEVERE]: After loading Root Certs, loaded==false: NSS error code: -8018
2015-08-04 18:43:01,104 [qtp491273700-17] INFO  c.h.c.w.i.u.a.CitizenIntelligenceAgencyUI - Browser addreess: 127.0.0.1 , application:Mozilla/5.0 (X11; Linux x86_64) AppleWebKit/537.36 (KHTML, like Gecko) Chrome/44.0.2403.125 Safari/537.36
2015-08-04 18:43:08,789 [qtp491273700-279] ERROR c.v.s.DefaultErrorHandler - 
java.lang.NullPointerException: null
	at org.dussan.vaadin.dcharts.base.elements.XYaxis.getValue(XYaxis.java:463) ~[dcharts-widget-1.7.0.jar:1.7.0]
	at org.dussan.vaadin.dcharts.options.Axes.getValue(Axes.java:58) ~[dcharts-widget-1.7.0.jar:1.7.0]
	at org.dussan.vaadin.dcharts.options.Options.getValue(Options.java:407) ~[dcharts-widget-1.7.0.jar:1.7.0]
	at org.dussan.vaadin.dcharts.base.BaseElement.isEmpty(BaseElement.java:84) ~[dcharts-widget-1.7.0.jar:1.7.0]
	at org.dussan.vaadin.dcharts.DCharts.setOptions(DCharts.java:591) ~[dcharts-widget-1.7.0.jar:1.7.0]
	at com.hack23.cia.web.impl.ui.application.views.common.chartfactory.ChartDataManagerImpl.createDocumentMinistryHistoryChart(ChartDataManagerImpl.java:926) ~[classes/:na]
	at sun.reflect.NativeMethodAccessorImpl.invoke0(Native Method) ~[na:1.8.0_51]
	at sun.reflect.NativeMethodAccessorImpl.invoke(NativeMethodAccessorImpl.java:62) ~[na:1.8.0_51]
	at sun.reflect.DelegatingMethodAccessorImpl.invoke(DelegatingMethodAccessorImpl.java:43) ~[na:1.8.0_51]
	at java.lang.reflect.Method.invoke(Method.java:497) ~[na:1.8.0_51]
	at org.springframework.aop.support.AopUtils.invokeJoinpointUsingReflection(AopUtils.java:302) ~[spring-aop-4.2.0.RELEASE.jar:4.2.0.RELEASE]
	at org.springframework.aop.framework.ReflectiveMethodInvocation.invokeJoinpoint(ReflectiveMethodInvocation.java:190) ~[spring-aop-4.2.0.RELEASE.jar:4.2.0.RELEASE]
	at org.springframework.aop.framework.ReflectiveMethodInvocation.proceed(ReflectiveMethodInvocation.java:157) ~[spring-aop-4.2.0.RELEASE.jar:4.2.0.RELEASE]
	at org.springframework.transaction.interceptor.TransactionInterceptor$1.proceedWithInvocation(TransactionInterceptor.java:99) ~[spring-tx-4.2.0.RELEASE.jar:4.2.0.RELEASE]
	at org.springframework.transaction.interceptor.TransactionAspectSupport.invokeWithinTransaction(TransactionAspectSupport.java:281) ~[spring-tx-4.2.0.RELEASE.jar:4.2.0.RELEASE]
	at org.springframework.transaction.interceptor.TransactionInterceptor.invoke(TransactionInterceptor.java:96) ~[spring-tx-4.2.0.RELEASE.jar:4.2.0.RELEASE]
	at org.springframework.aop.framework.ReflectiveMethodInvocation.proceed(ReflectiveMethodInvocation.java:179) ~[spring-aop-4.2.0.RELEASE.jar:4.2.0.RELEASE]
	at org.springframework.aop.framework.JdkDynamicAopProxy.invoke(JdkDynamicAopProxy.java:207) ~[spring-aop-4.2.0.RELEASE.jar:4.2.0.RELEASE]
	at com.sun.proxy.$Proxy106.createDocumentMinistryHistoryChart(Unknown Source) ~[na:na]
	at com.hack23.cia.web.impl.ui.application.views.user.goverment.MinistryView.enter(MinistryView.java:198) ~[classes/:na]
	at com.vaadin.navigator.Navigator.navigateTo(Navigator.java:578) ~[vaadin-server-7.5.2.jar:7.5.2]
	at com.vaadin.navigator.Navigator.navigateTo(Navigator.java:527) ~[vaadin-server-7.5.2.jar:7.5.2]
	at ru.xpoft.vaadin.DiscoveryNavigator.navigateTo(DiscoveryNavigator.java:198) ~[spring-vaadin-integration-3.1.jar:3.1]
	at com.vaadin.navigator.Navigator$UriFragmentManager.uriFragmentChanged(Navigator.java:141) ~[vaadin-server-7.5.2.jar:7.5.2]
	at sun.reflect.GeneratedMethodAccessor451.invoke(Unknown Source) ~[na:na]
	at sun.reflect.DelegatingMethodAccessorImpl.invoke(DelegatingMethodAccessorImpl.java:43) ~[na:1.8.0_51]
	at java.lang.reflect.Method.invoke(Method.java:497) ~[na:1.8.0_51]
	at com.vaadin.event.ListenerMethod.receiveEvent(ListenerMethod.java:508) ~[vaadin-server-7.5.2.jar:7.5.2]
	at com.vaadin.event.EventRouter.fireEvent(EventRouter.java:198) ~[vaadin-server-7.5.2.jar:7.5.2]
	at com.vaadin.event.EventRouter.fireEvent(EventRouter.java:161) ~[vaadin-server-7.5.2.jar:7.5.2]
	at com.vaadin.server.Page.fireEvent(Page.java:603) ~[vaadin-server-7.5.2.jar:7.5.2]
	at com.vaadin.server.Page.updateLocation(Page.java:985) ~[vaadin-server-7.5.2.jar:7.5.2]
	at com.vaadin.ui.UI.changeVariables(UI.java:396) ~[vaadin-server-7.5.2.jar:7.5.2]
	at com.vaadin.server.communication.ServerRpcHandler.changeVariables(ServerRpcHandler.java:508) [vaadin-server-7.5.2.jar:7.5.2]
	at com.vaadin.server.communication.ServerRpcHandler.handleInvocations(ServerRpcHandler.java:327) [vaadin-server-7.5.2.jar:7.5.2]
	at com.vaadin.server.communication.ServerRpcHandler.handleRpc(ServerRpcHandler.java:202) [vaadin-server-7.5.2.jar:7.5.2]
	at com.vaadin.server.communication.UidlRequestHandler.synchronizedHandleRequest(UidlRequestHandler.java:95) [vaadin-server-7.5.2.jar:7.5.2]
	at com.vaadin.server.SynchronizedRequestHandler.handleRequest(SynchronizedRequestHandler.java:41) [vaadin-server-7.5.2.jar:7.5.2]
	at com.vaadin.server.VaadinService.handleRequest(VaadinService.java:1408) [vaadin-server-7.5.2.jar:7.5.2]
	at com.vaadin.server.VaadinServlet.service(VaadinServlet.java:350) [vaadin-server-7.5.2.jar:7.5.2]
	at javax.servlet.http.HttpServlet.service(HttpServlet.java:790) [javax.servlet-api-3.1.0.jar:3.1.0]
	at org.eclipse.jetty.servlet.ServletHolder.handle(ServletHolder.java:816) [jetty-servlet-9.3.2.v20150730.jar:9.3.2.v20150730]
	at org.eclipse.jetty.servlet.ServletHandler$CachedChain.doFilter(ServletHandler.java:1684) [jetty-servlet-9.3.2.v20150730.jar:9.3.2.v20150730]
	at net.bull.javamelody.MonitoringFilter.doFilter(MonitoringFilter.java:198) [javamelody-core-1.56.0.jar:1.56.0]
	at net.bull.javamelody.MonitoringFilter.doFilter(MonitoringFilter.java:176) [javamelody-core-1.56.0.jar:1.56.0]
	at org.eclipse.jetty.servlet.ServletHandler$CachedChain.doFilter(ServletHandler.java:1667) [jetty-servlet-9.3.2.v20150730.jar:9.3.2.v20150730]
	at org.eclipse.jetty.servlet.ServletHandler.doHandle(ServletHandler.java:581) [jetty-servlet-9.3.2.v20150730.jar:9.3.2.v20150730]
	at org.eclipse.jetty.server.handler.ScopedHandler.handle(ScopedHandler.java:143) [jetty-server-9.3.2.v20150730.jar:9.3.2.v20150730]
	at org.eclipse.jetty.security.SecurityHandler.handle(SecurityHandler.java:548) [jetty-security-9.3.2.v20150730.jar:9.3.2.v20150730]
	at org.eclipse.jetty.server.session.SessionHandler.doHandle(SessionHandler.java:226) [jetty-server-9.3.2.v20150730.jar:9.3.2.v20150730]
	at org.eclipse.jetty.server.handler.ContextHandler.doHandle(ContextHandler.java:1114) [jetty-server-9.3.2.v20150730.jar:9.3.2.v20150730]
	at org.eclipse.jetty.servlet.ServletHandler.doScope(ServletHandler.java:511) [jetty-servlet-9.3.2.v20150730.jar:9.3.2.v20150730]
	at org.eclipse.jetty.server.session.SessionHandler.doScope(SessionHandler.java:185) [jetty-server-9.3.2.v20150730.jar:9.3.2.v20150730]
	at org.eclipse.jetty.server.handler.ContextHandler.doScope(ContextHandler.java:1048) [jetty-server-9.3.2.v20150730.jar:9.3.2.v20150730]
	at org.eclipse.jetty.server.handler.ScopedHandler.handle(ScopedHandler.java:141) [jetty-server-9.3.2.v20150730.jar:9.3.2.v20150730]
	at org.eclipse.jetty.server.handler.HandlerList.handle(HandlerList.java:52) [jetty-server-9.3.2.v20150730.jar:9.3.2.v20150730]
	at org.eclipse.jetty.server.handler.HandlerWrapper.handle(HandlerWrapper.java:119) [jetty-server-9.3.2.v20150730.jar:9.3.2.v20150730]
	at org.eclipse.jetty.server.Server.handle(Server.java:517) [jetty-server-9.3.2.v20150730.jar:9.3.2.v20150730]
	at org.eclipse.jetty.server.HttpChannel.handle(HttpChannel.java:302) [jetty-server-9.3.2.v20150730.jar:9.3.2.v20150730]
	at org.eclipse.jetty.server.HttpConnection.onFillable(HttpConnection.java:242) [jetty-server-9.3.2.v20150730.jar:9.3.2.v20150730]
	at org.eclipse.jetty.io.AbstractConnection$ReadCallback.succeeded(AbstractConnection.java:245) [jetty-io-9.3.2.v20150730.jar:9.3.2.v20150730]
	at org.eclipse.jetty.io.FillInterest.fillable(FillInterest.java:95) [jetty-io-9.3.2.v20150730.jar:9.3.2.v20150730]
	at org.eclipse.jetty.io.SelectChannelEndPoint$2.run(SelectChannelEndPoint.java:75) [jetty-io-9.3.2.v20150730.jar:9.3.2.v20150730]
	at org.eclipse.jetty.util.thread.strategy.ExecuteProduceConsume.produceAndRun(ExecuteProduceConsume.java:213) [jetty-util-9.3.2.v20150730.jar:9.3.2.v20150730]
	at org.eclipse.jetty.util.thread.strategy.ExecuteProduceConsume.run(ExecuteProduceConsume.java:147) [jetty-util-9.3.2.v20150730.jar:9.3.2.v20150730]
	at org.eclipse.jetty.util.thread.QueuedThreadPool.runJob(QueuedThreadPool.java:654) [jetty-util-9.3.2.v20150730.jar:9.3.2.v20150730]
	at org.eclipse.jetty.util.thread.QueuedThreadPool$3.run(QueuedThreadPool.java:572) [jetty-util-9.3.2.v20150730.jar:9.3.2.v20150730]
	at java.lang.Thread.run(Thread.java:745) [na:1.8.0_51]
2015-08-04 18:43:10,606 [qtp491273700-281] ERROR c.v.s.DefaultErrorHandler - 
java.lang.NullPointerException: null
	at org.dussan.vaadin.dcharts.base.elements.XYaxis.getValue(XYaxis.java:463) ~[dcharts-widget-1.7.0.jar:1.7.0]
	at org.dussan.vaadin.dcharts.options.Axes.getValue(Axes.java:58) ~[dcharts-widget-1.7.0.jar:1.7.0]
	at org.dussan.vaadin.dcharts.options.Options.getValue(Options.java:407) ~[dcharts-widget-1.7.0.jar:1.7.0]
	at org.dussan.vaadin.dcharts.base.BaseElement.isEmpty(BaseElement.java:84) ~[dcharts-widget-1.7.0.jar:1.7.0]
	at org.dussan.vaadin.dcharts.DCharts.setOptions(DCharts.java:591) ~[dcharts-widget-1.7.0.jar:1.7.0]
	at com.hack23.cia.web.impl.ui.application.views.common.chartfactory.ChartDataManagerImpl.createPartyLineChart(ChartDataManagerImpl.java:988) ~[classes/:na]
	at sun.reflect.NativeMethodAccessorImpl.invoke0(Native Method) ~[na:1.8.0_51]
	at sun.reflect.NativeMethodAccessorImpl.invoke(NativeMethodAccessorImpl.java:62) ~[na:1.8.0_51]
	at sun.reflect.DelegatingMethodAccessorImpl.invoke(DelegatingMethodAccessorImpl.java:43) ~[na:1.8.0_51]
	at java.lang.reflect.Method.invoke(Method.java:497) ~[na:1.8.0_51]
	at org.springframework.aop.support.AopUtils.invokeJoinpointUsingReflection(AopUtils.java:302) ~[spring-aop-4.2.0.RELEASE.jar:4.2.0.RELEASE]
	at org.springframework.aop.framework.ReflectiveMethodInvocation.invokeJoinpoint(ReflectiveMethodInvocation.java:190) ~[spring-aop-4.2.0.RELEASE.jar:4.2.0.RELEASE]
	at org.springframework.aop.framework.ReflectiveMethodInvocation.proceed(ReflectiveMethodInvocation.java:157) ~[spring-aop-4.2.0.RELEASE.jar:4.2.0.RELEASE]
	at org.springframework.transaction.interceptor.TransactionInterceptor$1.proceedWithInvocation(TransactionInterceptor.java:99) ~[spring-tx-4.2.0.RELEASE.jar:4.2.0.RELEASE]
	at org.springframework.transaction.interceptor.TransactionAspectSupport.invokeWithinTransaction(TransactionAspectSupport.java:281) ~[spring-tx-4.2.0.RELEASE.jar:4.2.0.RELEASE]
	at org.springframework.transaction.interceptor.TransactionInterceptor.invoke(TransactionInterceptor.java:96) ~[spring-tx-4.2.0.RELEASE.jar:4.2.0.RELEASE]
	at org.springframework.aop.framework.ReflectiveMethodInvocation.proceed(ReflectiveMethodInvocation.java:179) ~[spring-aop-4.2.0.RELEASE.jar:4.2.0.RELEASE]
	at org.springframework.aop.framework.JdkDynamicAopProxy.invoke(JdkDynamicAopProxy.java:207) ~[spring-aop-4.2.0.RELEASE.jar:4.2.0.RELEASE]
	at com.sun.proxy.$Proxy106.createPartyLineChart(Unknown Source) ~[na:na]
	at com.hack23.cia.web.impl.ui.application.views.user.party.PartyView.enter(PartyView.java:502) ~[classes/:na]
	at com.vaadin.navigator.Navigator.navigateTo(Navigator.java:578) ~[vaadin-server-7.5.2.jar:7.5.2]
	at com.vaadin.navigator.Navigator.navigateTo(Navigator.java:527) ~[vaadin-server-7.5.2.jar:7.5.2]
	at ru.xpoft.vaadin.DiscoveryNavigator.navigateTo(DiscoveryNavigator.java:198) ~[spring-vaadin-integration-3.1.jar:3.1]
	at com.vaadin.navigator.Navigator$UriFragmentManager.uriFragmentChanged(Navigator.java:141) ~[vaadin-server-7.5.2.jar:7.5.2]
	at sun.reflect.GeneratedMethodAccessor451.invoke(Unknown Source) ~[na:na]
	at sun.reflect.DelegatingMethodAccessorImpl.invoke(DelegatingMethodAccessorImpl.java:43) ~[na:1.8.0_51]
	at java.lang.reflect.Method.invoke(Method.java:497) ~[na:1.8.0_51]
	at com.vaadin.event.ListenerMethod.receiveEvent(ListenerMethod.java:508) ~[vaadin-server-7.5.2.jar:7.5.2]
	at com.vaadin.event.EventRouter.fireEvent(EventRouter.java:198) ~[vaadin-server-7.5.2.jar:7.5.2]
	at com.vaadin.event.EventRouter.fireEvent(EventRouter.java:161) ~[vaadin-server-7.5.2.jar:7.5.2]
	at com.vaadin.server.Page.fireEvent(Page.java:603) ~[vaadin-server-7.5.2.jar:7.5.2]
	at com.vaadin.server.Page.updateLocation(Page.java:985) ~[vaadin-server-7.5.2.jar:7.5.2]
	at com.vaadin.ui.UI.changeVariables(UI.java:396) ~[vaadin-server-7.5.2.jar:7.5.2]
	at com.vaadin.server.communication.ServerRpcHandler.changeVariables(ServerRpcHandler.java:508) [vaadin-server-7.5.2.jar:7.5.2]
	at com.vaadin.server.communication.ServerRpcHandler.handleInvocations(ServerRpcHandler.java:327) [vaadin-server-7.5.2.jar:7.5.2]
	at com.vaadin.server.communication.ServerRpcHandler.handleRpc(ServerRpcHandler.java:202) [vaadin-server-7.5.2.jar:7.5.2]
	at com.vaadin.server.communication.UidlRequestHandler.synchronizedHandleRequest(UidlRequestHandler.java:95) [vaadin-server-7.5.2.jar:7.5.2]
	at com.vaadin.server.SynchronizedRequestHandler.handleRequest(SynchronizedRequestHandler.java:41) [vaadin-server-7.5.2.jar:7.5.2]
	at com.vaadin.server.VaadinService.handleRequest(VaadinService.java:1408) [vaadin-server-7.5.2.jar:7.5.2]
	at com.vaadin.server.VaadinServlet.service(VaadinServlet.java:350) [vaadin-server-7.5.2.jar:7.5.2]
	at javax.servlet.http.HttpServlet.service(HttpServlet.java:790) [javax.servlet-api-3.1.0.jar:3.1.0]
	at org.eclipse.jetty.servlet.ServletHolder.handle(ServletHolder.java:816) [jetty-servlet-9.3.2.v20150730.jar:9.3.2.v20150730]
	at org.eclipse.jetty.servlet.ServletHandler$CachedChain.doFilter(ServletHandler.java:1684) [jetty-servlet-9.3.2.v20150730.jar:9.3.2.v20150730]
	at net.bull.javamelody.MonitoringFilter.doFilter(MonitoringFilter.java:198) [javamelody-core-1.56.0.jar:1.56.0]
	at net.bull.javamelody.MonitoringFilter.doFilter(MonitoringFilter.java:176) [javamelody-core-1.56.0.jar:1.56.0]
	at org.eclipse.jetty.servlet.ServletHandler$CachedChain.doFilter(ServletHandler.java:1667) [jetty-servlet-9.3.2.v20150730.jar:9.3.2.v20150730]
	at org.eclipse.jetty.servlet.ServletHandler.doHandle(ServletHandler.java:581) [jetty-servlet-9.3.2.v20150730.jar:9.3.2.v20150730]
	at org.eclipse.jetty.server.handler.ScopedHandler.handle(ScopedHandler.java:143) [jetty-server-9.3.2.v20150730.jar:9.3.2.v20150730]
	at org.eclipse.jetty.security.SecurityHandler.handle(SecurityHandler.java:548) [jetty-security-9.3.2.v20150730.jar:9.3.2.v20150730]
	at org.eclipse.jetty.server.session.SessionHandler.doHandle(SessionHandler.java:226) [jetty-server-9.3.2.v20150730.jar:9.3.2.v20150730]
	at org.eclipse.jetty.server.handler.ContextHandler.doHandle(ContextHandler.java:1114) [jetty-server-9.3.2.v20150730.jar:9.3.2.v20150730]
	at org.eclipse.jetty.servlet.ServletHandler.doScope(ServletHandler.java:511) [jetty-servlet-9.3.2.v20150730.jar:9.3.2.v20150730]
	at org.eclipse.jetty.server.session.SessionHandler.doScope(SessionHandler.java:185) [jetty-server-9.3.2.v20150730.jar:9.3.2.v20150730]
	at org.eclipse.jetty.server.handler.ContextHandler.doScope(ContextHandler.java:1048) [jetty-server-9.3.2.v20150730.jar:9.3.2.v20150730]
	at org.eclipse.jetty.server.handler.ScopedHandler.handle(ScopedHandler.java:141) [jetty-server-9.3.2.v20150730.jar:9.3.2.v20150730]
	at org.eclipse.jetty.server.handler.HandlerList.handle(HandlerList.java:52) [jetty-server-9.3.2.v20150730.jar:9.3.2.v20150730]
	at org.eclipse.jetty.server.handler.HandlerWrapper.handle(HandlerWrapper.java:119) [jetty-server-9.3.2.v20150730.jar:9.3.2.v20150730]
	at org.eclipse.jetty.server.Server.handle(Server.java:517) [jetty-server-9.3.2.v20150730.jar:9.3.2.v20150730]
	at org.eclipse.jetty.server.HttpChannel.handle(HttpChannel.java:302) [jetty-server-9.3.2.v20150730.jar:9.3.2.v20150730]
	at org.eclipse.jetty.server.HttpConnection.onFillable(HttpConnection.java:242) [jetty-server-9.3.2.v20150730.jar:9.3.2.v20150730]
	at org.eclipse.jetty.io.AbstractConnection$ReadCallback.succeeded(AbstractConnection.java:245) [jetty-io-9.3.2.v20150730.jar:9.3.2.v20150730]
	at org.eclipse.jetty.io.FillInterest.fillable(FillInterest.java:95) [jetty-io-9.3.2.v20150730.jar:9.3.2.v20150730]
	at org.eclipse.jetty.io.SelectChannelEndPoint$2.run(SelectChannelEndPoint.java:75) [jetty-io-9.3.2.v20150730.jar:9.3.2.v20150730]
	at org.eclipse.jetty.util.thread.strategy.ExecuteProduceConsume.produceAndRun(ExecuteProduceConsume.java:213) [jetty-util-9.3.2.v20150730.jar:9.3.2.v20150730]
	at org.eclipse.jetty.util.thread.strategy.ExecuteProduceConsume.run(ExecuteProduceConsume.java:147) [jetty-util-9.3.2.v20150730.jar:9.3.2.v20150730]
	at org.eclipse.jetty.util.thread.QueuedThreadPool.runJob(QueuedThreadPool.java:654) [jetty-util-9.3.2.v20150730.jar:9.3.2.v20150730]
	at org.eclipse.jetty.util.thread.QueuedThreadPool$3.run(QueuedThreadPool.java:572) [jetty-util-9.3.2.v20150730.jar:9.3.2.v20150730]
	at java.lang.Thread.run(Thread.java:745) [na:1.8.0_51]
2015-08-04 18:43:15,744 [qtp491273700-18] INFO  c.h.c.w.i.u.a.CitizenIntelligenceAgencyUI - Browser addreess: 127.0.0.1 , application:Mozilla/5.0 (X11; Ubuntu; Linux x86_64; rv:39.0) Gecko/20100101 Firefox/39.0
Starting ChromeDriver 2.16.333243 (0bfa1d3575fc1044244f21ddb82bf870944ef961) on port 29359
Only local connections are allowed.
[0.550][SEVERE]: After loading Root Certs, loaded==false: NSS error code: -8018
2015-08-04 18:43:17,037 [qtp491273700-280] INFO  c.h.c.w.i.u.a.CitizenIntelligenceAgencyUI - Browser addreess: 127.0.0.1 , application:Mozilla/5.0 (X11; Linux x86_64) AppleWebKit/537.36 (KHTML, like Gecko) Chrome/44.0.2403.125 Safari/537.36
2015-08-04 18:43:17,073 [qtp491273700-280] INFO  c.h.c.w.i.u.a.v.u.c.AbstractUserView - property:embeddedId
2015-08-04 18:43:22,904 [qtp491273700-17] ERROR c.v.s.DefaultErrorHandler - 
java.lang.NullPointerException: null
	at org.dussan.vaadin.dcharts.base.elements.XYaxis.getValue(XYaxis.java:463) ~[dcharts-widget-1.7.0.jar:1.7.0]
	at org.dussan.vaadin.dcharts.options.Axes.getValue(Axes.java:58) ~[dcharts-widget-1.7.0.jar:1.7.0]
	at org.dussan.vaadin.dcharts.options.Options.getValue(Options.java:407) ~[dcharts-widget-1.7.0.jar:1.7.0]
	at org.dussan.vaadin.dcharts.base.BaseElement.isEmpty(BaseElement.java:84) ~[dcharts-widget-1.7.0.jar:1.7.0]
	at org.dussan.vaadin.dcharts.DCharts.setOptions(DCharts.java:591) ~[dcharts-widget-1.7.0.jar:1.7.0]
	at com.hack23.cia.web.impl.ui.application.views.common.chartfactory.ChartDataManagerImpl.createDocumentMinistryHistoryChart(ChartDataManagerImpl.java:926) ~[classes/:na]
	at sun.reflect.NativeMethodAccessorImpl.invoke0(Native Method) ~[na:1.8.0_51]
	at sun.reflect.NativeMethodAccessorImpl.invoke(NativeMethodAccessorImpl.java:62) ~[na:1.8.0_51]
	at sun.reflect.DelegatingMethodAccessorImpl.invoke(DelegatingMethodAccessorImpl.java:43) ~[na:1.8.0_51]
	at java.lang.reflect.Method.invoke(Method.java:497) ~[na:1.8.0_51]
	at org.springframework.aop.support.AopUtils.invokeJoinpointUsingReflection(AopUtils.java:302) ~[spring-aop-4.2.0.RELEASE.jar:4.2.0.RELEASE]
	at org.springframework.aop.framework.ReflectiveMethodInvocation.invokeJoinpoint(ReflectiveMethodInvocation.java:190) ~[spring-aop-4.2.0.RELEASE.jar:4.2.0.RELEASE]
	at org.springframework.aop.framework.ReflectiveMethodInvocation.proceed(ReflectiveMethodInvocation.java:157) ~[spring-aop-4.2.0.RELEASE.jar:4.2.0.RELEASE]
	at org.springframework.transaction.interceptor.TransactionInterceptor$1.proceedWithInvocation(TransactionInterceptor.java:99) ~[spring-tx-4.2.0.RELEASE.jar:4.2.0.RELEASE]
	at org.springframework.transaction.interceptor.TransactionAspectSupport.invokeWithinTransaction(TransactionAspectSupport.java:281) ~[spring-tx-4.2.0.RELEASE.jar:4.2.0.RELEASE]
	at org.springframework.transaction.interceptor.TransactionInterceptor.invoke(TransactionInterceptor.java:96) ~[spring-tx-4.2.0.RELEASE.jar:4.2.0.RELEASE]
	at org.springframework.aop.framework.ReflectiveMethodInvocation.proceed(ReflectiveMethodInvocation.java:179) ~[spring-aop-4.2.0.RELEASE.jar:4.2.0.RELEASE]
	at org.springframework.aop.framework.JdkDynamicAopProxy.invoke(JdkDynamicAopProxy.java:207) ~[spring-aop-4.2.0.RELEASE.jar:4.2.0.RELEASE]
	at com.sun.proxy.$Proxy106.createDocumentMinistryHistoryChart(Unknown Source) ~[na:na]
	at com.hack23.cia.web.impl.ui.application.views.user.goverment.MinistryView.enter(MinistryView.java:198) ~[classes/:na]
	at com.vaadin.navigator.Navigator.navigateTo(Navigator.java:578) ~[vaadin-server-7.5.2.jar:7.5.2]
	at com.vaadin.navigator.Navigator.navigateTo(Navigator.java:527) ~[vaadin-server-7.5.2.jar:7.5.2]
	at ru.xpoft.vaadin.DiscoveryNavigator.navigateTo(DiscoveryNavigator.java:198) ~[spring-vaadin-integration-3.1.jar:3.1]
	at com.vaadin.navigator.Navigator$UriFragmentManager.uriFragmentChanged(Navigator.java:141) ~[vaadin-server-7.5.2.jar:7.5.2]
	at sun.reflect.GeneratedMethodAccessor451.invoke(Unknown Source) ~[na:na]
	at sun.reflect.DelegatingMethodAccessorImpl.invoke(DelegatingMethodAccessorImpl.java:43) ~[na:1.8.0_51]
	at java.lang.reflect.Method.invoke(Method.java:497) ~[na:1.8.0_51]
	at com.vaadin.event.ListenerMethod.receiveEvent(ListenerMethod.java:508) ~[vaadin-server-7.5.2.jar:7.5.2]
	at com.vaadin.event.EventRouter.fireEvent(EventRouter.java:198) ~[vaadin-server-7.5.2.jar:7.5.2]
	at com.vaadin.event.EventRouter.fireEvent(EventRouter.java:161) ~[vaadin-server-7.5.2.jar:7.5.2]
	at com.vaadin.server.Page.fireEvent(Page.java:603) ~[vaadin-server-7.5.2.jar:7.5.2]
	at com.vaadin.server.Page.updateLocation(Page.java:985) ~[vaadin-server-7.5.2.jar:7.5.2]
	at com.vaadin.ui.UI.changeVariables(UI.java:396) ~[vaadin-server-7.5.2.jar:7.5.2]
	at com.vaadin.server.communication.ServerRpcHandler.changeVariables(ServerRpcHandler.java:508) [vaadin-server-7.5.2.jar:7.5.2]
	at com.vaadin.server.communication.ServerRpcHandler.handleInvocations(ServerRpcHandler.java:327) [vaadin-server-7.5.2.jar:7.5.2]
	at com.vaadin.server.communication.ServerRpcHandler.handleRpc(ServerRpcHandler.java:202) [vaadin-server-7.5.2.jar:7.5.2]
	at com.vaadin.server.communication.UidlRequestHandler.synchronizedHandleRequest(UidlRequestHandler.java:95) [vaadin-server-7.5.2.jar:7.5.2]
	at com.vaadin.server.SynchronizedRequestHandler.handleRequest(SynchronizedRequestHandler.java:41) [vaadin-server-7.5.2.jar:7.5.2]
	at com.vaadin.server.VaadinService.handleRequest(VaadinService.java:1408) [vaadin-server-7.5.2.jar:7.5.2]
	at com.vaadin.server.VaadinServlet.service(VaadinServlet.java:350) [vaadin-server-7.5.2.jar:7.5.2]
	at javax.servlet.http.HttpServlet.service(HttpServlet.java:790) [javax.servlet-api-3.1.0.jar:3.1.0]
	at org.eclipse.jetty.servlet.ServletHolder.handle(ServletHolder.java:816) [jetty-servlet-9.3.2.v20150730.jar:9.3.2.v20150730]
	at org.eclipse.jetty.servlet.ServletHandler$CachedChain.doFilter(ServletHandler.java:1684) [jetty-servlet-9.3.2.v20150730.jar:9.3.2.v20150730]
	at net.bull.javamelody.MonitoringFilter.doFilter(MonitoringFilter.java:198) [javamelody-core-1.56.0.jar:1.56.0]
	at net.bull.javamelody.MonitoringFilter.doFilter(MonitoringFilter.java:176) [javamelody-core-1.56.0.jar:1.56.0]
	at org.eclipse.jetty.servlet.ServletHandler$CachedChain.doFilter(ServletHandler.java:1667) [jetty-servlet-9.3.2.v20150730.jar:9.3.2.v20150730]
	at org.eclipse.jetty.servlet.ServletHandler.doHandle(ServletHandler.java:581) [jetty-servlet-9.3.2.v20150730.jar:9.3.2.v20150730]
	at org.eclipse.jetty.server.handler.ScopedHandler.handle(ScopedHandler.java:143) [jetty-server-9.3.2.v20150730.jar:9.3.2.v20150730]
	at org.eclipse.jetty.security.SecurityHandler.handle(SecurityHandler.java:548) [jetty-security-9.3.2.v20150730.jar:9.3.2.v20150730]
	at org.eclipse.jetty.server.session.SessionHandler.doHandle(SessionHandler.java:226) [jetty-server-9.3.2.v20150730.jar:9.3.2.v20150730]
	at org.eclipse.jetty.server.handler.ContextHandler.doHandle(ContextHandler.java:1114) [jetty-server-9.3.2.v20150730.jar:9.3.2.v20150730]
	at org.eclipse.jetty.servlet.ServletHandler.doScope(ServletHandler.java:511) [jetty-servlet-9.3.2.v20150730.jar:9.3.2.v20150730]
	at org.eclipse.jetty.server.session.SessionHandler.doScope(SessionHandler.java:185) [jetty-server-9.3.2.v20150730.jar:9.3.2.v20150730]
	at org.eclipse.jetty.server.handler.ContextHandler.doScope(ContextHandler.java:1048) [jetty-server-9.3.2.v20150730.jar:9.3.2.v20150730]
	at org.eclipse.jetty.server.handler.ScopedHandler.handle(ScopedHandler.java:141) [jetty-server-9.3.2.v20150730.jar:9.3.2.v20150730]
	at org.eclipse.jetty.server.handler.HandlerList.handle(HandlerList.java:52) [jetty-server-9.3.2.v20150730.jar:9.3.2.v20150730]
	at org.eclipse.jetty.server.handler.HandlerWrapper.handle(HandlerWrapper.java:119) [jetty-server-9.3.2.v20150730.jar:9.3.2.v20150730]
	at org.eclipse.jetty.server.Server.handle(Server.java:517) [jetty-server-9.3.2.v20150730.jar:9.3.2.v20150730]
	at org.eclipse.jetty.server.HttpChannel.handle(HttpChannel.java:302) [jetty-server-9.3.2.v20150730.jar:9.3.2.v20150730]
	at org.eclipse.jetty.server.HttpConnection.onFillable(HttpConnection.java:242) [jetty-server-9.3.2.v20150730.jar:9.3.2.v20150730]
	at org.eclipse.jetty.io.AbstractConnection$ReadCallback.succeeded(AbstractConnection.java:245) [jetty-io-9.3.2.v20150730.jar:9.3.2.v20150730]
	at org.eclipse.jetty.io.FillInterest.fillable(FillInterest.java:95) [jetty-io-9.3.2.v20150730.jar:9.3.2.v20150730]
	at org.eclipse.jetty.io.SelectChannelEndPoint$2.run(SelectChannelEndPoint.java:75) [jetty-io-9.3.2.v20150730.jar:9.3.2.v20150730]
	at org.eclipse.jetty.util.thread.strategy.ExecuteProduceConsume.produceAndRun(ExecuteProduceConsume.java:213) [jetty-util-9.3.2.v20150730.jar:9.3.2.v20150730]
	at org.eclipse.jetty.util.thread.strategy.ExecuteProduceConsume.run(ExecuteProduceConsume.java:147) [jetty-util-9.3.2.v20150730.jar:9.3.2.v20150730]
	at org.eclipse.jetty.util.thread.QueuedThreadPool.runJob(QueuedThreadPool.java:654) [jetty-util-9.3.2.v20150730.jar:9.3.2.v20150730]
	at org.eclipse.jetty.util.thread.QueuedThreadPool$3.run(QueuedThreadPool.java:572) [jetty-util-9.3.2.v20150730.jar:9.3.2.v20150730]
	at java.lang.Thread.run(Thread.java:745) [na:1.8.0_51]
2015-08-04 18:43:28,714 [qtp491273700-279] INFO  c.h.c.w.i.u.a.v.c.c.ChartDataManagerImpl - missing data for key:NoInfo
2015-08-04 18:43:28,718 [qtp491273700-279] ERROR c.v.s.DefaultErrorHandler - 
java.lang.NullPointerException: null
	at org.dussan.vaadin.dcharts.base.elements.XYaxis.getValue(XYaxis.java:463) ~[dcharts-widget-1.7.0.jar:1.7.0]
	at org.dussan.vaadin.dcharts.options.Axes.getValue(Axes.java:58) ~[dcharts-widget-1.7.0.jar:1.7.0]
	at org.dussan.vaadin.dcharts.options.Options.getValue(Options.java:407) ~[dcharts-widget-1.7.0.jar:1.7.0]
	at org.dussan.vaadin.dcharts.base.BaseElement.isEmpty(BaseElement.java:84) ~[dcharts-widget-1.7.0.jar:1.7.0]
	at org.dussan.vaadin.dcharts.DCharts.setOptions(DCharts.java:591) ~[dcharts-widget-1.7.0.jar:1.7.0]
	at com.hack23.cia.web.impl.ui.application.views.common.chartfactory.ChartDataManagerImpl.createDocumentHistoryChart(ChartDataManagerImpl.java:875) ~[classes/:na]
	at sun.reflect.NativeMethodAccessorImpl.invoke0(Native Method) ~[na:1.8.0_51]
	at sun.reflect.NativeMethodAccessorImpl.invoke(NativeMethodAccessorImpl.java:62) ~[na:1.8.0_51]
	at sun.reflect.DelegatingMethodAccessorImpl.invoke(DelegatingMethodAccessorImpl.java:43) ~[na:1.8.0_51]
	at java.lang.reflect.Method.invoke(Method.java:497) ~[na:1.8.0_51]
	at org.springframework.aop.support.AopUtils.invokeJoinpointUsingReflection(AopUtils.java:302) ~[spring-aop-4.2.0.RELEASE.jar:4.2.0.RELEASE]
	at org.springframework.aop.framework.ReflectiveMethodInvocation.invokeJoinpoint(ReflectiveMethodInvocation.java:190) ~[spring-aop-4.2.0.RELEASE.jar:4.2.0.RELEASE]
	at org.springframework.aop.framework.ReflectiveMethodInvocation.proceed(ReflectiveMethodInvocation.java:157) ~[spring-aop-4.2.0.RELEASE.jar:4.2.0.RELEASE]
	at org.springframework.transaction.interceptor.TransactionInterceptor$1.proceedWithInvocation(TransactionInterceptor.java:99) ~[spring-tx-4.2.0.RELEASE.jar:4.2.0.RELEASE]
	at org.springframework.transaction.interceptor.TransactionAspectSupport.invokeWithinTransaction(TransactionAspectSupport.java:281) ~[spring-tx-4.2.0.RELEASE.jar:4.2.0.RELEASE]
	at org.springframework.transaction.interceptor.TransactionInterceptor.invoke(TransactionInterceptor.java:96) ~[spring-tx-4.2.0.RELEASE.jar:4.2.0.RELEASE]
	at org.springframework.aop.framework.ReflectiveMethodInvocation.proceed(ReflectiveMethodInvocation.java:179) ~[spring-aop-4.2.0.RELEASE.jar:4.2.0.RELEASE]
	at org.springframework.aop.framework.JdkDynamicAopProxy.invoke(JdkDynamicAopProxy.java:207) ~[spring-aop-4.2.0.RELEASE.jar:4.2.0.RELEASE]
	at com.sun.proxy.$Proxy106.createDocumentHistoryChart(Unknown Source) ~[na:na]
	at com.hack23.cia.web.impl.ui.application.views.user.committee.CommitteeView.enter(CommitteeView.java:215) ~[classes/:na]
	at com.vaadin.navigator.Navigator.navigateTo(Navigator.java:578) ~[vaadin-server-7.5.2.jar:7.5.2]
	at com.vaadin.navigator.Navigator.navigateTo(Navigator.java:527) ~[vaadin-server-7.5.2.jar:7.5.2]
	at ru.xpoft.vaadin.DiscoveryNavigator.navigateTo(DiscoveryNavigator.java:198) ~[spring-vaadin-integration-3.1.jar:3.1]
	at com.vaadin.navigator.Navigator$UriFragmentManager.uriFragmentChanged(Navigator.java:141) ~[vaadin-server-7.5.2.jar:7.5.2]
	at sun.reflect.GeneratedMethodAccessor451.invoke(Unknown Source) ~[na:na]
	at sun.reflect.DelegatingMethodAccessorImpl.invoke(DelegatingMethodAccessorImpl.java:43) ~[na:1.8.0_51]
	at java.lang.reflect.Method.invoke(Method.java:497) ~[na:1.8.0_51]
	at com.vaadin.event.ListenerMethod.receiveEvent(ListenerMethod.java:508) ~[vaadin-server-7.5.2.jar:7.5.2]
	at com.vaadin.event.EventRouter.fireEvent(EventRouter.java:198) ~[vaadin-server-7.5.2.jar:7.5.2]
	at com.vaadin.event.EventRouter.fireEvent(EventRouter.java:161) ~[vaadin-server-7.5.2.jar:7.5.2]
	at com.vaadin.server.Page.fireEvent(Page.java:603) ~[vaadin-server-7.5.2.jar:7.5.2]
	at com.vaadin.server.Page.updateLocation(Page.java:985) ~[vaadin-server-7.5.2.jar:7.5.2]
	at com.vaadin.ui.UI.changeVariables(UI.java:396) ~[vaadin-server-7.5.2.jar:7.5.2]
	at com.vaadin.server.communication.ServerRpcHandler.changeVariables(ServerRpcHandler.java:508) [vaadin-server-7.5.2.jar:7.5.2]
	at com.vaadin.server.communication.ServerRpcHandler.handleInvocations(ServerRpcHandler.java:327) [vaadin-server-7.5.2.jar:7.5.2]
	at com.vaadin.server.communication.ServerRpcHandler.handleRpc(ServerRpcHandler.java:202) [vaadin-server-7.5.2.jar:7.5.2]
	at com.vaadin.server.communication.UidlRequestHandler.synchronizedHandleRequest(UidlRequestHandler.java:95) [vaadin-server-7.5.2.jar:7.5.2]
	at com.vaadin.server.SynchronizedRequestHandler.handleRequest(SynchronizedRequestHandler.java:41) [vaadin-server-7.5.2.jar:7.5.2]
	at com.vaadin.server.VaadinService.handleRequest(VaadinService.java:1408) [vaadin-server-7.5.2.jar:7.5.2]
	at com.vaadin.server.VaadinServlet.service(VaadinServlet.java:350) [vaadin-server-7.5.2.jar:7.5.2]
	at javax.servlet.http.HttpServlet.service(HttpServlet.java:790) [javax.servlet-api-3.1.0.jar:3.1.0]
	at org.eclipse.jetty.servlet.ServletHolder.handle(ServletHolder.java:816) [jetty-servlet-9.3.2.v20150730.jar:9.3.2.v20150730]
	at org.eclipse.jetty.servlet.ServletHandler$CachedChain.doFilter(ServletHandler.java:1684) [jetty-servlet-9.3.2.v20150730.jar:9.3.2.v20150730]
	at net.bull.javamelody.MonitoringFilter.doFilter(MonitoringFilter.java:198) [javamelody-core-1.56.0.jar:1.56.0]
	at net.bull.javamelody.MonitoringFilter.doFilter(MonitoringFilter.java:176) [javamelody-core-1.56.0.jar:1.56.0]
	at org.eclipse.jetty.servlet.ServletHandler$CachedChain.doFilter(ServletHandler.java:1667) [jetty-servlet-9.3.2.v20150730.jar:9.3.2.v20150730]
	at org.eclipse.jetty.servlet.ServletHandler.doHandle(ServletHandler.java:581) [jetty-servlet-9.3.2.v20150730.jar:9.3.2.v20150730]
	at org.eclipse.jetty.server.handler.ScopedHandler.handle(ScopedHandler.java:143) [jetty-server-9.3.2.v20150730.jar:9.3.2.v20150730]
	at org.eclipse.jetty.security.SecurityHandler.handle(SecurityHandler.java:548) [jetty-security-9.3.2.v20150730.jar:9.3.2.v20150730]
	at org.eclipse.jetty.server.session.SessionHandler.doHandle(SessionHandler.java:226) [jetty-server-9.3.2.v20150730.jar:9.3.2.v20150730]
	at org.eclipse.jetty.server.handler.ContextHandler.doHandle(ContextHandler.java:1114) [jetty-server-9.3.2.v20150730.jar:9.3.2.v20150730]
	at org.eclipse.jetty.servlet.ServletHandler.doScope(ServletHandler.java:511) [jetty-servlet-9.3.2.v20150730.jar:9.3.2.v20150730]
	at org.eclipse.jetty.server.session.SessionHandler.doScope(SessionHandler.java:185) [jetty-server-9.3.2.v20150730.jar:9.3.2.v20150730]
	at org.eclipse.jetty.server.handler.ContextHandler.doScope(ContextHandler.java:1048) [jetty-server-9.3.2.v20150730.jar:9.3.2.v20150730]
	at org.eclipse.jetty.server.handler.ScopedHandler.handle(ScopedHandler.java:141) [jetty-server-9.3.2.v20150730.jar:9.3.2.v20150730]
	at org.eclipse.jetty.server.handler.HandlerList.handle(HandlerList.java:52) [jetty-server-9.3.2.v20150730.jar:9.3.2.v20150730]
	at org.eclipse.jetty.server.handler.HandlerWrapper.handle(HandlerWrapper.java:119) [jetty-server-9.3.2.v20150730.jar:9.3.2.v20150730]
	at org.eclipse.jetty.server.Server.handle(Server.java:517) [jetty-server-9.3.2.v20150730.jar:9.3.2.v20150730]
	at org.eclipse.jetty.server.HttpChannel.handle(HttpChannel.java:302) [jetty-server-9.3.2.v20150730.jar:9.3.2.v20150730]
	at org.eclipse.jetty.server.HttpConnection.onFillable(HttpConnection.java:242) [jetty-server-9.3.2.v20150730.jar:9.3.2.v20150730]
	at org.eclipse.jetty.io.AbstractConnection$ReadCallback.succeeded(AbstractConnection.java:245) [jetty-io-9.3.2.v20150730.jar:9.3.2.v20150730]
	at org.eclipse.jetty.io.FillInterest.fillable(FillInterest.java:95) [jetty-io-9.3.2.v20150730.jar:9.3.2.v20150730]
	at org.eclipse.jetty.io.SelectChannelEndPoint$2.run(SelectChannelEndPoint.java:75) [jetty-io-9.3.2.v20150730.jar:9.3.2.v20150730]
	at org.eclipse.jetty.util.thread.strategy.ExecuteProduceConsume.produceAndRun(ExecuteProduceConsume.java:213) [jetty-util-9.3.2.v20150730.jar:9.3.2.v20150730]
	at org.eclipse.jetty.util.thread.strategy.ExecuteProduceConsume.run(ExecuteProduceConsume.java:147) [jetty-util-9.3.2.v20150730.jar:9.3.2.v20150730]
	at org.eclipse.jetty.util.thread.QueuedThreadPool.runJob(QueuedThreadPool.java:654) [jetty-util-9.3.2.v20150730.jar:9.3.2.v20150730]
	at org.eclipse.jetty.util.thread.QueuedThreadPool$3.run(QueuedThreadPool.java:572) [jetty-util-9.3.2.v20150730.jar:9.3.2.v20150730]
	at java.lang.Thread.run(Thread.java:745) [na:1.8.0_51]
2015-08-04 18:43:36,059 [qtp491273700-16] INFO  c.h.c.w.i.u.a.CitizenIntelligenceAgencyUI - Browser addreess: 127.0.0.1 , application:Mozilla/5.0 (X11; Ubuntu; Linux x86_64; rv:39.0) Gecko/20100101 Firefox/39.0
2015-08-04 18:43:36,062 [qtp491273700-16] INFO  c.h.c.w.i.u.a.v.u.c.AbstractUserView - property:embeddedId
2015-08-04 18:43:37,018 [qtp491273700-280] ERROR c.v.s.DefaultErrorHandler - 
java.lang.NullPointerException: null
	at org.dussan.vaadin.dcharts.base.elements.XYaxis.getValue(XYaxis.java:463) ~[dcharts-widget-1.7.0.jar:1.7.0]
	at org.dussan.vaadin.dcharts.options.Axes.getValue(Axes.java:58) ~[dcharts-widget-1.7.0.jar:1.7.0]
	at org.dussan.vaadin.dcharts.options.Options.getValue(Options.java:407) ~[dcharts-widget-1.7.0.jar:1.7.0]
	at org.dussan.vaadin.dcharts.base.BaseElement.isEmpty(BaseElement.java:84) ~[dcharts-widget-1.7.0.jar:1.7.0]
	at org.dussan.vaadin.dcharts.DCharts.setOptions(DCharts.java:591) ~[dcharts-widget-1.7.0.jar:1.7.0]
	at com.hack23.cia.web.impl.ui.application.views.common.chartfactory.ChartDataManagerImpl.createDecisionTypeChart(ChartDataManagerImpl.java:821) ~[classes/:na]
	at sun.reflect.NativeMethodAccessorImpl.invoke0(Native Method) ~[na:1.8.0_51]
	at sun.reflect.NativeMethodAccessorImpl.invoke(NativeMethodAccessorImpl.java:62) ~[na:1.8.0_51]
	at sun.reflect.DelegatingMethodAccessorImpl.invoke(DelegatingMethodAccessorImpl.java:43) ~[na:1.8.0_51]
	at java.lang.reflect.Method.invoke(Method.java:497) ~[na:1.8.0_51]
	at org.springframework.aop.support.AopUtils.invokeJoinpointUsingReflection(AopUtils.java:302) ~[spring-aop-4.2.0.RELEASE.jar:4.2.0.RELEASE]
	at org.springframework.aop.framework.ReflectiveMethodInvocation.invokeJoinpoint(ReflectiveMethodInvocation.java:190) ~[spring-aop-4.2.0.RELEASE.jar:4.2.0.RELEASE]
	at org.springframework.aop.framework.ReflectiveMethodInvocation.proceed(ReflectiveMethodInvocation.java:157) ~[spring-aop-4.2.0.RELEASE.jar:4.2.0.RELEASE]
	at org.springframework.transaction.interceptor.TransactionInterceptor$1.proceedWithInvocation(TransactionInterceptor.java:99) ~[spring-tx-4.2.0.RELEASE.jar:4.2.0.RELEASE]
	at org.springframework.transaction.interceptor.TransactionAspectSupport.invokeWithinTransaction(TransactionAspectSupport.java:281) ~[spring-tx-4.2.0.RELEASE.jar:4.2.0.RELEASE]
	at org.springframework.transaction.interceptor.TransactionInterceptor.invoke(TransactionInterceptor.java:96) ~[spring-tx-4.2.0.RELEASE.jar:4.2.0.RELEASE]
	at org.springframework.aop.framework.ReflectiveMethodInvocation.proceed(ReflectiveMethodInvocation.java:179) ~[spring-aop-4.2.0.RELEASE.jar:4.2.0.RELEASE]
	at org.springframework.aop.framework.JdkDynamicAopProxy.invoke(JdkDynamicAopProxy.java:207) ~[spring-aop-4.2.0.RELEASE.jar:4.2.0.RELEASE]
	at com.sun.proxy.$Proxy106.createDecisionTypeChart(Unknown Source) ~[na:na]
	at com.hack23.cia.web.impl.ui.application.views.user.committee.CommitteeView.enter(CommitteeView.java:246) ~[classes/:na]
	at com.vaadin.navigator.Navigator.navigateTo(Navigator.java:578) ~[vaadin-server-7.5.2.jar:7.5.2]
	at com.vaadin.navigator.Navigator.navigateTo(Navigator.java:527) ~[vaadin-server-7.5.2.jar:7.5.2]
	at ru.xpoft.vaadin.DiscoveryNavigator.navigateTo(DiscoveryNavigator.java:198) ~[spring-vaadin-integration-3.1.jar:3.1]
	at com.vaadin.navigator.Navigator$UriFragmentManager.uriFragmentChanged(Navigator.java:141) ~[vaadin-server-7.5.2.jar:7.5.2]
	at sun.reflect.GeneratedMethodAccessor451.invoke(Unknown Source) ~[na:na]
	at sun.reflect.DelegatingMethodAccessorImpl.invoke(DelegatingMethodAccessorImpl.java:43) ~[na:1.8.0_51]
	at java.lang.reflect.Method.invoke(Method.java:497) ~[na:1.8.0_51]
	at com.vaadin.event.ListenerMethod.receiveEvent(ListenerMethod.java:508) ~[vaadin-server-7.5.2.jar:7.5.2]
	at com.vaadin.event.EventRouter.fireEvent(EventRouter.java:198) ~[vaadin-server-7.5.2.jar:7.5.2]
	at com.vaadin.event.EventRouter.fireEvent(EventRouter.java:161) ~[vaadin-server-7.5.2.jar:7.5.2]
	at com.vaadin.server.Page.fireEvent(Page.java:603) ~[vaadin-server-7.5.2.jar:7.5.2]
	at com.vaadin.server.Page.updateLocation(Page.java:985) ~[vaadin-server-7.5.2.jar:7.5.2]
	at com.vaadin.ui.UI.changeVariables(UI.java:396) ~[vaadin-server-7.5.2.jar:7.5.2]
	at com.vaadin.server.communication.ServerRpcHandler.changeVariables(ServerRpcHandler.java:508) [vaadin-server-7.5.2.jar:7.5.2]
	at com.vaadin.server.communication.ServerRpcHandler.handleInvocations(ServerRpcHandler.java:327) [vaadin-server-7.5.2.jar:7.5.2]
	at com.vaadin.server.communication.ServerRpcHandler.handleRpc(ServerRpcHandler.java:202) [vaadin-server-7.5.2.jar:7.5.2]
	at com.vaadin.server.communication.UidlRequestHandler.synchronizedHandleRequest(UidlRequestHandler.java:95) [vaadin-server-7.5.2.jar:7.5.2]
	at com.vaadin.server.SynchronizedRequestHandler.handleRequest(SynchronizedRequestHandler.java:41) [vaadin-server-7.5.2.jar:7.5.2]
	at com.vaadin.server.VaadinService.handleRequest(VaadinService.java:1408) [vaadin-server-7.5.2.jar:7.5.2]
	at com.vaadin.server.VaadinServlet.service(VaadinServlet.java:350) [vaadin-server-7.5.2.jar:7.5.2]
	at javax.servlet.http.HttpServlet.service(HttpServlet.java:790) [javax.servlet-api-3.1.0.jar:3.1.0]
	at org.eclipse.jetty.servlet.ServletHolder.handle(ServletHolder.java:816) [jetty-servlet-9.3.2.v20150730.jar:9.3.2.v20150730]
	at org.eclipse.jetty.servlet.ServletHandler$CachedChain.doFilter(ServletHandler.java:1684) [jetty-servlet-9.3.2.v20150730.jar:9.3.2.v20150730]
	at net.bull.javamelody.MonitoringFilter.doFilter(MonitoringFilter.java:198) [javamelody-core-1.56.0.jar:1.56.0]
	at net.bull.javamelody.MonitoringFilter.doFilter(MonitoringFilter.java:176) [javamelody-core-1.56.0.jar:1.56.0]
	at org.eclipse.jetty.servlet.ServletHandler$CachedChain.doFilter(ServletHandler.java:1667) [jetty-servlet-9.3.2.v20150730.jar:9.3.2.v20150730]
	at org.eclipse.jetty.servlet.ServletHandler.doHandle(ServletHandler.java:581) [jetty-servlet-9.3.2.v20150730.jar:9.3.2.v20150730]
	at org.eclipse.jetty.server.handler.ScopedHandler.handle(ScopedHandler.java:143) [jetty-server-9.3.2.v20150730.jar:9.3.2.v20150730]
	at org.eclipse.jetty.security.SecurityHandler.handle(SecurityHandler.java:548) [jetty-security-9.3.2.v20150730.jar:9.3.2.v20150730]
	at org.eclipse.jetty.server.session.SessionHandler.doHandle(SessionHandler.java:226) [jetty-server-9.3.2.v20150730.jar:9.3.2.v20150730]
	at org.eclipse.jetty.server.handler.ContextHandler.doHandle(ContextHandler.java:1114) [jetty-server-9.3.2.v20150730.jar:9.3.2.v20150730]
	at org.eclipse.jetty.servlet.ServletHandler.doScope(ServletHandler.java:511) [jetty-servlet-9.3.2.v20150730.jar:9.3.2.v20150730]
	at org.eclipse.jetty.server.session.SessionHandler.doScope(SessionHandler.java:185) [jetty-server-9.3.2.v20150730.jar:9.3.2.v20150730]
	at org.eclipse.jetty.server.handler.ContextHandler.doScope(ContextHandler.java:1048) [jetty-server-9.3.2.v20150730.jar:9.3.2.v20150730]
	at org.eclipse.jetty.server.handler.ScopedHandler.handle(ScopedHandler.java:141) [jetty-server-9.3.2.v20150730.jar:9.3.2.v20150730]
	at org.eclipse.jetty.server.handler.HandlerList.handle(HandlerList.java:52) [jetty-server-9.3.2.v20150730.jar:9.3.2.v20150730]
	at org.eclipse.jetty.server.handler.HandlerWrapper.handle(HandlerWrapper.java:119) [jetty-server-9.3.2.v20150730.jar:9.3.2.v20150730]
	at org.eclipse.jetty.server.Server.handle(Server.java:517) [jetty-server-9.3.2.v20150730.jar:9.3.2.v20150730]
	at org.eclipse.jetty.server.HttpChannel.handle(HttpChannel.java:302) [jetty-server-9.3.2.v20150730.jar:9.3.2.v20150730]
	at org.eclipse.jetty.server.HttpConnection.onFillable(HttpConnection.java:242) [jetty-server-9.3.2.v20150730.jar:9.3.2.v20150730]
	at org.eclipse.jetty.io.AbstractConnection$ReadCallback.succeeded(AbstractConnection.java:245) [jetty-io-9.3.2.v20150730.jar:9.3.2.v20150730]
	at org.eclipse.jetty.io.FillInterest.fillable(FillInterest.java:95) [jetty-io-9.3.2.v20150730.jar:9.3.2.v20150730]
	at org.eclipse.jetty.io.SelectChannelEndPoint$2.run(SelectChannelEndPoint.java:75) [jetty-io-9.3.2.v20150730.jar:9.3.2.v20150730]
	at org.eclipse.jetty.util.thread.strategy.ExecuteProduceConsume.produceAndRun(ExecuteProduceConsume.java:213) [jetty-util-9.3.2.v20150730.jar:9.3.2.v20150730]
	at org.eclipse.jetty.util.thread.strategy.ExecuteProduceConsume.run(ExecuteProduceConsume.java:147) [jetty-util-9.3.2.v20150730.jar:9.3.2.v20150730]
	at org.eclipse.jetty.util.thread.QueuedThreadPool.runJob(QueuedThreadPool.java:654) [jetty-util-9.3.2.v20150730.jar:9.3.2.v20150730]
	at org.eclipse.jetty.util.thread.QueuedThreadPool$3.run(QueuedThreadPool.java:572) [jetty-util-9.3.2.v20150730.jar:9.3.2.v20150730]
	at java.lang.Thread.run(Thread.java:745) [na:1.8.0_51]
Starting ChromeDriver 2.16.333243 (0bfa1d3575fc1044244f21ddb82bf870944ef961) on port 26440
Only local connections are allowed.
[0.557][SEVERE]: After loading Root Certs, loaded==false: NSS error code: -8018
2015-08-04 18:43:41,284 [qtp491273700-21] INFO  c.h.c.w.i.u.a.CitizenIntelligenceAgencyUI - Browser addreess: 127.0.0.1 , application:Mozilla/5.0 (X11; Linux x86_64) AppleWebKit/537.36 (KHTML, like Gecko) Chrome/44.0.2403.125 Safari/537.36
2015-08-04 18:43:41,291 [qtp491273700-21] INFO  c.h.c.w.i.u.a.v.u.c.AbstractUserView - property:committeeReportUrlXml
2015-08-04 18:43:41,292 [qtp491273700-21] INFO  c.h.c.w.i.u.a.v.u.c.AbstractUserView - property:documentStatusUrlXml
2015-08-04 18:43:41,292 [qtp491273700-21] INFO  c.h.c.w.i.u.a.v.u.c.AbstractUserView - property:documentUrlHtml
2015-08-04 18:43:41,292 [qtp491273700-21] INFO  c.h.c.w.i.u.a.v.u.c.AbstractUserView - property:documentUrlText
2015-08-04 18:43:41,292 [qtp491273700-21] INFO  c.h.c.w.i.u.a.v.u.c.AbstractUserView - property:hit
2015-08-04 18:43:41,292 [qtp491273700-21] INFO  c.h.c.w.i.u.a.v.u.c.AbstractUserView - property:document
2015-08-04 18:43:41,292 [qtp491273700-21] INFO  c.h.c.w.i.u.a.v.u.c.AbstractUserView - property:documentActivityContainer
2015-08-04 18:43:41,292 [qtp491273700-21] INFO  c.h.c.w.i.u.a.v.u.c.AbstractUserView - property:documentAttachmentContainer
2015-08-04 18:43:41,292 [qtp491273700-21] INFO  c.h.c.w.i.u.a.v.u.c.AbstractUserView - property:documentDetailContainer
2015-08-04 18:43:41,292 [qtp491273700-21] INFO  c.h.c.w.i.u.a.v.u.c.AbstractUserView - property:documentPersonReferenceContainer
2015-08-04 18:43:41,292 [qtp491273700-21] INFO  c.h.c.w.i.u.a.v.u.c.AbstractUserView - property:documentProposal
2015-08-04 18:43:41,292 [qtp491273700-21] INFO  c.h.c.w.i.u.a.v.u.c.AbstractUserView - property:documentReferenceContainer
2015-08-04 18:43:41,292 [qtp491273700-21] INFO  c.h.c.w.i.u.a.v.u.c.AbstractUserView - property:hjid
2015-08-04 18:43:41,300 [qtp491273700-21] INFO  c.h.c.w.i.u.a.v.u.c.AbstractUserView - property:committeeReportUrlXml
2015-08-04 18:43:41,300 [qtp491273700-21] INFO  c.h.c.w.i.u.a.v.u.c.AbstractUserView - property:documentStatusUrlWWW
2015-08-04 18:43:41,300 [qtp491273700-21] INFO  c.h.c.w.i.u.a.v.u.c.AbstractUserView - property:documentStatusUrlXml
2015-08-04 18:43:41,300 [qtp491273700-21] INFO  c.h.c.w.i.u.a.v.u.c.AbstractUserView - property:documentUrlHtml
2015-08-04 18:43:41,300 [qtp491273700-21] INFO  c.h.c.w.i.u.a.v.u.c.AbstractUserView - property:documentUrlText
2015-08-04 18:43:41,300 [qtp491273700-21] INFO  c.h.c.w.i.u.a.v.u.c.AbstractUserView - property:finalNumber
Starting ChromeDriver 2.16.333243 (0bfa1d3575fc1044244f21ddb82bf870944ef961) on port 22847
Only local connections are allowed.
[0.548][SEVERE]: After loading Root Certs, loaded==false: NSS error code: -8018
2015-08-04 18:43:45,670 [qtp491273700-282] INFO  c.h.c.w.i.u.a.CitizenIntelligenceAgencyUI - Browser addreess: 127.0.0.1 , application:Mozilla/5.0 (X11; Linux x86_64) AppleWebKit/537.36 (KHTML, like Gecko) Chrome/44.0.2403.125 Safari/537.36
2015-08-04 18:43:45,735 [qtp491273700-282] INFO  c.h.c.w.i.u.a.v.u.c.AbstractUserView - property:personId
2015-08-04 18:43:51,194 [qtp491273700-282] INFO  c.h.c.w.i.u.a.v.c.c.ChartDataManagerImpl - missing data for key:NoInfo
2015-08-04 18:43:51,198 [qtp491273700-282] ERROR c.v.s.DefaultErrorHandler - 
java.lang.NullPointerException: null
	at org.dussan.vaadin.dcharts.base.elements.XYaxis.getValue(XYaxis.java:463) ~[dcharts-widget-1.7.0.jar:1.7.0]
	at org.dussan.vaadin.dcharts.options.Axes.getValue(Axes.java:58) ~[dcharts-widget-1.7.0.jar:1.7.0]
	at org.dussan.vaadin.dcharts.options.Options.getValue(Options.java:407) ~[dcharts-widget-1.7.0.jar:1.7.0]
	at org.dussan.vaadin.dcharts.base.BaseElement.isEmpty(BaseElement.java:84) ~[dcharts-widget-1.7.0.jar:1.7.0]
	at org.dussan.vaadin.dcharts.DCharts.setOptions(DCharts.java:591) ~[dcharts-widget-1.7.0.jar:1.7.0]
	at com.hack23.cia.web.impl.ui.application.views.common.chartfactory.ChartDataManagerImpl.createDocumentHistoryChart(ChartDataManagerImpl.java:875) ~[classes/:na]
	at sun.reflect.NativeMethodAccessorImpl.invoke0(Native Method) ~[na:1.8.0_51]
	at sun.reflect.NativeMethodAccessorImpl.invoke(NativeMethodAccessorImpl.java:62) ~[na:1.8.0_51]
	at sun.reflect.DelegatingMethodAccessorImpl.invoke(DelegatingMethodAccessorImpl.java:43) ~[na:1.8.0_51]
	at java.lang.reflect.Method.invoke(Method.java:497) ~[na:1.8.0_51]
	at org.springframework.aop.support.AopUtils.invokeJoinpointUsingReflection(AopUtils.java:302) ~[spring-aop-4.2.0.RELEASE.jar:4.2.0.RELEASE]
	at org.springframework.aop.framework.ReflectiveMethodInvocation.invokeJoinpoint(ReflectiveMethodInvocation.java:190) ~[spring-aop-4.2.0.RELEASE.jar:4.2.0.RELEASE]
	at org.springframework.aop.framework.ReflectiveMethodInvocation.proceed(ReflectiveMethodInvocation.java:157) ~[spring-aop-4.2.0.RELEASE.jar:4.2.0.RELEASE]
	at org.springframework.transaction.interceptor.TransactionInterceptor$1.proceedWithInvocation(TransactionInterceptor.java:99) ~[spring-tx-4.2.0.RELEASE.jar:4.2.0.RELEASE]
	at org.springframework.transaction.interceptor.TransactionAspectSupport.invokeWithinTransaction(TransactionAspectSupport.java:281) ~[spring-tx-4.2.0.RELEASE.jar:4.2.0.RELEASE]
	at org.springframework.transaction.interceptor.TransactionInterceptor.invoke(TransactionInterceptor.java:96) ~[spring-tx-4.2.0.RELEASE.jar:4.2.0.RELEASE]
	at org.springframework.aop.framework.ReflectiveMethodInvocation.proceed(ReflectiveMethodInvocation.java:179) ~[spring-aop-4.2.0.RELEASE.jar:4.2.0.RELEASE]
	at org.springframework.aop.framework.JdkDynamicAopProxy.invoke(JdkDynamicAopProxy.java:207) ~[spring-aop-4.2.0.RELEASE.jar:4.2.0.RELEASE]
	at com.sun.proxy.$Proxy106.createDocumentHistoryChart(Unknown Source) ~[na:na]
	at com.hack23.cia.web.impl.ui.application.views.user.committee.CommitteeView.enter(CommitteeView.java:215) ~[classes/:na]
	at com.vaadin.navigator.Navigator.navigateTo(Navigator.java:578) ~[vaadin-server-7.5.2.jar:7.5.2]
	at com.vaadin.navigator.Navigator.navigateTo(Navigator.java:527) ~[vaadin-server-7.5.2.jar:7.5.2]
	at ru.xpoft.vaadin.DiscoveryNavigator.navigateTo(DiscoveryNavigator.java:198) ~[spring-vaadin-integration-3.1.jar:3.1]
	at com.vaadin.navigator.Navigator$UriFragmentManager.uriFragmentChanged(Navigator.java:141) ~[vaadin-server-7.5.2.jar:7.5.2]
	at sun.reflect.GeneratedMethodAccessor451.invoke(Unknown Source) ~[na:na]
	at sun.reflect.DelegatingMethodAccessorImpl.invoke(DelegatingMethodAccessorImpl.java:43) ~[na:1.8.0_51]
	at java.lang.reflect.Method.invoke(Method.java:497) ~[na:1.8.0_51]
	at com.vaadin.event.ListenerMethod.receiveEvent(ListenerMethod.java:508) ~[vaadin-server-7.5.2.jar:7.5.2]
	at com.vaadin.event.EventRouter.fireEvent(EventRouter.java:198) ~[vaadin-server-7.5.2.jar:7.5.2]
	at com.vaadin.event.EventRouter.fireEvent(EventRouter.java:161) ~[vaadin-server-7.5.2.jar:7.5.2]
	at com.vaadin.server.Page.fireEvent(Page.java:603) ~[vaadin-server-7.5.2.jar:7.5.2]
	at com.vaadin.server.Page.updateLocation(Page.java:985) ~[vaadin-server-7.5.2.jar:7.5.2]
	at com.vaadin.ui.UI.changeVariables(UI.java:396) ~[vaadin-server-7.5.2.jar:7.5.2]
	at com.vaadin.server.communication.ServerRpcHandler.changeVariables(ServerRpcHandler.java:508) [vaadin-server-7.5.2.jar:7.5.2]
	at com.vaadin.server.communication.ServerRpcHandler.handleInvocations(ServerRpcHandler.java:327) [vaadin-server-7.5.2.jar:7.5.2]
	at com.vaadin.server.communication.ServerRpcHandler.handleRpc(ServerRpcHandler.java:202) [vaadin-server-7.5.2.jar:7.5.2]
	at com.vaadin.server.communication.UidlRequestHandler.synchronizedHandleRequest(UidlRequestHandler.java:95) [vaadin-server-7.5.2.jar:7.5.2]
	at com.vaadin.server.SynchronizedRequestHandler.handleRequest(SynchronizedRequestHandler.java:41) [vaadin-server-7.5.2.jar:7.5.2]
	at com.vaadin.server.VaadinService.handleRequest(VaadinService.java:1408) [vaadin-server-7.5.2.jar:7.5.2]
	at com.vaadin.server.VaadinServlet.service(VaadinServlet.java:350) [vaadin-server-7.5.2.jar:7.5.2]
	at javax.servlet.http.HttpServlet.service(HttpServlet.java:790) [javax.servlet-api-3.1.0.jar:3.1.0]
	at org.eclipse.jetty.servlet.ServletHolder.handle(ServletHolder.java:816) [jetty-servlet-9.3.2.v20150730.jar:9.3.2.v20150730]
	at org.eclipse.jetty.servlet.ServletHandler$CachedChain.doFilter(ServletHandler.java:1684) [jetty-servlet-9.3.2.v20150730.jar:9.3.2.v20150730]
	at net.bull.javamelody.MonitoringFilter.doFilter(MonitoringFilter.java:198) [javamelody-core-1.56.0.jar:1.56.0]
	at net.bull.javamelody.MonitoringFilter.doFilter(MonitoringFilter.java:176) [javamelody-core-1.56.0.jar:1.56.0]
	at org.eclipse.jetty.servlet.ServletHandler$CachedChain.doFilter(ServletHandler.java:1667) [jetty-servlet-9.3.2.v20150730.jar:9.3.2.v20150730]
	at org.eclipse.jetty.servlet.ServletHandler.doHandle(ServletHandler.java:581) [jetty-servlet-9.3.2.v20150730.jar:9.3.2.v20150730]
	at org.eclipse.jetty.server.handler.ScopedHandler.handle(ScopedHandler.java:143) [jetty-server-9.3.2.v20150730.jar:9.3.2.v20150730]
	at org.eclipse.jetty.security.SecurityHandler.handle(SecurityHandler.java:548) [jetty-security-9.3.2.v20150730.jar:9.3.2.v20150730]
	at org.eclipse.jetty.server.session.SessionHandler.doHandle(SessionHandler.java:226) [jetty-server-9.3.2.v20150730.jar:9.3.2.v20150730]
	at org.eclipse.jetty.server.handler.ContextHandler.doHandle(ContextHandler.java:1114) [jetty-server-9.3.2.v20150730.jar:9.3.2.v20150730]
	at org.eclipse.jetty.servlet.ServletHandler.doScope(ServletHandler.java:511) [jetty-servlet-9.3.2.v20150730.jar:9.3.2.v20150730]
	at org.eclipse.jetty.server.session.SessionHandler.doScope(SessionHandler.java:185) [jetty-server-9.3.2.v20150730.jar:9.3.2.v20150730]
	at org.eclipse.jetty.server.handler.ContextHandler.doScope(ContextHandler.java:1048) [jetty-server-9.3.2.v20150730.jar:9.3.2.v20150730]
	at org.eclipse.jetty.server.handler.ScopedHandler.handle(ScopedHandler.java:141) [jetty-server-9.3.2.v20150730.jar:9.3.2.v20150730]
	at org.eclipse.jetty.server.handler.HandlerList.handle(HandlerList.java:52) [jetty-server-9.3.2.v20150730.jar:9.3.2.v20150730]
	at org.eclipse.jetty.server.handler.HandlerWrapper.handle(HandlerWrapper.java:119) [jetty-server-9.3.2.v20150730.jar:9.3.2.v20150730]
	at org.eclipse.jetty.server.Server.handle(Server.java:517) [jetty-server-9.3.2.v20150730.jar:9.3.2.v20150730]
	at org.eclipse.jetty.server.HttpChannel.handle(HttpChannel.java:302) [jetty-server-9.3.2.v20150730.jar:9.3.2.v20150730]
	at org.eclipse.jetty.server.HttpConnection.onFillable(HttpConnection.java:242) [jetty-server-9.3.2.v20150730.jar:9.3.2.v20150730]
	at org.eclipse.jetty.io.AbstractConnection$ReadCallback.succeeded(AbstractConnection.java:245) [jetty-io-9.3.2.v20150730.jar:9.3.2.v20150730]
	at org.eclipse.jetty.io.FillInterest.fillable(FillInterest.java:95) [jetty-io-9.3.2.v20150730.jar:9.3.2.v20150730]
	at org.eclipse.jetty.io.SelectChannelEndPoint$2.run(SelectChannelEndPoint.java:75) [jetty-io-9.3.2.v20150730.jar:9.3.2.v20150730]
	at org.eclipse.jetty.util.thread.strategy.ExecuteProduceConsume.produceAndRun(ExecuteProduceConsume.java:213) [jetty-util-9.3.2.v20150730.jar:9.3.2.v20150730]
	at org.eclipse.jetty.util.thread.strategy.ExecuteProduceConsume.run(ExecuteProduceConsume.java:147) [jetty-util-9.3.2.v20150730.jar:9.3.2.v20150730]
	at org.eclipse.jetty.util.thread.QueuedThreadPool.runJob(QueuedThreadPool.java:654) [jetty-util-9.3.2.v20150730.jar:9.3.2.v20150730]
	at org.eclipse.jetty.util.thread.QueuedThreadPool$3.run(QueuedThreadPool.java:572) [jetty-util-9.3.2.v20150730.jar:9.3.2.v20150730]
	at java.lang.Thread.run(Thread.java:745) [na:1.8.0_51]
Starting ChromeDriver 2.16.333243 (0bfa1d3575fc1044244f21ddb82bf870944ef961) on port 12975
Only local connections are allowed.
2015-08-04 18:44:00,883 [qtp491273700-17] ERROR c.v.s.DefaultErrorHandler - 
java.lang.NullPointerException: null
	at org.dussan.vaadin.dcharts.base.elements.XYaxis.getValue(XYaxis.java:463) ~[dcharts-widget-1.7.0.jar:1.7.0]
	at org.dussan.vaadin.dcharts.options.Axes.getValue(Axes.java:58) ~[dcharts-widget-1.7.0.jar:1.7.0]
	at org.dussan.vaadin.dcharts.options.Options.getValue(Options.java:407) ~[dcharts-widget-1.7.0.jar:1.7.0]
	at org.dussan.vaadin.dcharts.base.BaseElement.isEmpty(BaseElement.java:84) ~[dcharts-widget-1.7.0.jar:1.7.0]
	at org.dussan.vaadin.dcharts.DCharts.setOptions(DCharts.java:591) ~[dcharts-widget-1.7.0.jar:1.7.0]
	at com.hack23.cia.web.impl.ui.application.views.common.chartfactory.ChartDataManagerImpl.createDecisionTypeChart(ChartDataManagerImpl.java:821) ~[classes/:na]
	at sun.reflect.NativeMethodAccessorImpl.invoke0(Native Method) ~[na:1.8.0_51]
	at sun.reflect.NativeMethodAccessorImpl.invoke(NativeMethodAccessorImpl.java:62) ~[na:1.8.0_51]
	at sun.reflect.DelegatingMethodAccessorImpl.invoke(DelegatingMethodAccessorImpl.java:43) ~[na:1.8.0_51]
	at java.lang.reflect.Method.invoke(Method.java:497) ~[na:1.8.0_51]
	at org.springframework.aop.support.AopUtils.invokeJoinpointUsingReflection(AopUtils.java:302) ~[spring-aop-4.2.0.RELEASE.jar:4.2.0.RELEASE]
	at org.springframework.aop.framework.ReflectiveMethodInvocation.invokeJoinpoint(ReflectiveMethodInvocation.java:190) ~[spring-aop-4.2.0.RELEASE.jar:4.2.0.RELEASE]
	at org.springframework.aop.framework.ReflectiveMethodInvocation.proceed(ReflectiveMethodInvocation.java:157) ~[spring-aop-4.2.0.RELEASE.jar:4.2.0.RELEASE]
	at org.springframework.transaction.interceptor.TransactionInterceptor$1.proceedWithInvocation(TransactionInterceptor.java:99) ~[spring-tx-4.2.0.RELEASE.jar:4.2.0.RELEASE]
	at org.springframework.transaction.interceptor.TransactionAspectSupport.invokeWithinTransaction(TransactionAspectSupport.java:281) ~[spring-tx-4.2.0.RELEASE.jar:4.2.0.RELEASE]
	at org.springframework.transaction.interceptor.TransactionInterceptor.invoke(TransactionInterceptor.java:96) ~[spring-tx-4.2.0.RELEASE.jar:4.2.0.RELEASE]
	at org.springframework.aop.framework.ReflectiveMethodInvocation.proceed(ReflectiveMethodInvocation.java:179) ~[spring-aop-4.2.0.RELEASE.jar:4.2.0.RELEASE]
	at org.springframework.aop.framework.JdkDynamicAopProxy.invoke(JdkDynamicAopProxy.java:207) ~[spring-aop-4.2.0.RELEASE.jar:4.2.0.RELEASE]
	at com.sun.proxy.$Proxy106.createDecisionTypeChart(Unknown Source) ~[na:na]
	at com.hack23.cia.web.impl.ui.application.views.user.committee.CommitteeView.enter(CommitteeView.java:246) ~[classes/:na]
	at com.vaadin.navigator.Navigator.navigateTo(Navigator.java:578) ~[vaadin-server-7.5.2.jar:7.5.2]
	at com.vaadin.navigator.Navigator.navigateTo(Navigator.java:527) ~[vaadin-server-7.5.2.jar:7.5.2]
	at ru.xpoft.vaadin.DiscoveryNavigator.navigateTo(DiscoveryNavigator.java:198) ~[spring-vaadin-integration-3.1.jar:3.1]
	at com.vaadin.navigator.Navigator$UriFragmentManager.uriFragmentChanged(Navigator.java:141) ~[vaadin-server-7.5.2.jar:7.5.2]
	at sun.reflect.GeneratedMethodAccessor451.invoke(Unknown Source) ~[na:na]
	at sun.reflect.DelegatingMethodAccessorImpl.invoke(DelegatingMethodAccessorImpl.java:43) ~[na:1.8.0_51]
	at java.lang.reflect.Method.invoke(Method.java:497) ~[na:1.8.0_51]
	at com.vaadin.event.ListenerMethod.receiveEvent(ListenerMethod.java:508) ~[vaadin-server-7.5.2.jar:7.5.2]
	at com.vaadin.event.EventRouter.fireEvent(EventRouter.java:198) ~[vaadin-server-7.5.2.jar:7.5.2]
	at com.vaadin.event.EventRouter.fireEvent(EventRouter.java:161) ~[vaadin-server-7.5.2.jar:7.5.2]
	at com.vaadin.server.Page.fireEvent(Page.java:603) ~[vaadin-server-7.5.2.jar:7.5.2]
	at com.vaadin.server.Page.updateLocation(Page.java:985) ~[vaadin-server-7.5.2.jar:7.5.2]
	at com.vaadin.ui.UI.changeVariables(UI.java:396) ~[vaadin-server-7.5.2.jar:7.5.2]
	at com.vaadin.server.communication.ServerRpcHandler.changeVariables(ServerRpcHandler.java:508) [vaadin-server-7.5.2.jar:7.5.2]
	at com.vaadin.server.communication.ServerRpcHandler.handleInvocations(ServerRpcHandler.java:327) [vaadin-server-7.5.2.jar:7.5.2]
	at com.vaadin.server.communication.ServerRpcHandler.handleRpc(ServerRpcHandler.java:202) [vaadin-server-7.5.2.jar:7.5.2]
	at com.vaadin.server.communication.UidlRequestHandler.synchronizedHandleRequest(UidlRequestHandler.java:95) [vaadin-server-7.5.2.jar:7.5.2]
	at com.vaadin.server.SynchronizedRequestHandler.handleRequest(SynchronizedRequestHandler.java:41) [vaadin-server-7.5.2.jar:7.5.2]
	at com.vaadin.server.VaadinService.handleRequest(VaadinService.java:1408) [vaadin-server-7.5.2.jar:7.5.2]
	at com.vaadin.server.VaadinServlet.service(VaadinServlet.java:350) [vaadin-server-7.5.2.jar:7.5.2]
	at javax.servlet.http.HttpServlet.service(HttpServlet.java:790) [javax.servlet-api-3.1.0.jar:3.1.0]
	at org.eclipse.jetty.servlet.ServletHolder.handle(ServletHolder.java:816) [jetty-servlet-9.3.2.v20150730.jar:9.3.2.v20150730]
	at org.eclipse.jetty.servlet.ServletHandler$CachedChain.doFilter(ServletHandler.java:1684) [jetty-servlet-9.3.2.v20150730.jar:9.3.2.v20150730]
	at net.bull.javamelody.MonitoringFilter.doFilter(MonitoringFilter.java:198) [javamelody-core-1.56.0.jar:1.56.0]
	at net.bull.javamelody.MonitoringFilter.doFilter(MonitoringFilter.java:176) [javamelody-core-1.56.0.jar:1.56.0]
	at org.eclipse.jetty.servlet.ServletHandler$CachedChain.doFilter(ServletHandler.java:1667) [jetty-servlet-9.3.2.v20150730.jar:9.3.2.v20150730]
	at org.eclipse.jetty.servlet.ServletHandler.doHandle(ServletHandler.java:581) [jetty-servlet-9.3.2.v20150730.jar:9.3.2.v20150730]
	at org.eclipse.jetty.server.handler.ScopedHandler.handle(ScopedHandler.java:143) [jetty-server-9.3.2.v20150730.jar:9.3.2.v20150730]
	at org.eclipse.jetty.security.SecurityHandler.handle(SecurityHandler.java:548) [jetty-security-9.3.2.v20150730.jar:9.3.2.v20150730]
	at org.eclipse.jetty.server.session.SessionHandler.doHandle(SessionHandler.java:226) [jetty-server-9.3.2.v20150730.jar:9.3.2.v20150730]
	at org.eclipse.jetty.server.handler.ContextHandler.doHandle(ContextHandler.java:1114) [jetty-server-9.3.2.v20150730.jar:9.3.2.v20150730]
	at org.eclipse.jetty.servlet.ServletHandler.doScope(ServletHandler.java:511) [jetty-servlet-9.3.2.v20150730.jar:9.3.2.v20150730]
	at org.eclipse.jetty.server.session.SessionHandler.doScope(SessionHandler.java:185) [jetty-server-9.3.2.v20150730.jar:9.3.2.v20150730]
	at org.eclipse.jetty.server.handler.ContextHandler.doScope(ContextHandler.java:1048) [jetty-server-9.3.2.v20150730.jar:9.3.2.v20150730]
	at org.eclipse.jetty.server.handler.ScopedHandler.handle(ScopedHandler.java:141) [jetty-server-9.3.2.v20150730.jar:9.3.2.v20150730]
	at org.eclipse.jetty.server.handler.HandlerList.handle(HandlerList.java:52) [jetty-server-9.3.2.v20150730.jar:9.3.2.v20150730]
	at org.eclipse.jetty.server.handler.HandlerWrapper.handle(HandlerWrapper.java:119) [jetty-server-9.3.2.v20150730.jar:9.3.2.v20150730]
	at org.eclipse.jetty.server.Server.handle(Server.java:517) [jetty-server-9.3.2.v20150730.jar:9.3.2.v20150730]
	at org.eclipse.jetty.server.HttpChannel.handle(HttpChannel.java:302) [jetty-server-9.3.2.v20150730.jar:9.3.2.v20150730]
	at org.eclipse.jetty.server.HttpConnection.onFillable(HttpConnection.java:242) [jetty-server-9.3.2.v20150730.jar:9.3.2.v20150730]
	at org.eclipse.jetty.io.AbstractConnection$ReadCallback.succeeded(AbstractConnection.java:245) [jetty-io-9.3.2.v20150730.jar:9.3.2.v20150730]
	at org.eclipse.jetty.io.FillInterest.fillable(FillInterest.java:95) [jetty-io-9.3.2.v20150730.jar:9.3.2.v20150730]
	at org.eclipse.jetty.io.SelectChannelEndPoint$2.run(SelectChannelEndPoint.java:75) [jetty-io-9.3.2.v20150730.jar:9.3.2.v20150730]
	at org.eclipse.jetty.util.thread.strategy.ExecuteProduceConsume.produceAndRun(ExecuteProduceConsume.java:213) [jetty-util-9.3.2.v20150730.jar:9.3.2.v20150730]
	at org.eclipse.jetty.util.thread.strategy.ExecuteProduceConsume.run(ExecuteProduceConsume.java:147) [jetty-util-9.3.2.v20150730.jar:9.3.2.v20150730]
	at org.eclipse.jetty.util.thread.QueuedThreadPool.runJob(QueuedThreadPool.java:654) [jetty-util-9.3.2.v20150730.jar:9.3.2.v20150730]
	at org.eclipse.jetty.util.thread.QueuedThreadPool$3.run(QueuedThreadPool.java:572) [jetty-util-9.3.2.v20150730.jar:9.3.2.v20150730]
	at java.lang.Thread.run(Thread.java:745) [na:1.8.0_51]
[0.545][SEVERE]: After loading Root Certs, loaded==false: NSS error code: -8018
2015-08-04 18:44:01,639 [qtp491273700-17] INFO  c.h.c.w.i.u.a.CitizenIntelligenceAgencyUI - Browser addreess: 127.0.0.1 , application:Mozilla/5.0 (X11; Linux x86_64) AppleWebKit/537.36 (KHTML, like Gecko) Chrome/44.0.2403.125 Safari/537.36
2015-08-04 18:44:05,512 [qtp491273700-21] INFO  c.h.c.w.i.u.a.CitizenIntelligenceAgencyUI - Browser addreess: 127.0.0.1 , application:Mozilla/5.0 (X11; Ubuntu; Linux x86_64; rv:39.0) Gecko/20100101 Firefox/39.0
2015-08-04 18:44:05,518 [qtp491273700-21] INFO  c.h.c.w.i.u.a.v.u.c.AbstractUserView - property:committeeReportUrlXml
2015-08-04 18:44:05,518 [qtp491273700-21] INFO  c.h.c.w.i.u.a.v.u.c.AbstractUserView - property:documentStatusUrlXml
2015-08-04 18:44:05,518 [qtp491273700-21] INFO  c.h.c.w.i.u.a.v.u.c.AbstractUserView - property:documentUrlHtml
2015-08-04 18:44:05,518 [qtp491273700-21] INFO  c.h.c.w.i.u.a.v.u.c.AbstractUserView - property:documentUrlText
2015-08-04 18:44:05,518 [qtp491273700-21] INFO  c.h.c.w.i.u.a.v.u.c.AbstractUserView - property:hit
2015-08-04 18:44:05,518 [qtp491273700-21] INFO  c.h.c.w.i.u.a.v.u.c.AbstractUserView - property:document
2015-08-04 18:44:05,518 [qtp491273700-21] INFO  c.h.c.w.i.u.a.v.u.c.AbstractUserView - property:documentActivityContainer
2015-08-04 18:44:05,518 [qtp491273700-21] INFO  c.h.c.w.i.u.a.v.u.c.AbstractUserView - property:documentAttachmentContainer
2015-08-04 18:44:05,518 [qtp491273700-21] INFO  c.h.c.w.i.u.a.v.u.c.AbstractUserView - property:documentDetailContainer
2015-08-04 18:44:05,518 [qtp491273700-21] INFO  c.h.c.w.i.u.a.v.u.c.AbstractUserView - property:documentPersonReferenceContainer
2015-08-04 18:44:05,518 [qtp491273700-21] INFO  c.h.c.w.i.u.a.v.u.c.AbstractUserView - property:documentProposal
2015-08-04 18:44:05,518 [qtp491273700-21] INFO  c.h.c.w.i.u.a.v.u.c.AbstractUserView - property:documentReferenceContainer
2015-08-04 18:44:05,518 [qtp491273700-21] INFO  c.h.c.w.i.u.a.v.u.c.AbstractUserView - property:hjid
2015-08-04 18:44:05,519 [qtp491273700-21] INFO  c.h.c.w.i.u.a.v.u.c.AbstractUserView - property:committeeReportUrlXml
2015-08-04 18:44:05,519 [qtp491273700-21] INFO  c.h.c.w.i.u.a.v.u.c.AbstractUserView - property:documentStatusUrlWWW
2015-08-04 18:44:05,519 [qtp491273700-21] INFO  c.h.c.w.i.u.a.v.u.c.AbstractUserView - property:documentStatusUrlXml
2015-08-04 18:44:05,519 [qtp491273700-21] INFO  c.h.c.w.i.u.a.v.u.c.AbstractUserView - property:documentUrlHtml
2015-08-04 18:44:05,519 [qtp491273700-21] INFO  c.h.c.w.i.u.a.v.u.c.AbstractUserView - property:documentUrlText
2015-08-04 18:44:05,519 [qtp491273700-21] INFO  c.h.c.w.i.u.a.v.u.c.AbstractUserView - property:finalNumber
2015-08-04 18:44:09,755 [qtp491273700-278] INFO  c.h.c.w.i.u.a.CitizenIntelligenceAgencyUI - Browser addreess: 127.0.0.1 , application:Mozilla/5.0 (X11; Ubuntu; Linux x86_64; rv:39.0) Gecko/20100101 Firefox/39.0
2015-08-04 18:44:09,770 [qtp491273700-278] INFO  c.h.c.w.i.u.a.v.u.c.AbstractUserView - property:personId
2015-08-04 18:44:29,873 [qtp491273700-21] INFO  c.h.c.w.i.u.a.CitizenIntelligenceAgencyUI - Browser addreess: 127.0.0.1 , application:Mozilla/5.0 (X11; Ubuntu; Linux x86_64; rv:39.0) Gecko/20100101 Firefox/39.0
2015-08-04 18:44:43,346 [main] INFO  o.e.j.s.ServerConnector - Stopped ServerConnector@71cf1b07{HTTP/1.1,[http/1.1]}{0.0.0.0:8080}
2015-08-04 18:44:43,352 [main] INFO  / - Destroying Spring FrameworkServlet 'cia-webservices'
2015-08-04 18:44:43,572 [main] INFO  / - Closing Spring root WebApplicationContext
2015-08-04 18:44:46,683 [main] INFO  o.a.a.b.BrokerService - Apache ActiveMQ 5.11.1 (localhost, ID:elektra-44893-1438706454253-0:1) is shutting down
2015-08-04 18:44:46,683 [main] INFO  o.a.a.b.TransportConnector - Connector vm://localhost:0 stopped
2015-08-04 18:44:46,704 [main] INFO  o.a.a.b.BrokerService - Apache ActiveMQ 5.11.1 (localhost, ID:elektra-44893-1438706454253-0:1) uptime 3 minutes
2015-08-04 18:44:46,704 [main] INFO  o.a.a.b.BrokerService - Apache ActiveMQ 5.11.1 (localhost, ID:elektra-44893-1438706454253-0:1) is shutdown
2015-08-04 18:44:48,086 [main] INFO  o.e.j.s.h.ContextHandler - Stopped o.e.j.w.WebAppContext@5b43fbf6{/,null,UNAVAILABLE}{src/main/webapp}
