2015-08-04 18:28:23,232 [main] INFO  o.e.j.u.log - Logging initialized @519ms
2015-08-04 18:28:23,334 [main] INFO  o.e.j.s.Server - jetty-9.3.2.v20150730
2015-08-04 18:28:23,509 [main] INFO  o.e.j.w.StandardDescriptorProcessor - NO JSP Support for /, did not find org.eclipse.jetty.jsp.JettyJspServlet
2015-08-04 18:28:23,560 [main] INFO  / - Initializing AtmosphereFramework
2015-08-04 18:28:23,567 [main] INFO  / - No Spring WebApplicationInitializer types detected on classpath
2015-08-04 18:28:23,579 [main] INFO  / - Initializing Spring root WebApplicationContext
INFO 8/4/15 6:28 PM: liquibase: Successfully acquired change log lock
INFO 8/4/15 6:28 PM: liquibase: Reading from public.databasechangelog
INFO 8/4/15 6:28 PM: liquibase: Successfully released change log lock
2015-08-04 18:28:27,638 [main] WARN  c.h.c.s.d.i.l.SpringLiquidBaseFailSafe - Problem after executing liquidbase, failed removing closed atomikos connection
2015-08-04 18:28:32,990 [main] INFO  o.a.a.b.BrokerService - Using Persistence Adapter: MemoryPersistenceAdapter
2015-08-04 18:28:33,009 [JMX connector] INFO  o.a.a.b.j.ManagementContext - JMX consoles can connect to service:jmx:rmi:///jndi/rmi://localhost:1099/jmxrmi
2015-08-04 18:28:33,135 [main] INFO  o.a.a.b.BrokerService - Apache ActiveMQ 5.11.1 (localhost, ID:elektra-60954-1438705713010-0:1) is starting
2015-08-04 18:28:33,146 [main] INFO  o.a.a.b.TransportConnector - Connector vm://localhost:0 started
2015-08-04 18:28:33,147 [main] INFO  o.a.a.b.BrokerService - Apache ActiveMQ 5.11.1 (localhost, ID:elektra-60954-1438705713010-0:1) started
2015-08-04 18:28:33,147 [main] INFO  o.a.a.b.BrokerService - For help or more information please see: http://activemq.apache.org
2015-08-04 18:28:34,571 [main] INFO  c.h.c.s.c.a.i.v.ValImportServiceImpl - Sweden political parties already in database
2015-08-04 18:28:35,265 [main] INFO  / - Initializing Spring FrameworkServlet 'cia-webservices'
2015-08-04 18:28:35,367 [main] INFO  o.e.j.s.h.ContextHandler - Started o.e.j.w.WebAppContext@61862a7f{/,file:///home/pether/git/cia/citizen-intelligence-agency/src/main/webapp/,AVAILABLE}{src/main/webapp}
2015-08-04 18:28:35,380 [main] INFO  o.e.j.s.ServerConnector - Started ServerConnector@363ee3a2{HTTP/1.1,[http/1.1]}{0.0.0.0:8080}
2015-08-04 18:28:35,381 [main] INFO  o.e.j.s.Server - Started @12669ms
Starting ChromeDriver 2.16.333243 (0bfa1d3575fc1044244f21ddb82bf870944ef961) on port 7046
Only local connections are allowed.
[0.615][SEVERE]: After loading Root Certs, loaded==false: NSS error code: -8018
2015-08-04 18:28:56,184 [qtp1405747618-15] INFO  c.h.c.w.i.u.a.CitizenIntelligenceAgencyUI - Browser addreess: 127.0.0.1 , application:Mozilla/5.0 (X11; Linux x86_64) AppleWebKit/537.36 (KHTML, like Gecko) Chrome/44.0.2403.125 Safari/537.36
2015-08-04 18:28:56,332 [qtp1405747618-282] INFO  c.h.c.w.i.u.a.CitizenIntelligenceAgencyUI - Browser addreess: 127.0.0.1 , application:Mozilla/5.0 (X11; Ubuntu; Linux x86_64; rv:39.0) Gecko/20100101 Firefox/39.0
Starting ChromeDriver 2.16.333243 (0bfa1d3575fc1044244f21ddb82bf870944ef961) on port 30832
Only local connections are allowed.
[0.560][SEVERE]: After loading Root Certs, loaded==false: NSS error code: -8018
2015-08-04 18:29:07,291 [qtp1405747618-14] INFO  c.h.c.w.i.u.a.CitizenIntelligenceAgencyUI - Browser addreess: 127.0.0.1 , application:Mozilla/5.0 (X11; Linux x86_64) AppleWebKit/537.36 (KHTML, like Gecko) Chrome/44.0.2403.125 Safari/537.36
2015-08-04 18:29:11,962 [qtp1405747618-282] INFO  c.h.c.w.i.u.a.CitizenIntelligenceAgencyUI - Browser addreess: 127.0.0.1 , application:Mozilla/5.0 (X11; Ubuntu; Linux x86_64; rv:39.0) Gecko/20100101 Firefox/39.0
Starting ChromeDriver 2.16.333243 (0bfa1d3575fc1044244f21ddb82bf870944ef961) on port 31411
Only local connections are allowed.
[0.536][SEVERE]: After loading Root Certs, loaded==false: NSS error code: -8018
2015-08-04 18:29:24,883 [qtp1405747618-16] INFO  c.h.c.w.i.u.a.CitizenIntelligenceAgencyUI - Browser addreess: 127.0.0.1 , application:Mozilla/5.0 (X11; Linux x86_64) AppleWebKit/537.36 (KHTML, like Gecko) Chrome/44.0.2403.125 Safari/537.36
2015-08-04 18:29:29,936 [qtp1405747618-282] INFO  c.h.c.w.i.u.a.CitizenIntelligenceAgencyUI - Browser addreess: 127.0.0.1 , application:Mozilla/5.0 (X11; Ubuntu; Linux x86_64; rv:39.0) Gecko/20100101 Firefox/39.0
Starting ChromeDriver 2.16.333243 (0bfa1d3575fc1044244f21ddb82bf870944ef961) on port 30263
Only local connections are allowed.
[0.569][SEVERE]: After loading Root Certs, loaded==false: NSS error code: -8018
2015-08-04 18:29:35,620 [qtp1405747618-19] INFO  c.h.c.w.i.u.a.CitizenIntelligenceAgencyUI - Browser addreess: 127.0.0.1 , application:Mozilla/5.0 (X11; Linux x86_64) AppleWebKit/537.36 (KHTML, like Gecko) Chrome/44.0.2403.125 Safari/537.36
2015-08-04 18:29:42,514 [qtp1405747618-13] INFO  c.h.c.w.i.u.a.CitizenIntelligenceAgencyUI - Browser addreess: 127.0.0.1 , application:Mozilla/5.0 (X11; Ubuntu; Linux x86_64; rv:39.0) Gecko/20100101 Firefox/39.0
Starting ChromeDriver 2.16.333243 (0bfa1d3575fc1044244f21ddb82bf870944ef961) on port 8512
Only local connections are allowed.
[0.549][SEVERE]: After loading Root Certs, loaded==false: NSS error code: -8018
2015-08-04 18:29:46,515 [qtp1405747618-290] INFO  c.h.c.w.i.u.a.CitizenIntelligenceAgencyUI - Browser addreess: 127.0.0.1 , application:Mozilla/5.0 (X11; Linux x86_64) AppleWebKit/537.36 (KHTML, like Gecko) Chrome/44.0.2403.125 Safari/537.36
2015-08-04 18:29:49,428 [qtp1405747618-13] INFO  c.h.c.w.i.u.a.v.c.AbstractView - propery:embeddedId
2015-08-04 18:29:56,547 [qtp1405747618-19] INFO  c.h.c.w.i.u.a.CitizenIntelligenceAgencyUI - Browser addreess: 127.0.0.1 , application:Mozilla/5.0 (X11; Ubuntu; Linux x86_64; rv:39.0) Gecko/20100101 Firefox/39.0
2015-08-04 18:29:59,417 [qtp1405747618-17] INFO  c.h.c.w.i.u.a.v.c.AbstractView - propery:embeddedId
Starting ChromeDriver 2.16.333243 (0bfa1d3575fc1044244f21ddb82bf870944ef961) on port 15458
Only local connections are allowed.
[0.543][SEVERE]: After loading Root Certs, loaded==false: NSS error code: -8018
2015-08-04 18:30:01,892 [qtp1405747618-19] INFO  c.h.c.w.i.u.a.CitizenIntelligenceAgencyUI - Browser addreess: 127.0.0.1 , application:Mozilla/5.0 (X11; Linux x86_64) AppleWebKit/537.36 (KHTML, like Gecko) Chrome/44.0.2403.125 Safari/537.36
Starting ChromeDriver 2.16.333243 (0bfa1d3575fc1044244f21ddb82bf870944ef961) on port 2858
Only local connections are allowed.
[0.543][SEVERE]: After loading Root Certs, loaded==false: NSS error code: -8018
2015-08-04 18:30:06,335 [qtp1405747618-14] INFO  c.h.c.w.i.u.a.CitizenIntelligenceAgencyUI - Browser addreess: 127.0.0.1 , application:Mozilla/5.0 (X11; Linux x86_64) AppleWebKit/537.36 (KHTML, like Gecko) Chrome/44.0.2403.125 Safari/537.36
Starting ChromeDriver 2.16.333243 (0bfa1d3575fc1044244f21ddb82bf870944ef961) on port 17502
Only local connections are allowed.
[0.541][SEVERE]: After loading Root Certs, loaded==false: NSS error code: -8018
2015-08-04 18:30:10,926 [qtp1405747618-19] INFO  c.h.c.w.i.u.a.CitizenIntelligenceAgencyUI - Browser addreess: 127.0.0.1 , application:Mozilla/5.0 (X11; Linux x86_64) AppleWebKit/537.36 (KHTML, like Gecko) Chrome/44.0.2403.125 Safari/537.36
2015-08-04 18:30:10,983 [qtp1405747618-19] INFO  c.h.c.w.i.u.a.v.u.c.AbstractUserView - property:activeParty
2015-08-04 18:30:10,983 [qtp1405747618-19] INFO  c.h.c.w.i.u.a.v.u.c.AbstractUserView - property:activeSpeaker
2015-08-04 18:30:10,983 [qtp1405747618-19] INFO  c.h.c.w.i.u.a.v.u.c.AbstractUserView - property:currentCommitteeAssignments
2015-08-04 18:30:10,983 [qtp1405747618-19] INFO  c.h.c.w.i.u.a.v.u.c.AbstractUserView - property:currentMinistryAssignments
2015-08-04 18:30:10,983 [qtp1405747618-19] INFO  c.h.c.w.i.u.a.v.u.c.AbstractUserView - property:currentPartyAssignments
2015-08-04 18:30:10,983 [qtp1405747618-19] INFO  c.h.c.w.i.u.a.v.u.c.AbstractUserView - property:currentSpeakerAssignments
2015-08-04 18:30:10,983 [qtp1405747618-19] INFO  c.h.c.w.i.u.a.v.u.c.AbstractUserView - property:party
2015-08-04 18:30:10,983 [qtp1405747618-19] INFO  c.h.c.w.i.u.a.v.u.c.AbstractUserView - property:totalCommitteeAssignments
2015-08-04 18:30:10,983 [qtp1405747618-19] INFO  c.h.c.w.i.u.a.v.u.c.AbstractUserView - property:totalDaysServedParty
2015-08-04 18:30:10,983 [qtp1405747618-19] INFO  c.h.c.w.i.u.a.v.u.c.AbstractUserView - property:totalDaysServedSpeaker
2015-08-04 18:30:10,983 [qtp1405747618-19] INFO  c.h.c.w.i.u.a.v.u.c.AbstractUserView - property:totalMinistryAssignments
2015-08-04 18:30:10,983 [qtp1405747618-19] INFO  c.h.c.w.i.u.a.v.u.c.AbstractUserView - property:totalPartyAssignments
2015-08-04 18:30:10,983 [qtp1405747618-19] INFO  c.h.c.w.i.u.a.v.u.c.AbstractUserView - property:totalSpeakerAssignments
2015-08-04 18:30:13,611 [qtp1405747618-290] INFO  c.h.c.w.i.u.a.CitizenIntelligenceAgencyUI - Browser addreess: 127.0.0.1 , application:Mozilla/5.0 (X11; Ubuntu; Linux x86_64; rv:39.0) Gecko/20100101 Firefox/39.0
2015-08-04 18:30:18,201 [qtp1405747618-17] INFO  c.h.c.w.i.u.a.CitizenIntelligenceAgencyUI - Browser addreess: 127.0.0.1 , application:Mozilla/5.0 (X11; Ubuntu; Linux x86_64; rv:39.0) Gecko/20100101 Firefox/39.0
2015-08-04 18:30:19,720 [qtp1405747618-16] ERROR c.v.s.DefaultErrorHandler - 
org.eclipse.jetty.io.EofException: null
	at org.eclipse.jetty.io.ChannelEndPoint.flush(ChannelEndPoint.java:200) ~[jetty-io-9.3.2.v20150730.jar:9.3.2.v20150730]
	at org.eclipse.jetty.io.WriteFlusher.flush(WriteFlusher.java:419) ~[jetty-io-9.3.2.v20150730.jar:9.3.2.v20150730]
	at org.eclipse.jetty.io.WriteFlusher.write(WriteFlusher.java:313) ~[jetty-io-9.3.2.v20150730.jar:9.3.2.v20150730]
	at org.eclipse.jetty.io.AbstractEndPoint.write(AbstractEndPoint.java:135) ~[jetty-io-9.3.2.v20150730.jar:9.3.2.v20150730]
	at org.eclipse.jetty.server.HttpConnection$SendCallback.process(HttpConnection.java:706) ~[jetty-server-9.3.2.v20150730.jar:9.3.2.v20150730]
	at org.eclipse.jetty.util.IteratingCallback.processing(IteratingCallback.java:241) ~[jetty-util-9.3.2.v20150730.jar:9.3.2.v20150730]
	at org.eclipse.jetty.util.IteratingCallback.iterate(IteratingCallback.java:224) ~[jetty-util-9.3.2.v20150730.jar:9.3.2.v20150730]
	at org.eclipse.jetty.server.HttpConnection.send(HttpConnection.java:511) [jetty-server-9.3.2.v20150730.jar:9.3.2.v20150730]
	at org.eclipse.jetty.server.HttpChannel.sendResponse(HttpChannel.java:619) [jetty-server-9.3.2.v20150730.jar:9.3.2.v20150730]
	at org.eclipse.jetty.server.HttpChannel.write(HttpChannel.java:668) [jetty-server-9.3.2.v20150730.jar:9.3.2.v20150730]
	at org.eclipse.jetty.server.HttpOutput.write(HttpOutput.java:177) ~[jetty-server-9.3.2.v20150730.jar:9.3.2.v20150730]
	at org.eclipse.jetty.server.HttpOutput.write(HttpOutput.java:163) ~[jetty-server-9.3.2.v20150730.jar:9.3.2.v20150730]
	at org.eclipse.jetty.server.HttpOutput.write(HttpOutput.java:436) ~[jetty-server-9.3.2.v20150730.jar:9.3.2.v20150730]
	at java.io.OutputStream.write(OutputStream.java:75) ~[na:1.8.0_51]
	at net.bull.javamelody.FilterServletOutputStream.write(FilterServletOutputStream.java:77) ~[javamelody-core-1.56.0.jar:1.56.0]
	at net.bull.javamelody.CounterResponseStream.write(CounterResponseStream.java:74) ~[javamelody-core-1.56.0.jar:1.56.0]
	at com.vaadin.server.communication.UIInitHandler.commitJsonResponse(UIInitHandler.java:118) ~[vaadin-server-7.5.2.jar:7.5.2]
	at com.vaadin.server.communication.UidlRequestHandler.synchronizedHandleRequest(UidlRequestHandler.java:118) ~[vaadin-server-7.5.2.jar:7.5.2]
	at com.vaadin.server.SynchronizedRequestHandler.handleRequest(SynchronizedRequestHandler.java:41) ~[vaadin-server-7.5.2.jar:7.5.2]
	at com.vaadin.server.VaadinService.handleRequest(VaadinService.java:1408) ~[vaadin-server-7.5.2.jar:7.5.2]
	at com.vaadin.server.VaadinServlet.service(VaadinServlet.java:350) [vaadin-server-7.5.2.jar:7.5.2]
	at javax.servlet.http.HttpServlet.service(HttpServlet.java:790) [javax.servlet-api-3.1.0.jar:3.1.0]
	at org.eclipse.jetty.servlet.ServletHolder.handle(ServletHolder.java:816) [jetty-servlet-9.3.2.v20150730.jar:9.3.2.v20150730]
	at org.eclipse.jetty.servlet.ServletHandler$CachedChain.doFilter(ServletHandler.java:1684) [jetty-servlet-9.3.2.v20150730.jar:9.3.2.v20150730]
	at net.bull.javamelody.MonitoringFilter.doFilter(MonitoringFilter.java:198) [javamelody-core-1.56.0.jar:1.56.0]
	at net.bull.javamelody.MonitoringFilter.doFilter(MonitoringFilter.java:176) [javamelody-core-1.56.0.jar:1.56.0]
	at org.eclipse.jetty.servlet.ServletHandler$CachedChain.doFilter(ServletHandler.java:1667) [jetty-servlet-9.3.2.v20150730.jar:9.3.2.v20150730]
	at org.eclipse.jetty.servlet.ServletHandler.doHandle(ServletHandler.java:581) [jetty-servlet-9.3.2.v20150730.jar:9.3.2.v20150730]
	at org.eclipse.jetty.server.handler.ScopedHandler.handle(ScopedHandler.java:143) [jetty-server-9.3.2.v20150730.jar:9.3.2.v20150730]
	at org.eclipse.jetty.security.SecurityHandler.handle(SecurityHandler.java:548) [jetty-security-9.3.2.v20150730.jar:9.3.2.v20150730]
	at org.eclipse.jetty.server.session.SessionHandler.doHandle(SessionHandler.java:226) [jetty-server-9.3.2.v20150730.jar:9.3.2.v20150730]
	at org.eclipse.jetty.server.handler.ContextHandler.doHandle(ContextHandler.java:1114) [jetty-server-9.3.2.v20150730.jar:9.3.2.v20150730]
	at org.eclipse.jetty.servlet.ServletHandler.doScope(ServletHandler.java:511) [jetty-servlet-9.3.2.v20150730.jar:9.3.2.v20150730]
	at org.eclipse.jetty.server.session.SessionHandler.doScope(SessionHandler.java:185) [jetty-server-9.3.2.v20150730.jar:9.3.2.v20150730]
	at org.eclipse.jetty.server.handler.ContextHandler.doScope(ContextHandler.java:1048) [jetty-server-9.3.2.v20150730.jar:9.3.2.v20150730]
	at org.eclipse.jetty.server.handler.ScopedHandler.handle(ScopedHandler.java:141) [jetty-server-9.3.2.v20150730.jar:9.3.2.v20150730]
	at org.eclipse.jetty.server.handler.HandlerList.handle(HandlerList.java:52) [jetty-server-9.3.2.v20150730.jar:9.3.2.v20150730]
	at org.eclipse.jetty.server.handler.HandlerWrapper.handle(HandlerWrapper.java:119) [jetty-server-9.3.2.v20150730.jar:9.3.2.v20150730]
	at org.eclipse.jetty.server.Server.handle(Server.java:517) [jetty-server-9.3.2.v20150730.jar:9.3.2.v20150730]
	at org.eclipse.jetty.server.HttpChannel.handle(HttpChannel.java:302) [jetty-server-9.3.2.v20150730.jar:9.3.2.v20150730]
	at org.eclipse.jetty.server.HttpConnection.onFillable(HttpConnection.java:242) [jetty-server-9.3.2.v20150730.jar:9.3.2.v20150730]
	at org.eclipse.jetty.io.AbstractConnection$ReadCallback.succeeded(AbstractConnection.java:245) [jetty-io-9.3.2.v20150730.jar:9.3.2.v20150730]
	at org.eclipse.jetty.io.FillInterest.fillable(FillInterest.java:95) [jetty-io-9.3.2.v20150730.jar:9.3.2.v20150730]
	at org.eclipse.jetty.io.SelectChannelEndPoint$2.run(SelectChannelEndPoint.java:75) [jetty-io-9.3.2.v20150730.jar:9.3.2.v20150730]
	at org.eclipse.jetty.util.thread.strategy.ExecuteProduceConsume.produceAndRun(ExecuteProduceConsume.java:213) [jetty-util-9.3.2.v20150730.jar:9.3.2.v20150730]
	at org.eclipse.jetty.util.thread.strategy.ExecuteProduceConsume.run(ExecuteProduceConsume.java:147) [jetty-util-9.3.2.v20150730.jar:9.3.2.v20150730]
	at org.eclipse.jetty.util.thread.QueuedThreadPool.runJob(QueuedThreadPool.java:654) [jetty-util-9.3.2.v20150730.jar:9.3.2.v20150730]
	at org.eclipse.jetty.util.thread.QueuedThreadPool$3.run(QueuedThreadPool.java:572) [jetty-util-9.3.2.v20150730.jar:9.3.2.v20150730]
	at java.lang.Thread.run(Thread.java:745) [na:1.8.0_51]
Caused by: java.io.IOException: Broken pipe
	at sun.nio.ch.FileDispatcherImpl.write0(Native Method) ~[na:1.8.0_51]
	at sun.nio.ch.SocketDispatcher.write(SocketDispatcher.java:47) ~[na:1.8.0_51]
	at sun.nio.ch.IOUtil.writeFromNativeBuffer(IOUtil.java:93) ~[na:1.8.0_51]
	at sun.nio.ch.IOUtil.write(IOUtil.java:65) ~[na:1.8.0_51]
	at sun.nio.ch.SocketChannelImpl.write(SocketChannelImpl.java:471) ~[na:1.8.0_51]
	at org.eclipse.jetty.io.ChannelEndPoint.flush(ChannelEndPoint.java:178) ~[jetty-io-9.3.2.v20150730.jar:9.3.2.v20150730]
	... 48 common frames omitted
2015-08-04 18:30:22,480 [qtp1405747618-282] INFO  c.h.c.w.i.u.a.CitizenIntelligenceAgencyUI - Browser addreess: 127.0.0.1 , application:Mozilla/5.0 (X11; Ubuntu; Linux x86_64; rv:39.0) Gecko/20100101 Firefox/39.0
2015-08-04 18:30:22,488 [qtp1405747618-282] INFO  c.h.c.w.i.u.a.v.u.c.AbstractUserView - property:activeParty
2015-08-04 18:30:22,488 [qtp1405747618-282] INFO  c.h.c.w.i.u.a.v.u.c.AbstractUserView - property:activeSpeaker
2015-08-04 18:30:22,488 [qtp1405747618-282] INFO  c.h.c.w.i.u.a.v.u.c.AbstractUserView - property:currentCommitteeAssignments
2015-08-04 18:30:22,488 [qtp1405747618-282] INFO  c.h.c.w.i.u.a.v.u.c.AbstractUserView - property:currentMinistryAssignments
2015-08-04 18:30:22,488 [qtp1405747618-282] INFO  c.h.c.w.i.u.a.v.u.c.AbstractUserView - property:currentPartyAssignments
2015-08-04 18:30:22,488 [qtp1405747618-282] INFO  c.h.c.w.i.u.a.v.u.c.AbstractUserView - property:currentSpeakerAssignments
2015-08-04 18:30:22,488 [qtp1405747618-282] INFO  c.h.c.w.i.u.a.v.u.c.AbstractUserView - property:party
2015-08-04 18:30:22,488 [qtp1405747618-282] INFO  c.h.c.w.i.u.a.v.u.c.AbstractUserView - property:totalCommitteeAssignments
2015-08-04 18:30:22,488 [qtp1405747618-282] INFO  c.h.c.w.i.u.a.v.u.c.AbstractUserView - property:totalDaysServedParty
2015-08-04 18:30:22,488 [qtp1405747618-282] INFO  c.h.c.w.i.u.a.v.u.c.AbstractUserView - property:totalDaysServedSpeaker
2015-08-04 18:30:22,488 [qtp1405747618-282] INFO  c.h.c.w.i.u.a.v.u.c.AbstractUserView - property:totalMinistryAssignments
2015-08-04 18:30:22,488 [qtp1405747618-282] INFO  c.h.c.w.i.u.a.v.u.c.AbstractUserView - property:totalPartyAssignments
2015-08-04 18:30:22,489 [qtp1405747618-282] INFO  c.h.c.w.i.u.a.v.u.c.AbstractUserView - property:totalSpeakerAssignments
2015-08-04 18:30:30,134 [qtp1405747618-322] ERROR c.v.s.DefaultErrorHandler - 
org.eclipse.jetty.io.EofException: null
	at org.eclipse.jetty.io.ChannelEndPoint.flush(ChannelEndPoint.java:200) ~[jetty-io-9.3.2.v20150730.jar:9.3.2.v20150730]
	at org.eclipse.jetty.io.WriteFlusher.flush(WriteFlusher.java:419) ~[jetty-io-9.3.2.v20150730.jar:9.3.2.v20150730]
	at org.eclipse.jetty.io.WriteFlusher.write(WriteFlusher.java:313) ~[jetty-io-9.3.2.v20150730.jar:9.3.2.v20150730]
	at org.eclipse.jetty.io.AbstractEndPoint.write(AbstractEndPoint.java:135) ~[jetty-io-9.3.2.v20150730.jar:9.3.2.v20150730]
	at org.eclipse.jetty.server.HttpConnection$SendCallback.process(HttpConnection.java:706) ~[jetty-server-9.3.2.v20150730.jar:9.3.2.v20150730]
	at org.eclipse.jetty.util.IteratingCallback.processing(IteratingCallback.java:241) ~[jetty-util-9.3.2.v20150730.jar:9.3.2.v20150730]
	at org.eclipse.jetty.util.IteratingCallback.iterate(IteratingCallback.java:224) ~[jetty-util-9.3.2.v20150730.jar:9.3.2.v20150730]
	at org.eclipse.jetty.server.HttpConnection.send(HttpConnection.java:511) [jetty-server-9.3.2.v20150730.jar:9.3.2.v20150730]
	at org.eclipse.jetty.server.HttpChannel.sendResponse(HttpChannel.java:619) [jetty-server-9.3.2.v20150730.jar:9.3.2.v20150730]
	at org.eclipse.jetty.server.HttpChannel.write(HttpChannel.java:668) [jetty-server-9.3.2.v20150730.jar:9.3.2.v20150730]
	at org.eclipse.jetty.server.HttpOutput.write(HttpOutput.java:177) ~[jetty-server-9.3.2.v20150730.jar:9.3.2.v20150730]
	at org.eclipse.jetty.server.HttpOutput.write(HttpOutput.java:163) ~[jetty-server-9.3.2.v20150730.jar:9.3.2.v20150730]
	at org.eclipse.jetty.server.HttpOutput.write(HttpOutput.java:436) ~[jetty-server-9.3.2.v20150730.jar:9.3.2.v20150730]
	at java.io.OutputStream.write(OutputStream.java:75) ~[na:1.8.0_51]
	at net.bull.javamelody.FilterServletOutputStream.write(FilterServletOutputStream.java:77) ~[javamelody-core-1.56.0.jar:1.56.0]
	at net.bull.javamelody.CounterResponseStream.write(CounterResponseStream.java:74) ~[javamelody-core-1.56.0.jar:1.56.0]
	at com.vaadin.server.communication.UIInitHandler.commitJsonResponse(UIInitHandler.java:118) ~[vaadin-server-7.5.2.jar:7.5.2]
	at com.vaadin.server.communication.UidlRequestHandler.synchronizedHandleRequest(UidlRequestHandler.java:118) ~[vaadin-server-7.5.2.jar:7.5.2]
	at com.vaadin.server.SynchronizedRequestHandler.handleRequest(SynchronizedRequestHandler.java:41) ~[vaadin-server-7.5.2.jar:7.5.2]
	at com.vaadin.server.VaadinService.handleRequest(VaadinService.java:1408) ~[vaadin-server-7.5.2.jar:7.5.2]
	at com.vaadin.server.VaadinServlet.service(VaadinServlet.java:350) [vaadin-server-7.5.2.jar:7.5.2]
	at javax.servlet.http.HttpServlet.service(HttpServlet.java:790) [javax.servlet-api-3.1.0.jar:3.1.0]
	at org.eclipse.jetty.servlet.ServletHolder.handle(ServletHolder.java:816) [jetty-servlet-9.3.2.v20150730.jar:9.3.2.v20150730]
	at org.eclipse.jetty.servlet.ServletHandler$CachedChain.doFilter(ServletHandler.java:1684) [jetty-servlet-9.3.2.v20150730.jar:9.3.2.v20150730]
	at net.bull.javamelody.MonitoringFilter.doFilter(MonitoringFilter.java:198) [javamelody-core-1.56.0.jar:1.56.0]
	at net.bull.javamelody.MonitoringFilter.doFilter(MonitoringFilter.java:176) [javamelody-core-1.56.0.jar:1.56.0]
	at org.eclipse.jetty.servlet.ServletHandler$CachedChain.doFilter(ServletHandler.java:1667) [jetty-servlet-9.3.2.v20150730.jar:9.3.2.v20150730]
	at org.eclipse.jetty.servlet.ServletHandler.doHandle(ServletHandler.java:581) [jetty-servlet-9.3.2.v20150730.jar:9.3.2.v20150730]
	at org.eclipse.jetty.server.handler.ScopedHandler.handle(ScopedHandler.java:143) [jetty-server-9.3.2.v20150730.jar:9.3.2.v20150730]
	at org.eclipse.jetty.security.SecurityHandler.handle(SecurityHandler.java:548) [jetty-security-9.3.2.v20150730.jar:9.3.2.v20150730]
	at org.eclipse.jetty.server.session.SessionHandler.doHandle(SessionHandler.java:226) [jetty-server-9.3.2.v20150730.jar:9.3.2.v20150730]
	at org.eclipse.jetty.server.handler.ContextHandler.doHandle(ContextHandler.java:1114) [jetty-server-9.3.2.v20150730.jar:9.3.2.v20150730]
	at org.eclipse.jetty.servlet.ServletHandler.doScope(ServletHandler.java:511) [jetty-servlet-9.3.2.v20150730.jar:9.3.2.v20150730]
	at org.eclipse.jetty.server.session.SessionHandler.doScope(SessionHandler.java:185) [jetty-server-9.3.2.v20150730.jar:9.3.2.v20150730]
	at org.eclipse.jetty.server.handler.ContextHandler.doScope(ContextHandler.java:1048) [jetty-server-9.3.2.v20150730.jar:9.3.2.v20150730]
	at org.eclipse.jetty.server.handler.ScopedHandler.handle(ScopedHandler.java:141) [jetty-server-9.3.2.v20150730.jar:9.3.2.v20150730]
	at org.eclipse.jetty.server.handler.HandlerList.handle(HandlerList.java:52) [jetty-server-9.3.2.v20150730.jar:9.3.2.v20150730]
	at org.eclipse.jetty.server.handler.HandlerWrapper.handle(HandlerWrapper.java:119) [jetty-server-9.3.2.v20150730.jar:9.3.2.v20150730]
	at org.eclipse.jetty.server.Server.handle(Server.java:517) [jetty-server-9.3.2.v20150730.jar:9.3.2.v20150730]
	at org.eclipse.jetty.server.HttpChannel.handle(HttpChannel.java:302) [jetty-server-9.3.2.v20150730.jar:9.3.2.v20150730]
	at org.eclipse.jetty.server.HttpConnection.onFillable(HttpConnection.java:242) [jetty-server-9.3.2.v20150730.jar:9.3.2.v20150730]
	at org.eclipse.jetty.io.AbstractConnection$ReadCallback.succeeded(AbstractConnection.java:245) [jetty-io-9.3.2.v20150730.jar:9.3.2.v20150730]
	at org.eclipse.jetty.io.FillInterest.fillable(FillInterest.java:95) [jetty-io-9.3.2.v20150730.jar:9.3.2.v20150730]
	at org.eclipse.jetty.io.SelectChannelEndPoint$2.run(SelectChannelEndPoint.java:75) [jetty-io-9.3.2.v20150730.jar:9.3.2.v20150730]
	at org.eclipse.jetty.util.thread.strategy.ExecuteProduceConsume.produceAndRun(ExecuteProduceConsume.java:213) [jetty-util-9.3.2.v20150730.jar:9.3.2.v20150730]
	at org.eclipse.jetty.util.thread.strategy.ExecuteProduceConsume.run(ExecuteProduceConsume.java:147) [jetty-util-9.3.2.v20150730.jar:9.3.2.v20150730]
	at org.eclipse.jetty.util.thread.QueuedThreadPool.runJob(QueuedThreadPool.java:654) [jetty-util-9.3.2.v20150730.jar:9.3.2.v20150730]
	at org.eclipse.jetty.util.thread.QueuedThreadPool$3.run(QueuedThreadPool.java:572) [jetty-util-9.3.2.v20150730.jar:9.3.2.v20150730]
	at java.lang.Thread.run(Thread.java:745) [na:1.8.0_51]
Caused by: java.io.IOException: Broken pipe
	at sun.nio.ch.FileDispatcherImpl.write0(Native Method) ~[na:1.8.0_51]
	at sun.nio.ch.SocketDispatcher.write(SocketDispatcher.java:47) ~[na:1.8.0_51]
	at sun.nio.ch.IOUtil.writeFromNativeBuffer(IOUtil.java:93) ~[na:1.8.0_51]
	at sun.nio.ch.IOUtil.write(IOUtil.java:65) ~[na:1.8.0_51]
	at sun.nio.ch.SocketChannelImpl.write(SocketChannelImpl.java:471) ~[na:1.8.0_51]
	at org.eclipse.jetty.io.ChannelEndPoint.flush(ChannelEndPoint.java:178) ~[jetty-io-9.3.2.v20150730.jar:9.3.2.v20150730]
	... 48 common frames omitted
Starting ChromeDriver 2.16.333243 (0bfa1d3575fc1044244f21ddb82bf870944ef961) on port 24585
Only local connections are allowed.
[0.543][SEVERE]: After loading Root Certs, loaded==false: NSS error code: -8018
2015-08-04 18:30:38,451 [qtp1405747618-290] INFO  c.h.c.w.i.u.a.CitizenIntelligenceAgencyUI - Browser addreess: 127.0.0.1 , application:Mozilla/5.0 (X11; Linux x86_64) AppleWebKit/537.36 (KHTML, like Gecko) Chrome/44.0.2403.125 Safari/537.36
Starting ChromeDriver 2.16.333243 (0bfa1d3575fc1044244f21ddb82bf870944ef961) on port 12389
Only local connections are allowed.
[0.560][SEVERE]: After loading Root Certs, loaded==false: NSS error code: -8018
2015-08-04 18:30:54,334 [qtp1405747618-280] INFO  c.h.c.w.i.u.a.CitizenIntelligenceAgencyUI - Browser addreess: 127.0.0.1 , application:Mozilla/5.0 (X11; Linux x86_64) AppleWebKit/537.36 (KHTML, like Gecko) Chrome/44.0.2403.125 Safari/537.36
2015-08-04 18:30:54,371 [qtp1405747618-280] INFO  c.h.c.w.i.u.a.v.u.c.AbstractUserView - property:embeddedId
2015-08-04 18:30:59,463 [qtp1405747618-20] INFO  c.h.c.w.i.u.a.CitizenIntelligenceAgencyUI - Browser addreess: 127.0.0.1 , application:Mozilla/5.0 (X11; Ubuntu; Linux x86_64; rv:39.0) Gecko/20100101 Firefox/39.0
2015-08-04 18:31:06,114 [qtp1405747618-19] INFO  c.h.c.w.i.u.a.v.c.c.ChartDataManagerImpl - missing data for key:NoInfo
Starting ChromeDriver 2.16.333243 (0bfa1d3575fc1044244f21ddb82bf870944ef961) on port 6807
Only local connections are allowed.
[0.544][SEVERE]: After loading Root Certs, loaded==false: NSS error code: -8018
2015-08-04 18:31:18,721 [qtp1405747618-14] INFO  c.h.c.w.i.u.a.CitizenIntelligenceAgencyUI - Browser addreess: 127.0.0.1 , application:Mozilla/5.0 (X11; Linux x86_64) AppleWebKit/537.36 (KHTML, like Gecko) Chrome/44.0.2403.125 Safari/537.36
2015-08-04 18:31:18,725 [qtp1405747618-14] INFO  c.h.c.w.i.u.a.v.u.c.AbstractUserView - property:committeeReportUrlXml
2015-08-04 18:31:18,725 [qtp1405747618-14] INFO  c.h.c.w.i.u.a.v.u.c.AbstractUserView - property:documentStatusUrlXml
2015-08-04 18:31:18,725 [qtp1405747618-14] INFO  c.h.c.w.i.u.a.v.u.c.AbstractUserView - property:documentUrlHtml
2015-08-04 18:31:18,725 [qtp1405747618-14] INFO  c.h.c.w.i.u.a.v.u.c.AbstractUserView - property:documentUrlText
2015-08-04 18:31:18,725 [qtp1405747618-14] INFO  c.h.c.w.i.u.a.v.u.c.AbstractUserView - property:hit
2015-08-04 18:31:18,725 [qtp1405747618-14] INFO  c.h.c.w.i.u.a.v.u.c.AbstractUserView - property:document
2015-08-04 18:31:18,725 [qtp1405747618-14] INFO  c.h.c.w.i.u.a.v.u.c.AbstractUserView - property:documentActivityContainer
2015-08-04 18:31:18,725 [qtp1405747618-14] INFO  c.h.c.w.i.u.a.v.u.c.AbstractUserView - property:documentAttachmentContainer
2015-08-04 18:31:18,725 [qtp1405747618-14] INFO  c.h.c.w.i.u.a.v.u.c.AbstractUserView - property:documentDetailContainer
2015-08-04 18:31:18,725 [qtp1405747618-14] INFO  c.h.c.w.i.u.a.v.u.c.AbstractUserView - property:documentPersonReferenceContainer
2015-08-04 18:31:18,725 [qtp1405747618-14] INFO  c.h.c.w.i.u.a.v.u.c.AbstractUserView - property:documentProposal
2015-08-04 18:31:18,725 [qtp1405747618-14] INFO  c.h.c.w.i.u.a.v.u.c.AbstractUserView - property:documentReferenceContainer
2015-08-04 18:31:18,725 [qtp1405747618-14] INFO  c.h.c.w.i.u.a.v.u.c.AbstractUserView - property:hjid
2015-08-04 18:31:18,729 [qtp1405747618-14] INFO  c.h.c.w.i.u.a.v.u.c.AbstractUserView - property:committeeReportUrlXml
2015-08-04 18:31:18,729 [qtp1405747618-14] INFO  c.h.c.w.i.u.a.v.u.c.AbstractUserView - property:documentStatusUrlWWW
2015-08-04 18:31:18,729 [qtp1405747618-14] INFO  c.h.c.w.i.u.a.v.u.c.AbstractUserView - property:documentStatusUrlXml
2015-08-04 18:31:18,729 [qtp1405747618-14] INFO  c.h.c.w.i.u.a.v.u.c.AbstractUserView - property:documentUrlHtml
2015-08-04 18:31:18,729 [qtp1405747618-14] INFO  c.h.c.w.i.u.a.v.u.c.AbstractUserView - property:documentUrlText
2015-08-04 18:31:18,729 [qtp1405747618-14] INFO  c.h.c.w.i.u.a.v.u.c.AbstractUserView - property:finalNumber
2015-08-04 18:31:19,879 [qtp1405747618-15] INFO  c.h.c.w.i.u.a.CitizenIntelligenceAgencyUI - Browser addreess: 127.0.0.1 , application:Mozilla/5.0 (X11; Ubuntu; Linux x86_64; rv:39.0) Gecko/20100101 Firefox/39.0
2015-08-04 18:31:19,883 [qtp1405747618-15] INFO  c.h.c.w.i.u.a.v.u.c.AbstractUserView - property:embeddedId
Starting ChromeDriver 2.16.333243 (0bfa1d3575fc1044244f21ddb82bf870944ef961) on port 5921
Only local connections are allowed.
[0.575][SEVERE]: After loading Root Certs, loaded==false: NSS error code: -8018
2015-08-04 18:31:23,049 [qtp1405747618-280] INFO  c.h.c.w.i.u.a.CitizenIntelligenceAgencyUI - Browser addreess: 127.0.0.1 , application:Mozilla/5.0 (X11; Linux x86_64) AppleWebKit/537.36 (KHTML, like Gecko) Chrome/44.0.2403.125 Safari/537.36
2015-08-04 18:31:23,113 [qtp1405747618-280] INFO  c.h.c.w.i.u.a.v.u.c.AbstractUserView - property:personId
2015-08-04 18:31:35,333 [qtp1405747618-17] INFO  c.h.c.w.i.u.a.v.c.c.ChartDataManagerImpl - missing data for key:NoInfo
Starting ChromeDriver 2.16.333243 (0bfa1d3575fc1044244f21ddb82bf870944ef961) on port 12205
Only local connections are allowed.
[0.567][SEVERE]: After loading Root Certs, loaded==false: NSS error code: -8018
2015-08-04 18:31:39,432 [qtp1405747618-16] INFO  c.h.c.w.i.u.a.CitizenIntelligenceAgencyUI - Browser addreess: 127.0.0.1 , application:Mozilla/5.0 (X11; Linux x86_64) AppleWebKit/537.36 (KHTML, like Gecko) Chrome/44.0.2403.125 Safari/537.36
2015-08-04 18:31:48,963 [qtp1405747618-17] INFO  c.h.c.w.i.u.a.CitizenIntelligenceAgencyUI - Browser addreess: 127.0.0.1 , application:Mozilla/5.0 (X11; Ubuntu; Linux x86_64; rv:39.0) Gecko/20100101 Firefox/39.0
2015-08-04 18:31:48,967 [qtp1405747618-17] INFO  c.h.c.w.i.u.a.v.u.c.AbstractUserView - property:committeeReportUrlXml
2015-08-04 18:31:48,968 [qtp1405747618-17] INFO  c.h.c.w.i.u.a.v.u.c.AbstractUserView - property:documentStatusUrlXml
2015-08-04 18:31:48,968 [qtp1405747618-17] INFO  c.h.c.w.i.u.a.v.u.c.AbstractUserView - property:documentUrlHtml
2015-08-04 18:31:48,968 [qtp1405747618-17] INFO  c.h.c.w.i.u.a.v.u.c.AbstractUserView - property:documentUrlText
2015-08-04 18:31:48,968 [qtp1405747618-17] INFO  c.h.c.w.i.u.a.v.u.c.AbstractUserView - property:hit
2015-08-04 18:31:48,968 [qtp1405747618-17] INFO  c.h.c.w.i.u.a.v.u.c.AbstractUserView - property:document
2015-08-04 18:31:48,968 [qtp1405747618-17] INFO  c.h.c.w.i.u.a.v.u.c.AbstractUserView - property:documentActivityContainer
2015-08-04 18:31:48,968 [qtp1405747618-17] INFO  c.h.c.w.i.u.a.v.u.c.AbstractUserView - property:documentAttachmentContainer
2015-08-04 18:31:48,968 [qtp1405747618-17] INFO  c.h.c.w.i.u.a.v.u.c.AbstractUserView - property:documentDetailContainer
2015-08-04 18:31:48,968 [qtp1405747618-17] INFO  c.h.c.w.i.u.a.v.u.c.AbstractUserView - property:documentPersonReferenceContainer
2015-08-04 18:31:48,968 [qtp1405747618-17] INFO  c.h.c.w.i.u.a.v.u.c.AbstractUserView - property:documentProposal
2015-08-04 18:31:48,968 [qtp1405747618-17] INFO  c.h.c.w.i.u.a.v.u.c.AbstractUserView - property:documentReferenceContainer
2015-08-04 18:31:48,968 [qtp1405747618-17] INFO  c.h.c.w.i.u.a.v.u.c.AbstractUserView - property:hjid
2015-08-04 18:31:48,969 [qtp1405747618-17] INFO  c.h.c.w.i.u.a.v.u.c.AbstractUserView - property:committeeReportUrlXml
2015-08-04 18:31:48,969 [qtp1405747618-17] INFO  c.h.c.w.i.u.a.v.u.c.AbstractUserView - property:documentStatusUrlWWW
2015-08-04 18:31:48,969 [qtp1405747618-17] INFO  c.h.c.w.i.u.a.v.u.c.AbstractUserView - property:documentStatusUrlXml
2015-08-04 18:31:48,969 [qtp1405747618-17] INFO  c.h.c.w.i.u.a.v.u.c.AbstractUserView - property:documentUrlHtml
2015-08-04 18:31:48,969 [qtp1405747618-17] INFO  c.h.c.w.i.u.a.v.u.c.AbstractUserView - property:documentUrlText
2015-08-04 18:31:48,969 [qtp1405747618-17] INFO  c.h.c.w.i.u.a.v.u.c.AbstractUserView - property:finalNumber
2015-08-04 18:32:00,090 [qtp1405747618-282] INFO  c.h.c.w.i.u.a.CitizenIntelligenceAgencyUI - Browser addreess: 127.0.0.1 , application:Mozilla/5.0 (X11; Ubuntu; Linux x86_64; rv:39.0) Gecko/20100101 Firefox/39.0
2015-08-04 18:32:00,101 [qtp1405747618-282] INFO  c.h.c.w.i.u.a.v.u.c.AbstractUserView - property:personId
2015-08-04 18:32:20,788 [qtp1405747618-20] INFO  c.h.c.w.i.u.a.CitizenIntelligenceAgencyUI - Browser addreess: 127.0.0.1 , application:Mozilla/5.0 (X11; Ubuntu; Linux x86_64; rv:39.0) Gecko/20100101 Firefox/39.0
2015-08-04 18:32:34,906 [main] INFO  o.e.j.s.ServerConnector - Stopped ServerConnector@363ee3a2{HTTP/1.1,[http/1.1]}{0.0.0.0:8080}
2015-08-04 18:32:34,909 [main] INFO  / - Destroying Spring FrameworkServlet 'cia-webservices'
2015-08-04 18:32:35,063 [main] INFO  / - Closing Spring root WebApplicationContext
2015-08-04 18:32:35,743 [main] INFO  o.a.a.b.BrokerService - Apache ActiveMQ 5.11.1 (localhost, ID:elektra-60954-1438705713010-0:1) is shutting down
2015-08-04 18:32:35,744 [main] INFO  o.a.a.b.TransportConnector - Connector vm://localhost:0 stopped
2015-08-04 18:32:35,759 [main] INFO  o.a.a.b.BrokerService - Apache ActiveMQ 5.11.1 (localhost, ID:elektra-60954-1438705713010-0:1) uptime 4 minutes
2015-08-04 18:32:35,759 [main] INFO  o.a.a.b.BrokerService - Apache ActiveMQ 5.11.1 (localhost, ID:elektra-60954-1438705713010-0:1) is shutdown
2015-08-04 18:32:36,988 [main] INFO  o.e.j.s.h.ContextHandler - Stopped o.e.j.w.WebAppContext@61862a7f{/,null,UNAVAILABLE}{src/main/webapp}
