Timing is on.
==================================================
CIA Sample Data Extraction
Started: Fri Nov 21 11:48:45 AM CET 2025
==================================================

Configuration:
  Sample size: 50 rows per table/view
  Output format: CSV with headers
  Extraction strategy: Diverse sampling with DISTINCT for key columns


==========================================
=== EXTRACTING TABLE SAMPLE DATA      ===
==========================================

psql:/workspaces/cia/service.data.impl/src/main/resources/extract-sample-data.sql:96: NOTICE:  Analyzing tables for sample data extraction...
psql:/workspaces/cia/service.data.impl/src/main/resources/extract-sample-data.sql:96: NOTICE:  
psql:/workspaces/cia/service.data.impl/src/main/resources/extract-sample-data.sql:96: NOTICE:  Table against_proposal_container: 2622 rows available
psql:/workspaces/cia/service.data.impl/src/main/resources/extract-sample-data.sql:96: NOTICE:  Table against_proposal_data: 27626 rows available
psql:/workspaces/cia/service.data.impl/src/main/resources/extract-sample-data.sql:96: NOTICE:  Table agency: 1 rows available
psql:/workspaces/cia/service.data.impl/src/main/resources/extract-sample-data.sql:96: NOTICE:  Table application_action_event: 357 rows available
psql:/workspaces/cia/service.data.impl/src/main/resources/extract-sample-data.sql:96: NOTICE:  Table application_configuration: 14 rows available
psql:/workspaces/cia/service.data.impl/src/main/resources/extract-sample-data.sql:96: NOTICE:  Table application_session: 147 rows available
psql:/workspaces/cia/service.data.impl/src/main/resources/extract-sample-data.sql:96: NOTICE:  Skipping application_view: empty table
psql:/workspaces/cia/service.data.impl/src/main/resources/extract-sample-data.sql:96: NOTICE:  Table assignment_data: 31127 rows available
psql:/workspaces/cia/service.data.impl/src/main/resources/extract-sample-data.sql:96: NOTICE:  Skipping assignment_element: empty table
psql:/workspaces/cia/service.data.impl/src/main/resources/extract-sample-data.sql:96: NOTICE:  Table committee_document_data: 4156 rows available
psql:/workspaces/cia/service.data.impl/src/main/resources/extract-sample-data.sql:96: NOTICE:  Table committee_proposal_component_0: 4156 rows available
psql:/workspaces/cia/service.data.impl/src/main/resources/extract-sample-data.sql:96: NOTICE:  Table committee_proposal_container: 3874 rows available
psql:/workspaces/cia/service.data.impl/src/main/resources/extract-sample-data.sql:96: NOTICE:  Table committee_proposal_data: 29502 rows available
psql:/workspaces/cia/service.data.impl/src/main/resources/extract-sample-data.sql:96: NOTICE:  Skipping countries_element: empty table
psql:/workspaces/cia/service.data.impl/src/main/resources/extract-sample-data.sql:96: NOTICE:  Table country_element: 211 rows available
psql:/workspaces/cia/service.data.impl/src/main/resources/extract-sample-data.sql:96: NOTICE:  Skipping data_element: empty table
psql:/workspaces/cia/service.data.impl/src/main/resources/extract-sample-data.sql:96: NOTICE:  Skipping data_source_content: empty table
psql:/workspaces/cia/service.data.impl/src/main/resources/extract-sample-data.sql:96: NOTICE:  Table detail_data: 17541 rows available
psql:/workspaces/cia/service.data.impl/src/main/resources/extract-sample-data.sql:96: NOTICE:  Skipping detail_element: empty table
psql:/workspaces/cia/service.data.impl/src/main/resources/extract-sample-data.sql:96: NOTICE:  Table document_activity_container: 42967 rows available
psql:/workspaces/cia/service.data.impl/src/main/resources/extract-sample-data.sql:96: NOTICE:  Table document_activity_data: 159926 rows available
psql:/workspaces/cia/service.data.impl/src/main/resources/extract-sample-data.sql:96: NOTICE:  Table document_attachment: 74037 rows available
psql:/workspaces/cia/service.data.impl/src/main/resources/extract-sample-data.sql:96: NOTICE:  Table document_attachment_container: 34656 rows available
psql:/workspaces/cia/service.data.impl/src/main/resources/extract-sample-data.sql:96: NOTICE:  Skipping document_container_element: empty table
psql:/workspaces/cia/service.data.impl/src/main/resources/extract-sample-data.sql:96: NOTICE:  Table document_content_data: 132868 rows available
psql:/workspaces/cia/service.data.impl/src/main/resources/extract-sample-data.sql:96: NOTICE:  Table document_data: 43441 rows available
psql:/workspaces/cia/service.data.impl/src/main/resources/extract-sample-data.sql:96: NOTICE:  Table document_detail_container: 42881 rows available
psql:/workspaces/cia/service.data.impl/src/main/resources/extract-sample-data.sql:96: NOTICE:  Table document_detail_data: 150899 rows available
psql:/workspaces/cia/service.data.impl/src/main/resources/extract-sample-data.sql:96: NOTICE:  Table document_element: 304034 rows available
psql:/workspaces/cia/service.data.impl/src/main/resources/extract-sample-data.sql:96: NOTICE:  Table document_person_reference_co_0: 37384 rows available
psql:/workspaces/cia/service.data.impl/src/main/resources/extract-sample-data.sql:96: NOTICE:  Table document_person_reference_da_0: 104627 rows available
psql:/workspaces/cia/service.data.impl/src/main/resources/extract-sample-data.sql:96: NOTICE:  Table document_proposal_container: 38289 rows available
psql:/workspaces/cia/service.data.impl/src/main/resources/extract-sample-data.sql:96: NOTICE:  Table document_proposal_data: 38289 rows available
psql:/workspaces/cia/service.data.impl/src/main/resources/extract-sample-data.sql:96: NOTICE:  Table document_reference_container: 20367 rows available
psql:/workspaces/cia/service.data.impl/src/main/resources/extract-sample-data.sql:96: NOTICE:  Table document_reference_data: 115231 rows available
psql:/workspaces/cia/service.data.impl/src/main/resources/extract-sample-data.sql:96: NOTICE:  Table document_status_container: 43441 rows available
psql:/workspaces/cia/service.data.impl/src/main/resources/extract-sample-data.sql:96: NOTICE:  Skipping domain_portal: empty table
psql:/workspaces/cia/service.data.impl/src/main/resources/extract-sample-data.sql:96: NOTICE:  Table encrypted_value: 2 rows available
psql:/workspaces/cia/service.data.impl/src/main/resources/extract-sample-data.sql:96: NOTICE:  Table indicator_element: 20480 rows available
psql:/workspaces/cia/service.data.impl/src/main/resources/extract-sample-data.sql:96: NOTICE:  Skipping indicators_element: empty table
psql:/workspaces/cia/service.data.impl/src/main/resources/extract-sample-data.sql:96: NOTICE:  Table jv_commit: 4662659 rows available
psql:/workspaces/cia/service.data.impl/src/main/resources/extract-sample-data.sql:96: NOTICE:  Table jv_commit_property: 4662657 rows available
psql:/workspaces/cia/service.data.impl/src/main/resources/extract-sample-data.sql:96: NOTICE:  Table jv_global_id: 10432365 rows available
psql:/workspaces/cia/service.data.impl/src/main/resources/extract-sample-data.sql:96: NOTICE:  Table jv_snapshot: 10458304 rows available
psql:/workspaces/cia/service.data.impl/src/main/resources/extract-sample-data.sql:96: NOTICE:  Skipping language_content_data: empty table
psql:/workspaces/cia/service.data.impl/src/main/resources/extract-sample-data.sql:96: NOTICE:  Table language_data: 135 rows available
psql:/workspaces/cia/service.data.impl/src/main/resources/extract-sample-data.sql:96: NOTICE:  Skipping operational_information_cont_0: empty table
psql:/workspaces/cia/service.data.impl/src/main/resources/extract-sample-data.sql:96: NOTICE:  Skipping performance_indicator_content: empty table
psql:/workspaces/cia/service.data.impl/src/main/resources/extract-sample-data.sql:96: NOTICE:  Table person_assignment_data: 2482 rows available
psql:/workspaces/cia/service.data.impl/src/main/resources/extract-sample-data.sql:96: NOTICE:  Skipping person_assignment_element: empty table
psql:/workspaces/cia/service.data.impl/src/main/resources/extract-sample-data.sql:96: NOTICE:  Skipping person_container_data: empty table
psql:/workspaces/cia/service.data.impl/src/main/resources/extract-sample-data.sql:96: NOTICE:  Skipping person_container_element: empty table
psql:/workspaces/cia/service.data.impl/src/main/resources/extract-sample-data.sql:96: NOTICE:  Table person_data: 2482 rows available
psql:/workspaces/cia/service.data.impl/src/main/resources/extract-sample-data.sql:96: NOTICE:  Table person_detail_data: 2482 rows available
psql:/workspaces/cia/service.data.impl/src/main/resources/extract-sample-data.sql:96: NOTICE:  Skipping person_detail_element: empty table
psql:/workspaces/cia/service.data.impl/src/main/resources/extract-sample-data.sql:96: NOTICE:  Skipping person_element: empty table
psql:/workspaces/cia/service.data.impl/src/main/resources/extract-sample-data.sql:96: NOTICE:  Table portal: 2 rows available
psql:/workspaces/cia/service.data.impl/src/main/resources/extract-sample-data.sql:96: NOTICE:  Skipping quality_assurance_content: empty table
psql:/workspaces/cia/service.data.impl/src/main/resources/extract-sample-data.sql:96: NOTICE:  Table rule_violation: 2325 rows available
psql:/workspaces/cia/service.data.impl/src/main/resources/extract-sample-data.sql:96: NOTICE:  Skipping sweden_county_data: empty table
psql:/workspaces/cia/service.data.impl/src/main/resources/extract-sample-data.sql:96: NOTICE:  Skipping sweden_county_data_container: empty table
psql:/workspaces/cia/service.data.impl/src/main/resources/extract-sample-data.sql:96: NOTICE:  Skipping sweden_county_electoral_area: empty table
psql:/workspaces/cia/service.data.impl/src/main/resources/extract-sample-data.sql:96: NOTICE:  Skipping sweden_county_electoral_regi_0: empty table
psql:/workspaces/cia/service.data.impl/src/main/resources/extract-sample-data.sql:96: NOTICE:  Skipping sweden_county_electoral_regi_1: empty table
psql:/workspaces/cia/service.data.impl/src/main/resources/extract-sample-data.sql:96: NOTICE:  Skipping sweden_election_region: empty table
psql:/workspaces/cia/service.data.impl/src/main/resources/extract-sample-data.sql:96: NOTICE:  Skipping sweden_election_type: empty table
psql:/workspaces/cia/service.data.impl/src/main/resources/extract-sample-data.sql:96: NOTICE:  Skipping sweden_election_type_contain_0: empty table
psql:/workspaces/cia/service.data.impl/src/main/resources/extract-sample-data.sql:96: NOTICE:  Skipping sweden_municipality_data: empty table
psql:/workspaces/cia/service.data.impl/src/main/resources/extract-sample-data.sql:96: NOTICE:  Skipping sweden_municipality_election_0: empty table
psql:/workspaces/cia/service.data.impl/src/main/resources/extract-sample-data.sql:96: NOTICE:  Skipping sweden_parliament_electoral__0: empty table
psql:/workspaces/cia/service.data.impl/src/main/resources/extract-sample-data.sql:96: NOTICE:  Skipping sweden_parliament_electoral__1: empty table
psql:/workspaces/cia/service.data.impl/src/main/resources/extract-sample-data.sql:96: NOTICE:  Table sweden_political_party: 40 rows available
psql:/workspaces/cia/service.data.impl/src/main/resources/extract-sample-data.sql:96: NOTICE:  Skipping target_profile_content: empty table
psql:/workspaces/cia/service.data.impl/src/main/resources/extract-sample-data.sql:96: NOTICE:  Table topic: 4410 rows available
psql:/workspaces/cia/service.data.impl/src/main/resources/extract-sample-data.sql:96: NOTICE:  Table topics: 20480 rows available
psql:/workspaces/cia/service.data.impl/src/main/resources/extract-sample-data.sql:96: NOTICE:  Table user_account: 12 rows available
psql:/workspaces/cia/service.data.impl/src/main/resources/extract-sample-data.sql:96: NOTICE:  Skipping user_account_address: empty table
psql:/workspaces/cia/service.data.impl/src/main/resources/extract-sample-data.sql:96: NOTICE:  Table vote_data: 3530762 rows available
psql:/workspaces/cia/service.data.impl/src/main/resources/extract-sample-data.sql:96: NOTICE:  Skipping vote_meta_data: empty table
psql:/workspaces/cia/service.data.impl/src/main/resources/extract-sample-data.sql:96: NOTICE:  Table world_bank_data: 595268 rows available
psql:/workspaces/cia/service.data.impl/src/main/resources/extract-sample-data.sql:96: NOTICE:  
psql:/workspaces/cia/service.data.impl/src/main/resources/extract-sample-data.sql:96: NOTICE:  Table analysis summary:
psql:/workspaces/cia/service.data.impl/src/main/resources/extract-sample-data.sql:96: NOTICE:    Tables with data: 47
psql:/workspaces/cia/service.data.impl/src/main/resources/extract-sample-data.sql:96: NOTICE:    Empty tables: 33
psql:/workspaces/cia/service.data.impl/src/main/resources/extract-sample-data.sql:96: NOTICE:  
DO
Time: 6260.712 ms (00:06.261)
Extracting sample data from tables...

COPY 50
Time: 6.209 ms
COPY 50
Time: 23.181 ms
COPY 1
Time: 0.475 ms
COPY 50
Time: 0.725 ms
COPY 14
Time: 1.505 ms
COPY 50
Time: 1.535 ms
COPY 0
Time: 1.434 ms
COPY 50
Time: 13.930 ms
COPY 0
Time: 3.956 ms
COPY 50
Time: 3.371 ms
COPY 50
Time: 3.678 ms
COPY 50
Time: 2.466 ms
COPY 50
Time: 21.668 ms
COPY 0
Time: 0.492 ms
COPY 50
Time: 1.249 ms
COPY 0
Time: 0.194 ms
COPY 0
Time: 0.224 ms
COPY 50
Time: 11.733 ms
COPY 0
Time: 0.300 ms
COPY 50
Time: 6.890 ms
COPY 50
Time: 61.331 ms
COPY 50
Time: 31.588 ms
COPY 50
Time: 6.441 ms
COPY 0
Time: 2.702 ms
COPY 50
Time: 3295.319 ms (00:03.295)
COPY 50
Time: 28.156 ms
COPY 50
Time: 22.895 ms
COPY 50
Time: 69.822 ms
COPY 50
Time: 340.118 ms
COPY 50
Time: 15.440 ms
COPY 50
Time: 32.765 ms
COPY 50
Time: 19.593 ms
COPY 50
Time: 435.374 ms
COPY 50
Time: 8.177 ms
COPY 50
Time: 47.120 ms
COPY 50
Time: 13.437 ms
COPY 0
Time: 1.705 ms
COPY 2
Time: 1.191 ms
COPY 50
Time: 11.879 ms
COPY 0
Time: 1.687 ms
COPY 50
Time: 1094.764 ms (00:01.095)
COPY 50
Time: 924.806 ms
COPY 50
Time: 3116.272 ms (00:03.116)
COPY 50
Time: 234752.486 ms (03:54.752)
COPY 0
Time: 1.905 ms
COPY 50
Time: 1.838 ms
COPY 0
Time: 0.192 ms
COPY 0
Time: 0.186 ms
COPY 50
Time: 0.645 ms
COPY 0
Time: 0.176 ms
COPY 0
Time: 2.536 ms
COPY 0
Time: 1.688 ms
COPY 50
Time: 2.662 ms
COPY 50
Time: 0.625 ms
COPY 0
Time: 0.303 ms
COPY 0
Time: 0.330 ms
COPY 2
Time: 1.364 ms
COPY 0
Time: 0.224 ms
COPY 50
Time: 6.850 ms
COPY 0
Time: 0.323 ms
COPY 0
Time: 0.218 ms
COPY 0
Time: 0.222 ms
COPY 0
Time: 0.337 ms
COPY 0
Time: 0.273 ms
COPY 0
Time: 1.065 ms
COPY 0
Time: 0.760 ms
COPY 0
Time: 0.347 ms
COPY 0
Time: 0.247 ms
COPY 0
Time: 0.237 ms
COPY 0
Time: 0.269 ms
COPY 0
Time: 0.322 ms
COPY 40
Time: 0.309 ms
COPY 0
Time: 0.192 ms
COPY 50
Time: 9.418 ms
COPY 50
Time: 4.635 ms
COPY 12
Time: 1.189 ms
COPY 0
Time: 1.663 ms
COPY 50
Time: 2112.255 ms (00:02.112)
COPY 0
Time: 0.449 ms
COPY 50
Time: 262.128 ms
Time: 12.109 ms

==========================================
=== EXTRACTING VIEW SAMPLE DATA       ===
==========================================

psql:/workspaces/cia/service.data.impl/src/main/resources/extract-sample-data.sql:176: NOTICE:  Analyzing views for sample data extraction...
psql:/workspaces/cia/service.data.impl/src/main/resources/extract-sample-data.sql:176: NOTICE:  
psql:/workspaces/cia/service.data.impl/src/main/resources/extract-sample-data.sql:176: NOTICE:  View pg_stat_statements: 998 rows available (VIEW)
psql:/workspaces/cia/service.data.impl/src/main/resources/extract-sample-data.sql:176: NOTICE:  View pg_stat_statements_info: 1 rows available (VIEW)
psql:/workspaces/cia/service.data.impl/src/main/resources/extract-sample-data.sql:176: NOTICE:  View view_application_action_event_page_annual_summary: 31 rows available (VIEW)
psql:/workspaces/cia/service.data.impl/src/main/resources/extract-sample-data.sql:176: NOTICE:  View view_application_action_event_page_daily_summary: 55 rows available (VIEW)
psql:/workspaces/cia/service.data.impl/src/main/resources/extract-sample-data.sql:176: NOTICE:  View view_application_action_event_page_element_annual_summary: 71 rows available (VIEW)
psql:/workspaces/cia/service.data.impl/src/main/resources/extract-sample-data.sql:176: NOTICE:  View view_application_action_event_page_element_daily_summary: 92 rows available (VIEW)
psql:/workspaces/cia/service.data.impl/src/main/resources/extract-sample-data.sql:176: NOTICE:  View view_application_action_event_page_element_hourly_summary: 98 rows available (VIEW)
psql:/workspaces/cia/service.data.impl/src/main/resources/extract-sample-data.sql:176: NOTICE:  View view_application_action_event_page_element_weekly_summary: 88 rows available (VIEW)
psql:/workspaces/cia/service.data.impl/src/main/resources/extract-sample-data.sql:176: NOTICE:  View view_application_action_event_page_hourly_summary: 73 rows available (VIEW)
psql:/workspaces/cia/service.data.impl/src/main/resources/extract-sample-data.sql:176: NOTICE:  View view_application_action_event_page_modes_annual_summary: 57 rows available (VIEW)
psql:/workspaces/cia/service.data.impl/src/main/resources/extract-sample-data.sql:176: NOTICE:  View view_application_action_event_page_modes_daily_summary: 80 rows available (VIEW)
psql:/workspaces/cia/service.data.impl/src/main/resources/extract-sample-data.sql:176: NOTICE:  View view_application_action_event_page_modes_hourly_summary: 98 rows available (VIEW)
psql:/workspaces/cia/service.data.impl/src/main/resources/extract-sample-data.sql:176: NOTICE:  View view_application_action_event_page_modes_weekly_summary: 79 rows available (VIEW)
psql:/workspaces/cia/service.data.impl/src/main/resources/extract-sample-data.sql:176: NOTICE:  View view_application_action_event_page_weekly_summary: 54 rows available (VIEW)
psql:/workspaces/cia/service.data.impl/src/main/resources/extract-sample-data.sql:176: NOTICE:  View view_audit_author_summary: 19 rows available (VIEW)
psql:/workspaces/cia/service.data.impl/src/main/resources/extract-sample-data.sql:176: NOTICE:  View view_audit_data_summary: 121 rows available (VIEW)
psql:/workspaces/cia/service.data.impl/src/main/resources/extract-sample-data.sql:176: NOTICE:  View view_committee_productivity: 28 rows available (VIEW)
psql:/workspaces/cia/service.data.impl/src/main/resources/extract-sample-data.sql:176: NOTICE:  View view_committee_productivity_matrix: 118 rows available (VIEW)
psql:/workspaces/cia/service.data.impl/src/main/resources/extract-sample-data.sql:176: NOTICE:  View view_document_data_committee_report_url: 4136 rows available (VIEW)
psql:/workspaces/cia/service.data.impl/src/main/resources/extract-sample-data.sql:176: NOTICE:  Skipping view_ministry_effectiveness_trends: empty VIEW
psql:/workspaces/cia/service.data.impl/src/main/resources/extract-sample-data.sql:176: NOTICE:  Skipping view_ministry_productivity_matrix: empty VIEW
psql:/workspaces/cia/service.data.impl/src/main/resources/extract-sample-data.sql:176: NOTICE:  Skipping view_ministry_risk_evolution: empty VIEW
psql:/workspaces/cia/service.data.impl/src/main/resources/extract-sample-data.sql:176: NOTICE:  View view_party_effectiveness_trends: 88 rows available (VIEW)
psql:/workspaces/cia/service.data.impl/src/main/resources/extract-sample-data.sql:176: NOTICE:  View view_party_performance_metrics: 40 rows available (VIEW)
psql:/workspaces/cia/service.data.impl/src/main/resources/extract-sample-data.sql:176: NOTICE:  View view_politician_behavioral_trends: 7354 rows available (VIEW)
psql:/workspaces/cia/service.data.impl/src/main/resources/extract-sample-data.sql:176: NOTICE:  Skipping view_politician_risk_summary: empty VIEW
psql:/workspaces/cia/service.data.impl/src/main/resources/extract-sample-data.sql:176: NOTICE:  Skipping view_riksdagen_coalition_alignment_matrix: empty VIEW
psql:/workspaces/cia/service.data.impl/src/main/resources/extract-sample-data.sql:176: NOTICE:  View view_riksdagen_committee: 28 rows available (VIEW)
psql:/workspaces/cia/service.data.impl/src/main/resources/extract-sample-data.sql:176: NOTICE:  View view_riksdagen_committee_ballot_decision_party_summary: 19231 rows available (MATERIALIZED VIEW)
psql:/workspaces/cia/service.data.impl/src/main/resources/extract-sample-data.sql:176: NOTICE:  View view_riksdagen_committee_ballot_decision_politician_summary: 872500 rows available (MATERIALIZED VIEW)
psql:/workspaces/cia/service.data.impl/src/main/resources/extract-sample-data.sql:176: NOTICE:  View view_riksdagen_committee_ballot_decision_summary: 2500 rows available (MATERIALIZED VIEW)
psql:/workspaces/cia/service.data.impl/src/main/resources/extract-sample-data.sql:176: NOTICE:  View view_riksdagen_committee_decision_type_org_summary: 4840 rows available (MATERIALIZED VIEW)
psql:/workspaces/cia/service.data.impl/src/main/resources/extract-sample-data.sql:176: NOTICE:  View view_riksdagen_committee_decision_type_summary: 3012 rows available (MATERIALIZED VIEW)
psql:/workspaces/cia/service.data.impl/src/main/resources/extract-sample-data.sql:176: NOTICE:  View view_riksdagen_committee_decisions: 29502 rows available (MATERIALIZED VIEW)
psql:/workspaces/cia/service.data.impl/src/main/resources/extract-sample-data.sql:176: NOTICE:  Skipping view_riksdagen_committee_parliament_member_proposal: empty VIEW
psql:/workspaces/cia/service.data.impl/src/main/resources/extract-sample-data.sql:176: NOTICE:  View view_riksdagen_committee_role_member: 18911 rows available (VIEW)
psql:/workspaces/cia/service.data.impl/src/main/resources/extract-sample-data.sql:176: NOTICE:  View view_riksdagen_committee_roles: 152 rows available (VIEW)
psql:/workspaces/cia/service.data.impl/src/main/resources/extract-sample-data.sql:176: NOTICE:  Skipping view_riksdagen_crisis_resilience_indicators: empty VIEW
psql:/workspaces/cia/service.data.impl/src/main/resources/extract-sample-data.sql:176: NOTICE:  View view_riksdagen_document_type_daily_summary: 41394 rows available (MATERIALIZED VIEW)
psql:/workspaces/cia/service.data.impl/src/main/resources/extract-sample-data.sql:176: NOTICE:  View view_riksdagen_goverment: 20 rows available (VIEW)
psql:/workspaces/cia/service.data.impl/src/main/resources/extract-sample-data.sql:176: NOTICE:  Skipping view_riksdagen_goverment_proposals: empty VIEW
psql:/workspaces/cia/service.data.impl/src/main/resources/extract-sample-data.sql:176: NOTICE:  View view_riksdagen_goverment_role_member: 467 rows available (VIEW)
psql:/workspaces/cia/service.data.impl/src/main/resources/extract-sample-data.sql:176: NOTICE:  View view_riksdagen_goverment_roles: 71 rows available (VIEW)
psql:/workspaces/cia/service.data.impl/src/main/resources/extract-sample-data.sql:176: NOTICE:  View view_riksdagen_intelligence_dashboard: 1 rows available (VIEW)
psql:/workspaces/cia/service.data.impl/src/main/resources/extract-sample-data.sql:176: NOTICE:  Skipping view_riksdagen_member_proposals: empty VIEW
psql:/workspaces/cia/service.data.impl/src/main/resources/extract-sample-data.sql:176: NOTICE:  View view_riksdagen_org_document_daily_summary: 85888 rows available (MATERIALIZED VIEW)
psql:/workspaces/cia/service.data.impl/src/main/resources/extract-sample-data.sql:176: NOTICE:  View view_riksdagen_party: 12 rows available (VIEW)
psql:/workspaces/cia/service.data.impl/src/main/resources/extract-sample-data.sql:176: NOTICE:  View view_riksdagen_party_ballot_support_annual_summary: 12624 rows available (VIEW)
psql:/workspaces/cia/service.data.impl/src/main/resources/extract-sample-data.sql:176: NOTICE:  View view_riksdagen_party_coalation_against_annual_summary: 257 rows available (VIEW)
psql:/workspaces/cia/service.data.impl/src/main/resources/extract-sample-data.sql:176: NOTICE:  View view_riksdagen_party_document_daily_summary: 6252 rows available (MATERIALIZED VIEW)
psql:/workspaces/cia/service.data.impl/src/main/resources/extract-sample-data.sql:176: NOTICE:  View view_riksdagen_party_document_summary: 10 rows available (VIEW)
psql:/workspaces/cia/service.data.impl/src/main/resources/extract-sample-data.sql:176: NOTICE:  View view_riksdagen_party_member: 2421 rows available (VIEW)
psql:/workspaces/cia/service.data.impl/src/main/resources/extract-sample-data.sql:176: NOTICE:  View view_riksdagen_party_momentum_analysis: 423 rows available (VIEW)
psql:/workspaces/cia/service.data.impl/src/main/resources/extract-sample-data.sql:176: NOTICE:  View view_riksdagen_party_role_member: 288 rows available (VIEW)
psql:/workspaces/cia/service.data.impl/src/main/resources/extract-sample-data.sql:176: NOTICE:  View view_riksdagen_party_signatures_document_summary: 9 rows available (VIEW)
psql:/workspaces/cia/service.data.impl/src/main/resources/extract-sample-data.sql:176: NOTICE:  View view_riksdagen_party_summary: 13 rows available (VIEW)
psql:/workspaces/cia/service.data.impl/src/main/resources/extract-sample-data.sql:176: NOTICE:  View view_riksdagen_person_signed_document_summary: 1585 rows available (VIEW)
psql:/workspaces/cia/service.data.impl/src/main/resources/extract-sample-data.sql:176: NOTICE:  View view_riksdagen_politician: 2068 rows available (VIEW)
psql:/workspaces/cia/service.data.impl/src/main/resources/extract-sample-data.sql:176: NOTICE:  View view_riksdagen_politician_ballot_summary: 2421 rows available (VIEW)
psql:/workspaces/cia/service.data.impl/src/main/resources/extract-sample-data.sql:176: NOTICE:  View view_riksdagen_politician_document: 110684 rows available (MATERIALIZED VIEW)
psql:/workspaces/cia/service.data.impl/src/main/resources/extract-sample-data.sql:176: NOTICE:  View view_riksdagen_politician_document_daily_summary: 37467 rows available (MATERIALIZED VIEW)
psql:/workspaces/cia/service.data.impl/src/main/resources/extract-sample-data.sql:176: NOTICE:  View view_riksdagen_politician_document_summary: 1314 rows available (MATERIALIZED VIEW)
psql:/workspaces/cia/service.data.impl/src/main/resources/extract-sample-data.sql:176: NOTICE:  View view_riksdagen_politician_experience_summary: 2082 rows available (VIEW)
psql:/workspaces/cia/service.data.impl/src/main/resources/extract-sample-data.sql:176: NOTICE:  Skipping view_riksdagen_politician_influence_metrics: empty VIEW
psql:/workspaces/cia/service.data.impl/src/main/resources/extract-sample-data.sql:176: NOTICE:  View view_riksdagen_vote_data_ballot_party_summary: 83408 rows available (MATERIALIZED VIEW)
psql:/workspaces/cia/service.data.impl/src/main/resources/extract-sample-data.sql:176: NOTICE:  View view_riksdagen_vote_data_ballot_party_summary_annual: 201 rows available (MATERIALIZED VIEW)
psql:/workspaces/cia/service.data.impl/src/main/resources/extract-sample-data.sql:176: NOTICE:  View view_riksdagen_vote_data_ballot_party_summary_daily: 10333 rows available (MATERIALIZED VIEW)
psql:/workspaces/cia/service.data.impl/src/main/resources/extract-sample-data.sql:176: NOTICE:  View view_riksdagen_vote_data_ballot_party_summary_monthly: 1741 rows available (MATERIALIZED VIEW)
psql:/workspaces/cia/service.data.impl/src/main/resources/extract-sample-data.sql:176: NOTICE:  View view_riksdagen_vote_data_ballot_party_summary_weekly: 5263 rows available (MATERIALIZED VIEW)
psql:/workspaces/cia/service.data.impl/src/main/resources/extract-sample-data.sql:176: NOTICE:  View view_riksdagen_vote_data_ballot_politician_summary: 3530762 rows available (MATERIALIZED VIEW)
psql:/workspaces/cia/service.data.impl/src/main/resources/extract-sample-data.sql:176: NOTICE:  View view_riksdagen_vote_data_ballot_politician_summary_annual: 9629 rows available (MATERIALIZED VIEW)
psql:/workspaces/cia/service.data.impl/src/main/resources/extract-sample-data.sql:176: NOTICE:  View view_riksdagen_vote_data_ballot_politician_summary_daily: 448172 rows available (MATERIALIZED VIEW)
psql:/workspaces/cia/service.data.impl/src/main/resources/extract-sample-data.sql:176: NOTICE:  View view_riksdagen_vote_data_ballot_politician_summary_monthly: 74881 rows available (MATERIALIZED VIEW)
psql:/workspaces/cia/service.data.impl/src/main/resources/extract-sample-data.sql:176: NOTICE:  View view_riksdagen_vote_data_ballot_politician_summary_weekly: 226232 rows available (MATERIALIZED VIEW)
psql:/workspaces/cia/service.data.impl/src/main/resources/extract-sample-data.sql:176: NOTICE:  View view_riksdagen_vote_data_ballot_summary: 10118 rows available (MATERIALIZED VIEW)
psql:/workspaces/cia/service.data.impl/src/main/resources/extract-sample-data.sql:176: NOTICE:  View view_riksdagen_vote_data_ballot_summary_annual: 24 rows available (MATERIALIZED VIEW)
psql:/workspaces/cia/service.data.impl/src/main/resources/extract-sample-data.sql:176: NOTICE:  View view_riksdagen_vote_data_ballot_summary_daily: 1283 rows available (MATERIALIZED VIEW)
psql:/workspaces/cia/service.data.impl/src/main/resources/extract-sample-data.sql:176: NOTICE:  View view_riksdagen_vote_data_ballot_summary_monthly: 213 rows available (MATERIALIZED VIEW)
psql:/workspaces/cia/service.data.impl/src/main/resources/extract-sample-data.sql:176: NOTICE:  View view_riksdagen_vote_data_ballot_summary_weekly: 647 rows available (MATERIALIZED VIEW)
psql:/workspaces/cia/service.data.impl/src/main/resources/extract-sample-data.sql:176: NOTICE:  Skipping view_riksdagen_voting_anomaly_detection: empty VIEW
psql:/workspaces/cia/service.data.impl/src/main/resources/extract-sample-data.sql:176: NOTICE:  Skipping view_risk_score_evolution: empty VIEW
psql:/workspaces/cia/service.data.impl/src/main/resources/extract-sample-data.sql:176: NOTICE:  View view_worldbank_indicator_data_country_summary: 3827 rows available (MATERIALIZED VIEW)
psql:/workspaces/cia/service.data.impl/src/main/resources/extract-sample-data.sql:176: NOTICE:  
psql:/workspaces/cia/service.data.impl/src/main/resources/extract-sample-data.sql:176: NOTICE:  View analysis summary:
psql:/workspaces/cia/service.data.impl/src/main/resources/extract-sample-data.sql:176: NOTICE:    Views with data: 70
psql:/workspaces/cia/service.data.impl/src/main/resources/extract-sample-data.sql:176: NOTICE:    Empty views: 12
psql:/workspaces/cia/service.data.impl/src/main/resources/extract-sample-data.sql:176: NOTICE:  
DO
Time: 12097.084 ms (00:12.097)
Extracting sample data from regular views...

COPY 50
Time: 2.213 ms
COPY 1
Time: 0.235 ms
COPY 31
Time: 0.568 ms
COPY 50
Time: 0.531 ms
COPY 50
Time: 0.601 ms
COPY 50
Time: 0.622 ms
COPY 50
Time: 0.593 ms
COPY 50
Time: 0.602 ms
COPY 50
Time: 0.511 ms
COPY 50
Time: 0.554 ms
COPY 50
Time: 0.588 ms
COPY 50
Time: 0.622 ms
COPY 50
Time: 0.671 ms
COPY 50
Time: 0.517 ms
COPY 19
Time: 332.430 ms
COPY 50
Time: 1.391 ms
COPY 28
Time: 231.748 ms
COPY 50
Time: 201.434 ms
COPY 50
Time: 7.378 ms
COPY 0
Time: 1.228 ms
COPY 0
Time: 0.935 ms
COPY 0
Time: 0.915 ms
COPY 50
Time: 68.454 ms
COPY 40
Time: 10.947 ms
COPY 50
Time: 115.416 ms
COPY 0
Time: 2.165 ms
COPY 0
Time: 0.601 ms
COPY 28
Time: 271.125 ms
COPY 0
Time: 6.509 ms
COPY 50
Time: 99.764 ms
COPY 50
Time: 7.736 ms
COPY 0
Time: 1424.433 ms (00:01.424)
COPY 20
Time: 388.269 ms
COPY 0
Time: 6.029 ms
COPY 50
Time: 18.670 ms
COPY 50
Time: 6.089 ms
COPY 1
Time: 13778.691 ms (00:13.779)
COPY 0
Time: 51.469 ms
COPY 12
Time: 12.080 ms
COPY 50
Time: 1554.948 ms (00:01.555)
COPY 50
Time: 14.600 ms
COPY 10
Time: 19.982 ms
COPY 50
Time: 5.385 ms
COPY 50
Time: 3972.257 ms (00:03.972)
COPY 50
Time: 17.556 ms
COPY 9
Time: 43.339 ms
COPY 13
Time: 115.602 ms
COPY 50
Time: 31.706 ms
COPY 50
Time: 116.043 ms
COPY 50
Time: 35.858 ms
COPY 50
Time: 446.916 ms
COPY 0
Time: 2.487 ms
COPY 0
Time: 1.382 ms
COPY 0
Time: 1.752 ms
Time: 0.699 ms
Extracting sample data from materialized views...

COPY 50
Time: 31.149 ms
COPY 50
Time: 1682.782 ms (00:01.683)
COPY 50
Time: 14.346 ms
COPY 50
Time: 1.647 ms
COPY 50
Time: 0.950 ms
COPY 50
Time: 17.165 ms
COPY 50
Time: 8.403 ms
COPY 50
Time: 18.417 ms
COPY 50
Time: 1.814 ms
COPY 50
Time: 63.099 ms
COPY 50
Time: 8.348 ms
COPY 50
Time: 1.289 ms
COPY 50
Time: 75.251 ms
COPY 50
Time: 2.718 ms
COPY 50
Time: 21.239 ms
COPY 50
Time: 7.132 ms
COPY 50
Time: 14.443 ms
COPY 50
Time: 3632.593 ms (00:03.633)
COPY 50
Time: 12.166 ms
COPY 50
Time: 613.477 ms
COPY 50
Time: 122.794 ms
COPY 50
Time: 274.421 ms
COPY 50
Time: 20.678 ms
COPY 24
Time: 0.468 ms
COPY 50
Time: 1.281 ms
COPY 50
Time: 0.557 ms
COPY 50
Time: 0.865 ms
COPY 50
Time: 2.993 ms
Time: 0.693 ms

==========================================
=== GENERATING MANIFEST FILE          ===
==========================================
COPY 117
Time: 22.353 ms

==========================================
=== GENERATING VIEW COLUMN MAPPING    ===
==========================================
COPY 854
Time: 59.048 ms

==========================================
=== EXTRACTING DISTINCT VALUE SETS    ===
==========================================
Extracting distinct party values...
COPY 17
Time: 1.628 ms
Extracting distinct org_code values...
COPY 91
Time: 6.412 ms
Extracting distinct role_code values...
COPY 71
Time: 5.945 ms
Extracting distinct assignment status values...
COPY 5
Time: 5.791 ms
Extracting distinct document types...
COPY 3
Time: 11.724 ms
Extracting distinct document org values...
COPY 70
Time: 11.101 ms
Extracting distinct vote values...
COPY 36
Time: 472.063 ms
Extracting political party list...
COPY 40
Time: 0.307 ms

Distinct value extraction summary:
  - distinct_party_values.csv: Party distribution
  - distinct_org_code_values.csv: Organization codes
  - distinct_role_code_values.csv: Role codes
  - distinct_assignment_status_values.csv: Assignment statuses
  - distinct_document_type_values.csv: Document types
  - distinct_document_org_values.csv: Document organizations
  - distinct_vote_values.csv: Vote patterns by party
  - distinct_political_parties.csv: Complete party list


==================================================
Sample data extraction completed
Finished: Fri Nov 21 11:53:41 AM CET 2025
==================================================

Generated files:
  - table_*_sample.csv: Sample data from tables
  - view_*_sample.csv: Sample data from views
  - sample_data_manifest.csv: Metadata about extracted files
  - view_column_mapping.csv: Column mappings for views
  - distinct_*_values.csv: Distinct values with counts for important columns

To reload sample data:
  1. Review the CSV files
  2. Use COPY FROM to import: 
     copy table_name FROM 'table_name_sample.csv' WITH CSV HEADER;

For troubleshooting empty views, see:
  - TROUBLESHOOTING_EMPTY_VIEWS.md
  - view_column_mapping.csv for required columns

Timing is off.
