Timing is on.
=======================================
Materialized View Refresh Script
Started at: Fri Nov 21 02:21:16 PM CET 2025
=======================================

--- VALIDATION PHASE ---
Checking that all materialized views exist...
psql:service.data.impl/src/main/resources/refresh-all-views.sql:86: NOTICE:  ✓ View exists: view_worldbank_indicator_data_country_summary
psql:service.data.impl/src/main/resources/refresh-all-views.sql:86: NOTICE:  ✓ View exists: view_riksdagen_politician_document
psql:service.data.impl/src/main/resources/refresh-all-views.sql:86: NOTICE:  ✓ View exists: view_riksdagen_org_document_daily_summary
psql:service.data.impl/src/main/resources/refresh-all-views.sql:86: NOTICE:  ✓ View exists: view_riksdagen_document_type_daily_summary
psql:service.data.impl/src/main/resources/refresh-all-views.sql:86: NOTICE:  ✓ View exists: view_riksdagen_committee_decisions
psql:service.data.impl/src/main/resources/refresh-all-views.sql:86: NOTICE:  ✓ View exists: view_riksdagen_vote_data_ballot_summary
psql:service.data.impl/src/main/resources/refresh-all-views.sql:86: NOTICE:  ✓ View exists: view_riksdagen_vote_data_ballot_summary_daily
psql:service.data.impl/src/main/resources/refresh-all-views.sql:86: NOTICE:  ✓ View exists: view_riksdagen_committee_ballot_decision_summary
psql:service.data.impl/src/main/resources/refresh-all-views.sql:86: NOTICE:  ✓ View exists: view_riksdagen_vote_data_ballot_party_summary
psql:service.data.impl/src/main/resources/refresh-all-views.sql:86: NOTICE:  ✓ View exists: view_riksdagen_vote_data_ballot_party_summary_daily
psql:service.data.impl/src/main/resources/refresh-all-views.sql:86: NOTICE:  ✓ View exists: view_riksdagen_vote_data_ballot_party_summary_monthly
psql:service.data.impl/src/main/resources/refresh-all-views.sql:86: NOTICE:  ✓ View exists: view_riksdagen_vote_data_ballot_party_summary_weekly
psql:service.data.impl/src/main/resources/refresh-all-views.sql:86: NOTICE:  ✓ View exists: view_riksdagen_vote_data_ballot_party_summary_annual
psql:service.data.impl/src/main/resources/refresh-all-views.sql:86: NOTICE:  ✓ View exists: view_riksdagen_vote_data_ballot_summary_annual
psql:service.data.impl/src/main/resources/refresh-all-views.sql:86: NOTICE:  ✓ View exists: view_riksdagen_vote_data_ballot_summary_monthly
psql:service.data.impl/src/main/resources/refresh-all-views.sql:86: NOTICE:  ✓ View exists: view_riksdagen_vote_data_ballot_summary_weekly
psql:service.data.impl/src/main/resources/refresh-all-views.sql:86: NOTICE:  ✓ View exists: view_riksdagen_vote_data_ballot_politician_summary
psql:service.data.impl/src/main/resources/refresh-all-views.sql:86: NOTICE:  ✓ View exists: view_riksdagen_vote_data_ballot_politician_summary_daily
psql:service.data.impl/src/main/resources/refresh-all-views.sql:86: NOTICE:  ✓ View exists: view_riksdagen_vote_data_ballot_politician_summary_annual
psql:service.data.impl/src/main/resources/refresh-all-views.sql:86: NOTICE:  ✓ View exists: view_riksdagen_vote_data_ballot_politician_summary_monthly
psql:service.data.impl/src/main/resources/refresh-all-views.sql:86: NOTICE:  ✓ View exists: view_riksdagen_vote_data_ballot_politician_summary_weekly
psql:service.data.impl/src/main/resources/refresh-all-views.sql:86: NOTICE:  ✓ View exists: view_riksdagen_committee_ballot_decision_party_summary
psql:service.data.impl/src/main/resources/refresh-all-views.sql:86: NOTICE:  ✓ View exists: view_riksdagen_committee_ballot_decision_politician_summary
psql:service.data.impl/src/main/resources/refresh-all-views.sql:86: NOTICE:  ✓ View exists: view_riksdagen_committee_decision_type_org_summary
psql:service.data.impl/src/main/resources/refresh-all-views.sql:86: NOTICE:  ✓ View exists: view_riksdagen_committee_decision_type_summary
psql:service.data.impl/src/main/resources/refresh-all-views.sql:86: NOTICE:  ✓ View exists: view_riksdagen_party_document_daily_summary
psql:service.data.impl/src/main/resources/refresh-all-views.sql:86: NOTICE:  ✓ View exists: view_riksdagen_politician_document_daily_summary
psql:service.data.impl/src/main/resources/refresh-all-views.sql:86: NOTICE:  ✓ View exists: view_riksdagen_politician_document_summary
psql:service.data.impl/src/main/resources/refresh-all-views.sql:86: NOTICE:  Validation passed: All 28 views exist
DO
Time: 4.554 ms

--- REFRESH PHASE ---
Refreshing materialized views in dependency order...

psql:service.data.impl/src/main/resources/refresh-all-views.sql:166: NOTICE:  Refreshing: view_worldbank_indicator_data_country_summary...
psql:service.data.impl/src/main/resources/refresh-all-views.sql:166: NOTICE:  ✓ Refreshed view_worldbank_indicator_data_country_summary in 00:00:08.551252
psql:service.data.impl/src/main/resources/refresh-all-views.sql:166: NOTICE:  Refreshing: view_riksdagen_politician_document...
psql:service.data.impl/src/main/resources/refresh-all-views.sql:166: NOTICE:  ✓ Refreshed view_riksdagen_politician_document in 00:00:03.693866
psql:service.data.impl/src/main/resources/refresh-all-views.sql:166: NOTICE:  Refreshing: view_riksdagen_org_document_daily_summary...
psql:service.data.impl/src/main/resources/refresh-all-views.sql:166: NOTICE:  ✓ Refreshed view_riksdagen_org_document_daily_summary in 00:00:00.314884
psql:service.data.impl/src/main/resources/refresh-all-views.sql:166: NOTICE:  Refreshing: view_riksdagen_document_type_daily_summary...
psql:service.data.impl/src/main/resources/refresh-all-views.sql:166: NOTICE:  ✓ Refreshed view_riksdagen_document_type_daily_summary in 00:00:00.230265
psql:service.data.impl/src/main/resources/refresh-all-views.sql:166: NOTICE:  Refreshing: view_riksdagen_committee_decisions...
psql:service.data.impl/src/main/resources/refresh-all-views.sql:166: NOTICE:  ✓ Refreshed view_riksdagen_committee_decisions in 00:00:02.785182
psql:service.data.impl/src/main/resources/refresh-all-views.sql:166: NOTICE:  Refreshing: view_riksdagen_vote_data_ballot_summary...
psql:service.data.impl/src/main/resources/refresh-all-views.sql:166: NOTICE:  ✓ Refreshed view_riksdagen_vote_data_ballot_summary in 00:01:23.545778
psql:service.data.impl/src/main/resources/refresh-all-views.sql:166: NOTICE:  Refreshing: view_riksdagen_committee_ballot_decision_summary...
psql:service.data.impl/src/main/resources/refresh-all-views.sql:166: NOTICE:  ✓ Refreshed view_riksdagen_committee_ballot_decision_summary in 00:00:00.028832
psql:service.data.impl/src/main/resources/refresh-all-views.sql:166: NOTICE:  Refreshing: view_riksdagen_vote_data_ballot_party_summary...
psql:service.data.impl/src/main/resources/refresh-all-views.sql:166: NOTICE:  ✓ Refreshed view_riksdagen_vote_data_ballot_party_summary in 00:00:03.74144
psql:service.data.impl/src/main/resources/refresh-all-views.sql:166: NOTICE:  Refreshing: view_riksdagen_vote_data_ballot_politician_summary...
psql:service.data.impl/src/main/resources/refresh-all-views.sql:166: NOTICE:  ✓ Refreshed view_riksdagen_vote_data_ballot_politician_summary in 00:01:14.449723
psql:service.data.impl/src/main/resources/refresh-all-views.sql:166: NOTICE:  Refreshing: view_riksdagen_vote_data_ballot_summary_daily...
psql:service.data.impl/src/main/resources/refresh-all-views.sql:166: NOTICE:  ✓ Refreshed view_riksdagen_vote_data_ballot_summary_daily in 00:00:00.025954
psql:service.data.impl/src/main/resources/refresh-all-views.sql:166: NOTICE:  Refreshing: view_riksdagen_vote_data_ballot_summary_weekly...
psql:service.data.impl/src/main/resources/refresh-all-views.sql:166: NOTICE:  ✓ Refreshed view_riksdagen_vote_data_ballot_summary_weekly in 00:00:00.029475
psql:service.data.impl/src/main/resources/refresh-all-views.sql:166: NOTICE:  Refreshing: view_riksdagen_vote_data_ballot_summary_monthly...
psql:service.data.impl/src/main/resources/refresh-all-views.sql:166: NOTICE:  ✓ Refreshed view_riksdagen_vote_data_ballot_summary_monthly in 00:00:00.008459
psql:service.data.impl/src/main/resources/refresh-all-views.sql:166: NOTICE:  Refreshing: view_riksdagen_vote_data_ballot_summary_annual...
psql:service.data.impl/src/main/resources/refresh-all-views.sql:166: NOTICE:  ✓ Refreshed view_riksdagen_vote_data_ballot_summary_annual in 00:00:00.010373
psql:service.data.impl/src/main/resources/refresh-all-views.sql:166: NOTICE:  Refreshing: view_riksdagen_vote_data_ballot_party_summary_daily...
psql:service.data.impl/src/main/resources/refresh-all-views.sql:166: NOTICE:  ✓ Refreshed view_riksdagen_vote_data_ballot_party_summary_daily in 00:00:00.257409
psql:service.data.impl/src/main/resources/refresh-all-views.sql:166: NOTICE:  Refreshing: view_riksdagen_vote_data_ballot_party_summary_weekly...
psql:service.data.impl/src/main/resources/refresh-all-views.sql:166: NOTICE:  ✓ Refreshed view_riksdagen_vote_data_ballot_party_summary_weekly in 00:00:00.07668
psql:service.data.impl/src/main/resources/refresh-all-views.sql:166: NOTICE:  Refreshing: view_riksdagen_vote_data_ballot_party_summary_monthly...
psql:service.data.impl/src/main/resources/refresh-all-views.sql:166: NOTICE:  ✓ Refreshed view_riksdagen_vote_data_ballot_party_summary_monthly in 00:00:00.086733
psql:service.data.impl/src/main/resources/refresh-all-views.sql:166: NOTICE:  Refreshing: view_riksdagen_vote_data_ballot_party_summary_annual...
psql:service.data.impl/src/main/resources/refresh-all-views.sql:166: NOTICE:  ✓ Refreshed view_riksdagen_vote_data_ballot_party_summary_annual in 00:00:00.026005
psql:service.data.impl/src/main/resources/refresh-all-views.sql:166: NOTICE:  Refreshing: view_riksdagen_vote_data_ballot_politician_summary_daily...
psql:service.data.impl/src/main/resources/refresh-all-views.sql:166: NOTICE:  ✓ Refreshed view_riksdagen_vote_data_ballot_politician_summary_daily in 00:00:23.121089
psql:service.data.impl/src/main/resources/refresh-all-views.sql:166: NOTICE:  Refreshing: view_riksdagen_vote_data_ballot_politician_summary_weekly...
psql:service.data.impl/src/main/resources/refresh-all-views.sql:166: NOTICE:  ✓ Refreshed view_riksdagen_vote_data_ballot_politician_summary_weekly in 00:00:06.473425
psql:service.data.impl/src/main/resources/refresh-all-views.sql:166: NOTICE:  Refreshing: view_riksdagen_vote_data_ballot_politician_summary_monthly...
psql:service.data.impl/src/main/resources/refresh-all-views.sql:166: NOTICE:  ✓ Refreshed view_riksdagen_vote_data_ballot_politician_summary_monthly in 00:00:02.248178
psql:service.data.impl/src/main/resources/refresh-all-views.sql:166: NOTICE:  Refreshing: view_riksdagen_vote_data_ballot_politician_summary_annual...
psql:service.data.impl/src/main/resources/refresh-all-views.sql:166: NOTICE:  ✓ Refreshed view_riksdagen_vote_data_ballot_politician_summary_annual in 00:00:00.71597
psql:service.data.impl/src/main/resources/refresh-all-views.sql:166: NOTICE:  Refreshing: view_riksdagen_committee_ballot_decision_party_summary...
psql:service.data.impl/src/main/resources/refresh-all-views.sql:166: NOTICE:  ✓ Refreshed view_riksdagen_committee_ballot_decision_party_summary in 00:00:00.095233
psql:service.data.impl/src/main/resources/refresh-all-views.sql:166: NOTICE:  Refreshing: view_riksdagen_committee_ballot_decision_politician_summary...
psql:service.data.impl/src/main/resources/refresh-all-views.sql:166: NOTICE:  ✓ Refreshed view_riksdagen_committee_ballot_decision_politician_summary in 00:00:22.242761
psql:service.data.impl/src/main/resources/refresh-all-views.sql:166: NOTICE:  Refreshing: view_riksdagen_committee_decision_type_org_summary...
psql:service.data.impl/src/main/resources/refresh-all-views.sql:166: NOTICE:  ✓ Refreshed view_riksdagen_committee_decision_type_org_summary in 00:00:00.037721
psql:service.data.impl/src/main/resources/refresh-all-views.sql:166: NOTICE:  Refreshing: view_riksdagen_committee_decision_type_summary...
psql:service.data.impl/src/main/resources/refresh-all-views.sql:166: NOTICE:  ✓ Refreshed view_riksdagen_committee_decision_type_summary in 00:00:00.050226
psql:service.data.impl/src/main/resources/refresh-all-views.sql:166: NOTICE:  Refreshing: view_riksdagen_party_document_daily_summary...
psql:service.data.impl/src/main/resources/refresh-all-views.sql:166: NOTICE:  ✓ Refreshed view_riksdagen_party_document_daily_summary in 00:00:00.184833
psql:service.data.impl/src/main/resources/refresh-all-views.sql:166: NOTICE:  Refreshing: view_riksdagen_politician_document_daily_summary...
psql:service.data.impl/src/main/resources/refresh-all-views.sql:166: NOTICE:  ✓ Refreshed view_riksdagen_politician_document_daily_summary in 00:00:00.071918
psql:service.data.impl/src/main/resources/refresh-all-views.sql:166: NOTICE:  Refreshing: view_riksdagen_politician_document_summary...
psql:service.data.impl/src/main/resources/refresh-all-views.sql:166: NOTICE:  ✓ Refreshed view_riksdagen_politician_document_summary in 00:00:00.192816
psql:service.data.impl/src/main/resources/refresh-all-views.sql:166: NOTICE:  
psql:service.data.impl/src/main/resources/refresh-all-views.sql:166: NOTICE:  ===========================================
psql:service.data.impl/src/main/resources/refresh-all-views.sql:166: NOTICE:  --- REFRESH SUMMARY ---
psql:service.data.impl/src/main/resources/refresh-all-views.sql:166: NOTICE:  ===========================================
psql:service.data.impl/src/main/resources/refresh-all-views.sql:166: NOTICE:  Total views: 28
psql:service.data.impl/src/main/resources/refresh-all-views.sql:166: NOTICE:  Successful: 28
psql:service.data.impl/src/main/resources/refresh-all-views.sql:166: NOTICE:  Failed: 0
psql:service.data.impl/src/main/resources/refresh-all-views.sql:166: NOTICE:  ===========================================
DO
Time: 233460.015 ms (03:53.460)

=======================================
Refresh script completed
Finished at: Fri Nov 21 02:25:10 PM CET 2025
=======================================
